CRITICAL - 2025-03-21 11:23:47 --> ErrorException: Undefined array key 0
[Method: POST, Route: modificar-usuario2]
in APPPATH\Views\modificar-usuario2.php on line 303.
 1 APPPATH\Views\modificar-usuario2.php(303): CodeIgniter\Debug\Exceptions->errorHandler(2, 'Undefined array key 0', 'C:\\xampp\\htdocs\\cosas\\Prueba\\app\\Views\\modificar-usuario2.php', 303)
 2 SYSTEMPATH\View\View.php(234): include('C:\\xampp\\htdocs\\cosas\\Prueba\\app\\Views\\modificar-usuario2.php')
 3 SYSTEMPATH\View\View.php(237): CodeIgniter\View\View->CodeIgniter\View\{closure}()
 4 SYSTEMPATH\Common.php(1169): CodeIgniter\View\View->render('modificar-usuario2', [], true)
 5 APPPATH\Controllers\UserController.php(132): view('modificar-usuario2', [...])
 6 SYSTEMPATH\CodeIgniter.php(933): App\Controllers\UserController->VistaModificar2()
 7 SYSTEMPATH\CodeIgniter.php(509): CodeIgniter\CodeIgniter->runController(Object(App\Controllers\UserController))
 8 SYSTEMPATH\CodeIgniter.php(355): CodeIgniter\CodeIgniter->handleRequest(null, Object(Config\Cache), false)
 9 SYSTEMPATH\Boot.php(325): CodeIgniter\CodeIgniter->run()
10 SYSTEMPATH\Boot.php(67): CodeIgniter\Boot::runCodeIgniter(Object(CodeIgniter\CodeIgniter))
11 FCPATH\index.php(56): CodeIgniter\Boot::bootWeb(Object(Config\Paths))
CRITICAL - 2025-03-21 11:23:50 --> ErrorException: Undefined array key 0
[Method: POST, Route: modificar-usuario2]
in APPPATH\Views\modificar-usuario2.php on line 303.
 1 APPPATH\Views\modificar-usuario2.php(303): CodeIgniter\Debug\Exceptions->errorHandler(2, 'Undefined array key 0', 'C:\\xampp\\htdocs\\cosas\\Prueba\\app\\Views\\modificar-usuario2.php', 303)
 2 SYSTEMPATH\View\View.php(234): include('C:\\xampp\\htdocs\\cosas\\Prueba\\app\\Views\\modificar-usuario2.php')
 3 SYSTEMPATH\View\View.php(237): CodeIgniter\View\View->CodeIgniter\View\{closure}()
 4 SYSTEMPATH\Common.php(1169): CodeIgniter\View\View->render('modificar-usuario2', [], true)
 5 APPPATH\Controllers\UserController.php(132): view('modificar-usuario2', [...])
 6 SYSTEMPATH\CodeIgniter.php(933): App\Controllers\UserController->VistaModificar2()
 7 SYSTEMPATH\CodeIgniter.php(509): CodeIgniter\CodeIgniter->runController(Object(App\Controllers\UserController))
 8 SYSTEMPATH\CodeIgniter.php(355): CodeIgniter\CodeIgniter->handleRequest(null, Object(Config\Cache), false)
 9 SYSTEMPATH\Boot.php(325): CodeIgniter\CodeIgniter->run()
10 SYSTEMPATH\Boot.php(67): CodeIgniter\Boot::runCodeIgniter(Object(CodeIgniter\CodeIgniter))
11 FCPATH\index.php(56): CodeIgniter\Boot::bootWeb(Object(Config\Paths))
