CRITICAL - 2025-03-14 11:07:16 --> ErrorException: Undefined array key "Verificado"
[Method: POST, Route: login]
in APPPATH\Controllers\AuthController.php on line 28.
 1 APPPATH\Controllers\AuthController.php(28): CodeIgniter\Debug\Exceptions->errorHandler(2, 'Undefined array key "Verificado"', 'C:\\xampp\\htdocs\\cosas\\Prueba\\app\\Controllers\\AuthController.php', 28)
 2 SYSTEMPATH\CodeIgniter.php(933): App\Controllers\AuthController->loginUser()
 3 SYSTEMPATH\CodeIgniter.php(509): CodeIgniter\CodeIgniter->runController(Object(App\Controllers\AuthController))
 4 SYSTEMPATH\CodeIgniter.php(355): CodeIgniter\CodeIgniter->handleRequest(null, Object(Config\Cache), false)
 5 SYSTEMPATH\Boot.php(325): CodeIgniter\CodeIgniter->run()
 6 SYSTEMPATH\Boot.php(67): CodeIgniter\Boot::runCodeIgniter(Object(CodeIgniter\CodeIgniter))
 7 FCPATH\index.php(56): CodeIgniter\Boot::bootWeb(Object(Config\Paths))
CRITICAL - 2025-03-14 11:07:32 --> ErrorException: Undefined array key "Verificado"
[Method: POST, Route: login]
in APPPATH\Controllers\AuthController.php on line 28.
 1 APPPATH\Controllers\AuthController.php(28): CodeIgniter\Debug\Exceptions->errorHandler(2, 'Undefined array key "Verificado"', 'C:\\xampp\\htdocs\\cosas\\Prueba\\app\\Controllers\\AuthController.php', 28)
 2 SYSTEMPATH\CodeIgniter.php(933): App\Controllers\AuthController->loginUser()
 3 SYSTEMPATH\CodeIgniter.php(509): CodeIgniter\CodeIgniter->runController(Object(App\Controllers\AuthController))
 4 SYSTEMPATH\CodeIgniter.php(355): CodeIgniter\CodeIgniter->handleRequest(null, Object(Config\Cache), false)
 5 SYSTEMPATH\Boot.php(325): CodeIgniter\CodeIgniter->run()
 6 SYSTEMPATH\Boot.php(67): CodeIgniter\Boot::runCodeIgniter(Object(CodeIgniter\CodeIgniter))
 7 FCPATH\index.php(56): CodeIgniter\Boot::bootWeb(Object(Config\Paths))
