ERROR - 2025-03-07 10:35:41 --> Email: Unable to send email using SMTP. Your server might not be configured to send mail using this method.
ERROR - 2025-03-07 10:35:41 --> 220 smtp-relay.brevo.com ESMTP Service Ready

hello: 250-Hello localhost
250-PIPELINING
250-8BITMIME
250-ENHANCEDSTATUSCODES
250-CHUNKING
250-STARTTLS
250-AUTH PLAIN LOGIN CRAM-MD5
250 SIZE 20971520

starttls: 220 2.0.0 Ready to start TLS

hello: 250-Hello localhost
250-PIPELINING
250-8BITMIME
250-ENHANCEDSTATUSCODES
250-CHUNKING
250-AUTH CRAM-MD5 PLAIN LOGIN
250 SIZE 20971520

Failed to authenticate password. Error: 535 5.7.8 Authentication failed

ERROR - 2025-03-07 10:39:04 --> Email: Unable to send email using SMTP. Your server might not be configured to send mail using this method.
ERROR - 2025-03-07 10:39:04 --> 220 smtp-relay.brevo.com ESMTP Service Ready

hello: 250-Hello localhost
250-PIPELINING
250-8BITMIME
250-ENHANCEDSTATUSCODES
250-CHUNKING
250-STARTTLS
250-AUTH PLAIN LOGIN CRAM-MD5
250 SIZE 20971520

starttls: 220 2.0.0 Ready to start TLS

hello: 250-Hello localhost
250-PIPELINING
250-8BITMIME
250-ENHANCEDSTATUSCODES
250-CHUNKING
250-AUTH CRAM-MD5 PLAIN LOGIN
250 SIZE 20971520

Failed to authenticate password. Error: 535 5.7.8 Authentication failed

ERROR - 2025-03-07 10:58:30 --> Email: Unable to send email using SMTP. Your server might not be configured to send mail using this method.
ERROR - 2025-03-07 10:58:30 --> 220 smtp-relay.brevo.com ESMTP Service Ready

hello: 250-Hello localhost
250-PIPELINING
250-8BITMIME
250-ENHANCEDSTATUSCODES
250-CHUNKING
250-STARTTLS
250-AUTH PLAIN LOGIN CRAM-MD5
250 SIZE 20971520

starttls: 220 2.0.0 Ready to start TLS

hello: 250-Hello localhost
250-PIPELINING
250-8BITMIME
250-ENHANCEDSTATUSCODES
250-CHUNKING
250-AUTH PLAIN LOGIN CRAM-MD5
250 SIZE 20971520

Failed to authenticate password. Error: 535 5.7.8 Authentication failed

ERROR - 2025-03-07 11:01:04 --> Email: Unable to send email using SMTP. Your server might not be configured to send mail using this method.
ERROR - 2025-03-07 11:01:04 --> 220 smtp-relay.brevo.com ESMTP Service Ready

hello: 250-Hello localhost
250-PIPELINING
250-8BITMIME
250-ENHANCEDSTATUSCODES
250-CHUNKING
250-STARTTLS
250-AUTH PLAIN LOGIN CRAM-MD5
250 SIZE 20971520

starttls: 220 2.0.0 Ready to start TLS

hello: 250-Hello localhost
250-PIPELINING
250-8BITMIME
250-ENHANCEDSTATUSCODES
250-CHUNKING
250-AUTH PLAIN LOGIN CRAM-MD5
250 SIZE 20971520

Failed to authenticate password. Error: 535 5.7.8 Authentication failed

ERROR - 2025-03-07 11:01:13 --> Email: Unable to send email using SMTP. Your server might not be configured to send mail using this method.
ERROR - 2025-03-07 11:01:13 --> 220 smtp-relay.brevo.com ESMTP Service Ready

hello: 250-Hello localhost
250-PIPELINING
250-8BITMIME
250-ENHANCEDSTATUSCODES
250-CHUNKING
250-STARTTLS
250-AUTH PLAIN LOGIN CRAM-MD5
250 SIZE 20971520

starttls: 220 2.0.0 Ready to start TLS

hello: 250-Hello localhost
250-PIPELINING
250-8BITMIME
250-ENHANCEDSTATUSCODES
250-CHUNKING
250-AUTH PLAIN LOGIN CRAM-MD5
250 SIZE 20971520

Failed to authenticate password. Error: 535 5.7.8 Authentication failed

ERROR - 2025-03-07 11:02:33 --> Email: Unable to send email using SMTP. Your server might not be configured to send mail using this method.
ERROR - 2025-03-07 11:02:33 --> 220 smtp-relay.brevo.com ESMTP Service Ready

hello: 250-Hello localhost
250-PIPELINING
250-8BITMIME
250-ENHANCEDSTATUSCODES
250-CHUNKING
250-STARTTLS
250-AUTH PLAIN LOGIN CRAM-MD5
250 SIZE 20971520

starttls: 220 2.0.0 Ready to start TLS

hello: 250-Hello localhost
250-PIPELINING
250-8BITMIME
250-ENHANCEDSTATUSCODES
250-CHUNKING
250-AUTH PLAIN LOGIN CRAM-MD5
250 SIZE 20971520

Failed to authenticate password. Error: 535 5.7.8 Authentication failed

ERROR - 2025-03-07 11:09:45 --> Email: Unable to send email using SMTP. Your server might not be configured to send mail using this method.
ERROR - 2025-03-07 11:09:45 --> 220 smtp-relay.brevo.com ESMTP Service Ready

hello: 250-Hello localhost
250-PIPELINING
250-8BITMIME
250-ENHANCEDSTATUSCODES
250-CHUNKING
250-STARTTLS
250-AUTH PLAIN LOGIN CRAM-MD5
250 SIZE 20971520

starttls: 220 2.0.0 Ready to start TLS

hello: 250-Hello localhost
250-PIPELINING
250-8BITMIME
250-ENHANCEDSTATUSCODES
250-CHUNKING
250-AUTH PLAIN LOGIN CRAM-MD5
250 SIZE 20971520

Failed to authenticate password. Error: 535 5.7.8 Authentication failed

