INFO - 2025-06-08 00:11:49 --> Session: Class initialized using 'CodeIgniter\Session\Handlers\FileHandler' driver.
CRITICAL - 2025-06-08 00:20:07 --> ErrorException: Undefined variable $message
[Method: GET, Route: wp-includes/ID3/license.txt]
in APPPATH/Views/errors/html/error_404.php on line 231.
 1 APPPATH/Views/errors/html/error_404.php(231): CodeIgniter\Debug\Exceptions->errorHandler()
 2 SYSTEMPATH/View/View.php(234): include('/var/www/html/Prueba/app/Views/errors/html/error_404.php')
 3 SYSTEMPATH/View/View.php(237): CodeIgniter\View\View->CodeIgniter\View\{closure}()
 4 SYSTEMPATH/Common.php(1169): CodeIgniter\View\View->render()
 5 APPPATH/Config/Routes.php(60): view()
 6 SYSTEMPATH/CodeIgniter.php(955): CodeIgniter\Router\RouteCollection->{closure}()
 7 SYSTEMPATH/CodeIgniter.php(364): CodeIgniter\CodeIgniter->display404errors()
 8 SYSTEMPATH/Boot.php(325): CodeIgniter\CodeIgniter->run()
 9 SYSTEMPATH/Boot.php(67): CodeIgniter\Boot::runCodeIgniter()
10 FCPATH/index.php(56): CodeIgniter\Boot::bootWeb()
CRITICAL - 2025-06-08 00:20:08 --> ErrorException: Undefined variable $message
[Method: GET, Route: xmlrpc.php]
in APPPATH/Views/errors/html/error_404.php on line 231.
 1 APPPATH/Views/errors/html/error_404.php(231): CodeIgniter\Debug\Exceptions->errorHandler()
 2 SYSTEMPATH/View/View.php(234): include('/var/www/html/Prueba/app/Views/errors/html/error_404.php')
 3 SYSTEMPATH/View/View.php(237): CodeIgniter\View\View->CodeIgniter\View\{closure}()
 4 SYSTEMPATH/Common.php(1169): CodeIgniter\View\View->render()
 5 APPPATH/Config/Routes.php(60): view()
 6 SYSTEMPATH/CodeIgniter.php(955): CodeIgniter\Router\RouteCollection->{closure}()
 7 SYSTEMPATH/CodeIgniter.php(364): CodeIgniter\CodeIgniter->display404errors()
 8 SYSTEMPATH/Boot.php(325): CodeIgniter\CodeIgniter->run()
 9 SYSTEMPATH/Boot.php(67): CodeIgniter\Boot::runCodeIgniter()
10 FCPATH/index.php(56): CodeIgniter\Boot::bootWeb()
CRITICAL - 2025-06-08 00:20:10 --> ErrorException: Undefined variable $message
[Method: GET, Route: blog/wp-includes/wlwmanifest.xml]
in APPPATH/Views/errors/html/error_404.php on line 231.
 1 APPPATH/Views/errors/html/error_404.php(231): CodeIgniter\Debug\Exceptions->errorHandler()
 2 SYSTEMPATH/View/View.php(234): include('/var/www/html/Prueba/app/Views/errors/html/error_404.php')
 3 SYSTEMPATH/View/View.php(237): CodeIgniter\View\View->CodeIgniter\View\{closure}()
 4 SYSTEMPATH/Common.php(1169): CodeIgniter\View\View->render()
 5 APPPATH/Config/Routes.php(60): view()
 6 SYSTEMPATH/CodeIgniter.php(955): CodeIgniter\Router\RouteCollection->{closure}()
 7 SYSTEMPATH/CodeIgniter.php(364): CodeIgniter\CodeIgniter->display404errors()
 8 SYSTEMPATH/Boot.php(325): CodeIgniter\CodeIgniter->run()
 9 SYSTEMPATH/Boot.php(67): CodeIgniter\Boot::runCodeIgniter()
10 FCPATH/index.php(56): CodeIgniter\Boot::bootWeb()
CRITICAL - 2025-06-08 00:20:11 --> ErrorException: Undefined variable $message
[Method: GET, Route: web/wp-includes/wlwmanifest.xml]
in APPPATH/Views/errors/html/error_404.php on line 231.
 1 APPPATH/Views/errors/html/error_404.php(231): CodeIgniter\Debug\Exceptions->errorHandler()
 2 SYSTEMPATH/View/View.php(234): include('/var/www/html/Prueba/app/Views/errors/html/error_404.php')
 3 SYSTEMPATH/View/View.php(237): CodeIgniter\View\View->CodeIgniter\View\{closure}()
 4 SYSTEMPATH/Common.php(1169): CodeIgniter\View\View->render()
 5 APPPATH/Config/Routes.php(60): view()
 6 SYSTEMPATH/CodeIgniter.php(955): CodeIgniter\Router\RouteCollection->{closure}()
 7 SYSTEMPATH/CodeIgniter.php(364): CodeIgniter\CodeIgniter->display404errors()
 8 SYSTEMPATH/Boot.php(325): CodeIgniter\CodeIgniter->run()
 9 SYSTEMPATH/Boot.php(67): CodeIgniter\Boot::runCodeIgniter()
10 FCPATH/index.php(56): CodeIgniter\Boot::bootWeb()
CRITICAL - 2025-06-08 00:20:12 --> ErrorException: Undefined variable $message
[Method: GET, Route: wordpress/wp-includes/wlwmanifest.xml]
in APPPATH/Views/errors/html/error_404.php on line 231.
 1 APPPATH/Views/errors/html/error_404.php(231): CodeIgniter\Debug\Exceptions->errorHandler()
 2 SYSTEMPATH/View/View.php(234): include('/var/www/html/Prueba/app/Views/errors/html/error_404.php')
 3 SYSTEMPATH/View/View.php(237): CodeIgniter\View\View->CodeIgniter\View\{closure}()
 4 SYSTEMPATH/Common.php(1169): CodeIgniter\View\View->render()
 5 APPPATH/Config/Routes.php(60): view()
 6 SYSTEMPATH/CodeIgniter.php(955): CodeIgniter\Router\RouteCollection->{closure}()
 7 SYSTEMPATH/CodeIgniter.php(364): CodeIgniter\CodeIgniter->display404errors()
 8 SYSTEMPATH/Boot.php(325): CodeIgniter\CodeIgniter->run()
 9 SYSTEMPATH/Boot.php(67): CodeIgniter\Boot::runCodeIgniter()
10 FCPATH/index.php(56): CodeIgniter\Boot::bootWeb()
CRITICAL - 2025-06-08 00:20:14 --> ErrorException: Undefined variable $message
[Method: GET, Route: wp/wp-includes/wlwmanifest.xml]
in APPPATH/Views/errors/html/error_404.php on line 231.
 1 APPPATH/Views/errors/html/error_404.php(231): CodeIgniter\Debug\Exceptions->errorHandler()
 2 SYSTEMPATH/View/View.php(234): include('/var/www/html/Prueba/app/Views/errors/html/error_404.php')
 3 SYSTEMPATH/View/View.php(237): CodeIgniter\View\View->CodeIgniter\View\{closure}()
 4 SYSTEMPATH/Common.php(1169): CodeIgniter\View\View->render()
 5 APPPATH/Config/Routes.php(60): view()
 6 SYSTEMPATH/CodeIgniter.php(955): CodeIgniter\Router\RouteCollection->{closure}()
 7 SYSTEMPATH/CodeIgniter.php(364): CodeIgniter\CodeIgniter->display404errors()
 8 SYSTEMPATH/Boot.php(325): CodeIgniter\CodeIgniter->run()
 9 SYSTEMPATH/Boot.php(67): CodeIgniter\Boot::runCodeIgniter()
10 FCPATH/index.php(56): CodeIgniter\Boot::bootWeb()
CRITICAL - 2025-06-08 00:20:15 --> ErrorException: Undefined variable $message
[Method: GET, Route: 2020/wp-includes/wlwmanifest.xml]
in APPPATH/Views/errors/html/error_404.php on line 231.
 1 APPPATH/Views/errors/html/error_404.php(231): CodeIgniter\Debug\Exceptions->errorHandler()
 2 SYSTEMPATH/View/View.php(234): include('/var/www/html/Prueba/app/Views/errors/html/error_404.php')
 3 SYSTEMPATH/View/View.php(237): CodeIgniter\View\View->CodeIgniter\View\{closure}()
 4 SYSTEMPATH/Common.php(1169): CodeIgniter\View\View->render()
 5 APPPATH/Config/Routes.php(60): view()
 6 SYSTEMPATH/CodeIgniter.php(955): CodeIgniter\Router\RouteCollection->{closure}()
 7 SYSTEMPATH/CodeIgniter.php(364): CodeIgniter\CodeIgniter->display404errors()
 8 SYSTEMPATH/Boot.php(325): CodeIgniter\CodeIgniter->run()
 9 SYSTEMPATH/Boot.php(67): CodeIgniter\Boot::runCodeIgniter()
10 FCPATH/index.php(56): CodeIgniter\Boot::bootWeb()
CRITICAL - 2025-06-08 00:20:16 --> ErrorException: Undefined variable $message
[Method: GET, Route: 2019/wp-includes/wlwmanifest.xml]
in APPPATH/Views/errors/html/error_404.php on line 231.
 1 APPPATH/Views/errors/html/error_404.php(231): CodeIgniter\Debug\Exceptions->errorHandler()
 2 SYSTEMPATH/View/View.php(234): include('/var/www/html/Prueba/app/Views/errors/html/error_404.php')
 3 SYSTEMPATH/View/View.php(237): CodeIgniter\View\View->CodeIgniter\View\{closure}()
 4 SYSTEMPATH/Common.php(1169): CodeIgniter\View\View->render()
 5 APPPATH/Config/Routes.php(60): view()
 6 SYSTEMPATH/CodeIgniter.php(955): CodeIgniter\Router\RouteCollection->{closure}()
 7 SYSTEMPATH/CodeIgniter.php(364): CodeIgniter\CodeIgniter->display404errors()
 8 SYSTEMPATH/Boot.php(325): CodeIgniter\CodeIgniter->run()
 9 SYSTEMPATH/Boot.php(67): CodeIgniter\Boot::runCodeIgniter()
10 FCPATH/index.php(56): CodeIgniter\Boot::bootWeb()
CRITICAL - 2025-06-08 00:20:18 --> ErrorException: Undefined variable $message
[Method: GET, Route: 2021/wp-includes/wlwmanifest.xml]
in APPPATH/Views/errors/html/error_404.php on line 231.
 1 APPPATH/Views/errors/html/error_404.php(231): CodeIgniter\Debug\Exceptions->errorHandler()
 2 SYSTEMPATH/View/View.php(234): include('/var/www/html/Prueba/app/Views/errors/html/error_404.php')
 3 SYSTEMPATH/View/View.php(237): CodeIgniter\View\View->CodeIgniter\View\{closure}()
 4 SYSTEMPATH/Common.php(1169): CodeIgniter\View\View->render()
 5 APPPATH/Config/Routes.php(60): view()
 6 SYSTEMPATH/CodeIgniter.php(955): CodeIgniter\Router\RouteCollection->{closure}()
 7 SYSTEMPATH/CodeIgniter.php(364): CodeIgniter\CodeIgniter->display404errors()
 8 SYSTEMPATH/Boot.php(325): CodeIgniter\CodeIgniter->run()
 9 SYSTEMPATH/Boot.php(67): CodeIgniter\Boot::runCodeIgniter()
10 FCPATH/index.php(56): CodeIgniter\Boot::bootWeb()
CRITICAL - 2025-06-08 00:20:19 --> ErrorException: Undefined variable $message
[Method: GET, Route: shop/wp-includes/wlwmanifest.xml]
in APPPATH/Views/errors/html/error_404.php on line 231.
 1 APPPATH/Views/errors/html/error_404.php(231): CodeIgniter\Debug\Exceptions->errorHandler()
 2 SYSTEMPATH/View/View.php(234): include('/var/www/html/Prueba/app/Views/errors/html/error_404.php')
 3 SYSTEMPATH/View/View.php(237): CodeIgniter\View\View->CodeIgniter\View\{closure}()
 4 SYSTEMPATH/Common.php(1169): CodeIgniter\View\View->render()
 5 APPPATH/Config/Routes.php(60): view()
 6 SYSTEMPATH/CodeIgniter.php(955): CodeIgniter\Router\RouteCollection->{closure}()
 7 SYSTEMPATH/CodeIgniter.php(364): CodeIgniter\CodeIgniter->display404errors()
 8 SYSTEMPATH/Boot.php(325): CodeIgniter\CodeIgniter->run()
 9 SYSTEMPATH/Boot.php(67): CodeIgniter\Boot::runCodeIgniter()
10 FCPATH/index.php(56): CodeIgniter\Boot::bootWeb()
CRITICAL - 2025-06-08 00:20:20 --> ErrorException: Undefined variable $message
[Method: GET, Route: wp1/wp-includes/wlwmanifest.xml]
in APPPATH/Views/errors/html/error_404.php on line 231.
 1 APPPATH/Views/errors/html/error_404.php(231): CodeIgniter\Debug\Exceptions->errorHandler()
 2 SYSTEMPATH/View/View.php(234): include('/var/www/html/Prueba/app/Views/errors/html/error_404.php')
 3 SYSTEMPATH/View/View.php(237): CodeIgniter\View\View->CodeIgniter\View\{closure}()
 4 SYSTEMPATH/Common.php(1169): CodeIgniter\View\View->render()
 5 APPPATH/Config/Routes.php(60): view()
 6 SYSTEMPATH/CodeIgniter.php(955): CodeIgniter\Router\RouteCollection->{closure}()
 7 SYSTEMPATH/CodeIgniter.php(364): CodeIgniter\CodeIgniter->display404errors()
 8 SYSTEMPATH/Boot.php(325): CodeIgniter\CodeIgniter->run()
 9 SYSTEMPATH/Boot.php(67): CodeIgniter\Boot::runCodeIgniter()
10 FCPATH/index.php(56): CodeIgniter\Boot::bootWeb()
CRITICAL - 2025-06-08 00:20:21 --> ErrorException: Undefined variable $message
[Method: GET, Route: test/wp-includes/wlwmanifest.xml]
in APPPATH/Views/errors/html/error_404.php on line 231.
 1 APPPATH/Views/errors/html/error_404.php(231): CodeIgniter\Debug\Exceptions->errorHandler()
 2 SYSTEMPATH/View/View.php(234): include('/var/www/html/Prueba/app/Views/errors/html/error_404.php')
 3 SYSTEMPATH/View/View.php(237): CodeIgniter\View\View->CodeIgniter\View\{closure}()
 4 SYSTEMPATH/Common.php(1169): CodeIgniter\View\View->render()
 5 APPPATH/Config/Routes.php(60): view()
 6 SYSTEMPATH/CodeIgniter.php(955): CodeIgniter\Router\RouteCollection->{closure}()
 7 SYSTEMPATH/CodeIgniter.php(364): CodeIgniter\CodeIgniter->display404errors()
 8 SYSTEMPATH/Boot.php(325): CodeIgniter\CodeIgniter->run()
 9 SYSTEMPATH/Boot.php(67): CodeIgniter\Boot::runCodeIgniter()
10 FCPATH/index.php(56): CodeIgniter\Boot::bootWeb()
CRITICAL - 2025-06-08 00:20:23 --> ErrorException: Undefined variable $message
[Method: GET, Route: site/wp-includes/wlwmanifest.xml]
in APPPATH/Views/errors/html/error_404.php on line 231.
 1 APPPATH/Views/errors/html/error_404.php(231): CodeIgniter\Debug\Exceptions->errorHandler()
 2 SYSTEMPATH/View/View.php(234): include('/var/www/html/Prueba/app/Views/errors/html/error_404.php')
 3 SYSTEMPATH/View/View.php(237): CodeIgniter\View\View->CodeIgniter\View\{closure}()
 4 SYSTEMPATH/Common.php(1169): CodeIgniter\View\View->render()
 5 APPPATH/Config/Routes.php(60): view()
 6 SYSTEMPATH/CodeIgniter.php(955): CodeIgniter\Router\RouteCollection->{closure}()
 7 SYSTEMPATH/CodeIgniter.php(364): CodeIgniter\CodeIgniter->display404errors()
 8 SYSTEMPATH/Boot.php(325): CodeIgniter\CodeIgniter->run()
 9 SYSTEMPATH/Boot.php(67): CodeIgniter\Boot::runCodeIgniter()
10 FCPATH/index.php(56): CodeIgniter\Boot::bootWeb()
CRITICAL - 2025-06-08 00:20:24 --> ErrorException: Undefined variable $message
[Method: GET, Route: cms/wp-includes/wlwmanifest.xml]
in APPPATH/Views/errors/html/error_404.php on line 231.
 1 APPPATH/Views/errors/html/error_404.php(231): CodeIgniter\Debug\Exceptions->errorHandler()
 2 SYSTEMPATH/View/View.php(234): include('/var/www/html/Prueba/app/Views/errors/html/error_404.php')
 3 SYSTEMPATH/View/View.php(237): CodeIgniter\View\View->CodeIgniter\View\{closure}()
 4 SYSTEMPATH/Common.php(1169): CodeIgniter\View\View->render()
 5 APPPATH/Config/Routes.php(60): view()
 6 SYSTEMPATH/CodeIgniter.php(955): CodeIgniter\Router\RouteCollection->{closure}()
 7 SYSTEMPATH/CodeIgniter.php(364): CodeIgniter\CodeIgniter->display404errors()
 8 SYSTEMPATH/Boot.php(325): CodeIgniter\CodeIgniter->run()
 9 SYSTEMPATH/Boot.php(67): CodeIgniter\Boot::runCodeIgniter()
10 FCPATH/index.php(56): CodeIgniter\Boot::bootWeb()
CRITICAL - 2025-06-08 00:28:01 --> ErrorException: Undefined variable $message
[Method: POST, Route: global-protect/login.esp]
in APPPATH/Views/errors/html/error_404.php on line 231.
 1 APPPATH/Views/errors/html/error_404.php(231): CodeIgniter\Debug\Exceptions->errorHandler()
 2 SYSTEMPATH/View/View.php(234): include('/var/www/html/Prueba/app/Views/errors/html/error_404.php')
 3 SYSTEMPATH/View/View.php(237): CodeIgniter\View\View->CodeIgniter\View\{closure}()
 4 SYSTEMPATH/Common.php(1169): CodeIgniter\View\View->render()
 5 APPPATH/Config/Routes.php(60): view()
 6 SYSTEMPATH/CodeIgniter.php(955): CodeIgniter\Router\RouteCollection->{closure}()
 7 SYSTEMPATH/CodeIgniter.php(364): CodeIgniter\CodeIgniter->display404errors()
 8 SYSTEMPATH/Boot.php(325): CodeIgniter\CodeIgniter->run()
 9 SYSTEMPATH/Boot.php(67): CodeIgniter\Boot::runCodeIgniter()
10 FCPATH/index.php(56): CodeIgniter\Boot::bootWeb()
INFO - 2025-06-08 00:38:11 --> Session: Class initialized using 'CodeIgniter\Session\Handlers\FileHandler' driver.
CRITICAL - 2025-06-08 00:40:20 --> ErrorException: Undefined variable $message
[Method: GET, Route: version]
in APPPATH/Views/errors/html/error_404.php on line 231.
 1 APPPATH/Views/errors/html/error_404.php(231): CodeIgniter\Debug\Exceptions->errorHandler()
 2 SYSTEMPATH/View/View.php(234): include('/var/www/html/Prueba/app/Views/errors/html/error_404.php')
 3 SYSTEMPATH/View/View.php(237): CodeIgniter\View\View->CodeIgniter\View\{closure}()
 4 SYSTEMPATH/Common.php(1169): CodeIgniter\View\View->render()
 5 APPPATH/Config/Routes.php(60): view()
 6 SYSTEMPATH/CodeIgniter.php(955): CodeIgniter\Router\RouteCollection->{closure}()
 7 SYSTEMPATH/CodeIgniter.php(364): CodeIgniter\CodeIgniter->display404errors()
 8 SYSTEMPATH/Boot.php(325): CodeIgniter\CodeIgniter->run()
 9 SYSTEMPATH/Boot.php(67): CodeIgniter\Boot::runCodeIgniter()
10 FCPATH/index.php(56): CodeIgniter\Boot::bootWeb()
INFO - 2025-06-08 00:59:36 --> Session: Class initialized using 'CodeIgniter\Session\Handlers\FileHandler' driver.
INFO - 2025-06-08 01:13:45 --> Session: Class initialized using 'CodeIgniter\Session\Handlers\FileHandler' driver.
INFO - 2025-06-08 01:50:09 --> Session: Class initialized using 'CodeIgniter\Session\Handlers\FileHandler' driver.
CRITICAL - 2025-06-08 01:59:01 --> ErrorException: Undefined variable $message
[Method: GET, Route: assets/images/rackon-og.jpg]
in APPPATH/Views/errors/html/error_404.php on line 231.
 1 APPPATH/Views/errors/html/error_404.php(231): CodeIgniter\Debug\Exceptions->errorHandler()
 2 SYSTEMPATH/View/View.php(234): include('/var/www/html/Prueba/app/Views/errors/html/error_404.php')
 3 SYSTEMPATH/View/View.php(237): CodeIgniter\View\View->CodeIgniter\View\{closure}()
 4 SYSTEMPATH/Common.php(1169): CodeIgniter\View\View->render()
 5 APPPATH/Config/Routes.php(60): view()
 6 SYSTEMPATH/CodeIgniter.php(955): CodeIgniter\Router\RouteCollection->{closure}()
 7 SYSTEMPATH/CodeIgniter.php(364): CodeIgniter\CodeIgniter->display404errors()
 8 SYSTEMPATH/Boot.php(325): CodeIgniter\CodeIgniter->run()
 9 SYSTEMPATH/Boot.php(67): CodeIgniter\Boot::runCodeIgniter()
10 FCPATH/index.php(56): CodeIgniter\Boot::bootWeb()
INFO - 2025-06-08 02:00:48 --> Session: Class initialized using 'CodeIgniter\Session\Handlers\FileHandler' driver.
INFO - 2025-06-08 02:00:48 --> Session: Class initialized using 'CodeIgniter\Session\Handlers\FileHandler' driver.
INFO - 2025-06-08 02:52:54 --> Session: Class initialized using 'CodeIgniter\Session\Handlers\FileHandler' driver.
CRITICAL - 2025-06-08 03:20:52 --> ErrorException: Undefined variable $message
[Method: GET, Route: wp-admin/setup-config.php]
in APPPATH/Views/errors/html/error_404.php on line 231.
 1 APPPATH/Views/errors/html/error_404.php(231): CodeIgniter\Debug\Exceptions->errorHandler()
 2 SYSTEMPATH/View/View.php(234): include('/var/www/html/Prueba/app/Views/errors/html/error_404.php')
 3 SYSTEMPATH/View/View.php(237): CodeIgniter\View\View->CodeIgniter\View\{closure}()
 4 SYSTEMPATH/Common.php(1169): CodeIgniter\View\View->render()
 5 APPPATH/Config/Routes.php(60): view()
 6 SYSTEMPATH/CodeIgniter.php(955): CodeIgniter\Router\RouteCollection->{closure}()
 7 SYSTEMPATH/CodeIgniter.php(364): CodeIgniter\CodeIgniter->display404errors()
 8 SYSTEMPATH/Boot.php(325): CodeIgniter\CodeIgniter->run()
 9 SYSTEMPATH/Boot.php(67): CodeIgniter\Boot::runCodeIgniter()
10 FCPATH/index.php(56): CodeIgniter\Boot::bootWeb()
CRITICAL - 2025-06-08 03:21:55 --> ErrorException: Undefined variable $message
[Method: GET, Route: wp-admin/setup-config.php]
in APPPATH/Views/errors/html/error_404.php on line 231.
 1 APPPATH/Views/errors/html/error_404.php(231): CodeIgniter\Debug\Exceptions->errorHandler()
 2 SYSTEMPATH/View/View.php(234): include('/var/www/html/Prueba/app/Views/errors/html/error_404.php')
 3 SYSTEMPATH/View/View.php(237): CodeIgniter\View\View->CodeIgniter\View\{closure}()
 4 SYSTEMPATH/Common.php(1169): CodeIgniter\View\View->render()
 5 APPPATH/Config/Routes.php(60): view()
 6 SYSTEMPATH/CodeIgniter.php(955): CodeIgniter\Router\RouteCollection->{closure}()
 7 SYSTEMPATH/CodeIgniter.php(364): CodeIgniter\CodeIgniter->display404errors()
 8 SYSTEMPATH/Boot.php(325): CodeIgniter\CodeIgniter->run()
 9 SYSTEMPATH/Boot.php(67): CodeIgniter\Boot::runCodeIgniter()
10 FCPATH/index.php(56): CodeIgniter\Boot::bootWeb()
CRITICAL - 2025-06-08 03:21:55 --> ErrorException: Undefined variable $message
[Method: GET, Route: wordpress/wp-admin/setup-config.php]
in APPPATH/Views/errors/html/error_404.php on line 231.
 1 APPPATH/Views/errors/html/error_404.php(231): CodeIgniter\Debug\Exceptions->errorHandler()
 2 SYSTEMPATH/View/View.php(234): include('/var/www/html/Prueba/app/Views/errors/html/error_404.php')
 3 SYSTEMPATH/View/View.php(237): CodeIgniter\View\View->CodeIgniter\View\{closure}()
 4 SYSTEMPATH/Common.php(1169): CodeIgniter\View\View->render()
 5 APPPATH/Config/Routes.php(60): view()
 6 SYSTEMPATH/CodeIgniter.php(955): CodeIgniter\Router\RouteCollection->{closure}()
 7 SYSTEMPATH/CodeIgniter.php(364): CodeIgniter\CodeIgniter->display404errors()
 8 SYSTEMPATH/Boot.php(325): CodeIgniter\CodeIgniter->run()
 9 SYSTEMPATH/Boot.php(67): CodeIgniter\Boot::runCodeIgniter()
10 FCPATH/index.php(56): CodeIgniter\Boot::bootWeb()
CRITICAL - 2025-06-08 03:23:37 --> ErrorException: Undefined variable $message
[Method: GET, Route: wordpress/wp-admin/setup-config.php]
in APPPATH/Views/errors/html/error_404.php on line 231.
 1 APPPATH/Views/errors/html/error_404.php(231): CodeIgniter\Debug\Exceptions->errorHandler()
 2 SYSTEMPATH/View/View.php(234): include('/var/www/html/Prueba/app/Views/errors/html/error_404.php')
 3 SYSTEMPATH/View/View.php(237): CodeIgniter\View\View->CodeIgniter\View\{closure}()
 4 SYSTEMPATH/Common.php(1169): CodeIgniter\View\View->render()
 5 APPPATH/Config/Routes.php(60): view()
 6 SYSTEMPATH/CodeIgniter.php(955): CodeIgniter\Router\RouteCollection->{closure}()
 7 SYSTEMPATH/CodeIgniter.php(364): CodeIgniter\CodeIgniter->display404errors()
 8 SYSTEMPATH/Boot.php(325): CodeIgniter\CodeIgniter->run()
 9 SYSTEMPATH/Boot.php(67): CodeIgniter\Boot::runCodeIgniter()
10 FCPATH/index.php(56): CodeIgniter\Boot::bootWeb()
CRITICAL - 2025-06-08 03:26:40 --> ErrorException: Undefined variable $message
[Method: GET, Route: index.asp]
in APPPATH/Views/errors/html/error_404.php on line 231.
 1 APPPATH/Views/errors/html/error_404.php(231): CodeIgniter\Debug\Exceptions->errorHandler()
 2 SYSTEMPATH/View/View.php(234): include('/var/www/html/Prueba/app/Views/errors/html/error_404.php')
 3 SYSTEMPATH/View/View.php(237): CodeIgniter\View\View->CodeIgniter\View\{closure}()
 4 SYSTEMPATH/Common.php(1169): CodeIgniter\View\View->render()
 5 APPPATH/Config/Routes.php(60): view()
 6 SYSTEMPATH/CodeIgniter.php(955): CodeIgniter\Router\RouteCollection->{closure}()
 7 SYSTEMPATH/CodeIgniter.php(364): CodeIgniter\CodeIgniter->display404errors()
 8 SYSTEMPATH/Boot.php(325): CodeIgniter\CodeIgniter->run()
 9 SYSTEMPATH/Boot.php(67): CodeIgniter\Boot::runCodeIgniter()
10 FCPATH/index.php(56): CodeIgniter\Boot::bootWeb()
INFO - 2025-06-08 03:46:34 --> Session: Class initialized using 'CodeIgniter\Session\Handlers\FileHandler' driver.
INFO - 2025-06-08 03:52:13 --> Session: Class initialized using 'CodeIgniter\Session\Handlers\FileHandler' driver.
CRITICAL - 2025-06-08 03:55:08 --> ErrorException: Undefined variable $message
[Method: GET, Route: assets/images/rackon-og.jpg]
in APPPATH/Views/errors/html/error_404.php on line 231.
 1 APPPATH/Views/errors/html/error_404.php(231): CodeIgniter\Debug\Exceptions->errorHandler()
 2 SYSTEMPATH/View/View.php(234): include('/var/www/html/Prueba/app/Views/errors/html/error_404.php')
 3 SYSTEMPATH/View/View.php(237): CodeIgniter\View\View->CodeIgniter\View\{closure}()
 4 SYSTEMPATH/Common.php(1169): CodeIgniter\View\View->render()
 5 APPPATH/Config/Routes.php(60): view()
 6 SYSTEMPATH/CodeIgniter.php(955): CodeIgniter\Router\RouteCollection->{closure}()
 7 SYSTEMPATH/CodeIgniter.php(364): CodeIgniter\CodeIgniter->display404errors()
 8 SYSTEMPATH/Boot.php(325): CodeIgniter\CodeIgniter->run()
 9 SYSTEMPATH/Boot.php(67): CodeIgniter\Boot::runCodeIgniter()
10 FCPATH/index.php(56): CodeIgniter\Boot::bootWeb()
INFO - 2025-06-08 04:02:45 --> Session: Class initialized using 'CodeIgniter\Session\Handlers\FileHandler' driver.
CRITICAL - 2025-06-08 04:02:45 --> ErrorException: Undefined variable $message
[Method: GET, Route: js]
in APPPATH/Views/errors/html/error_404.php on line 231.
 1 APPPATH/Views/errors/html/error_404.php(231): CodeIgniter\Debug\Exceptions->errorHandler()
 2 SYSTEMPATH/View/View.php(234): include('/var/www/html/Prueba/app/Views/errors/html/error_404.php')
 3 SYSTEMPATH/View/View.php(237): CodeIgniter\View\View->CodeIgniter\View\{closure}()
 4 SYSTEMPATH/Common.php(1169): CodeIgniter\View\View->render()
 5 APPPATH/Config/Routes.php(60): view()
 6 SYSTEMPATH/CodeIgniter.php(955): CodeIgniter\Router\RouteCollection->{closure}()
 7 SYSTEMPATH/CodeIgniter.php(364): CodeIgniter\CodeIgniter->display404errors()
 8 SYSTEMPATH/Boot.php(325): CodeIgniter\CodeIgniter->run()
 9 SYSTEMPATH/Boot.php(67): CodeIgniter\Boot::runCodeIgniter()
10 FCPATH/index.php(56): CodeIgniter\Boot::bootWeb()
INFO - 2025-06-08 04:22:08 --> Session: Class initialized using 'CodeIgniter\Session\Handlers\FileHandler' driver.
INFO - 2025-06-08 05:19:35 --> Session: Class initialized using 'CodeIgniter\Session\Handlers\FileHandler' driver.
INFO - 2025-06-08 06:13:34 --> Session: Class initialized using 'CodeIgniter\Session\Handlers\FileHandler' driver.
INFO - 2025-06-08 06:22:28 --> Session: Class initialized using 'CodeIgniter\Session\Handlers\FileHandler' driver.
INFO - 2025-06-08 06:45:57 --> Session: Class initialized using 'CodeIgniter\Session\Handlers\FileHandler' driver.
INFO - 2025-06-08 06:51:10 --> Session: Class initialized using 'CodeIgniter\Session\Handlers\FileHandler' driver.
INFO - 2025-06-08 06:58:20 --> Session: Class initialized using 'CodeIgniter\Session\Handlers\FileHandler' driver.
INFO - 2025-06-08 08:05:54 --> Session: Class initialized using 'CodeIgniter\Session\Handlers\FileHandler' driver.
INFO - 2025-06-08 08:32:52 --> Session: Class initialized using 'CodeIgniter\Session\Handlers\FileHandler' driver.
INFO - 2025-06-08 09:03:37 --> Session: Class initialized using 'CodeIgniter\Session\Handlers\FileHandler' driver.
INFO - 2025-06-08 10:14:36 --> Session: Class initialized using 'CodeIgniter\Session\Handlers\FileHandler' driver.
INFO - 2025-06-08 10:26:30 --> Session: Class initialized using 'CodeIgniter\Session\Handlers\FileHandler' driver.
INFO - 2025-06-08 10:26:30 --> Session: Class initialized using 'CodeIgniter\Session\Handlers\FileHandler' driver.
INFO - 2025-06-08 10:26:50 --> Session: Class initialized using 'CodeIgniter\Session\Handlers\FileHandler' driver.
INFO - 2025-06-08 10:26:50 --> Session: Class initialized using 'CodeIgniter\Session\Handlers\FileHandler' driver.
INFO - 2025-06-08 11:28:39 --> Session: Class initialized using 'CodeIgniter\Session\Handlers\FileHandler' driver.
CRITICAL - 2025-06-08 11:33:56 --> ErrorException: Undefined variable $message
[Method: GET, Route: .git/config]
in APPPATH/Views/errors/html/error_404.php on line 231.
 1 APPPATH/Views/errors/html/error_404.php(231): CodeIgniter\Debug\Exceptions->errorHandler()
 2 SYSTEMPATH/View/View.php(234): include('/var/www/html/Prueba/app/Views/errors/html/error_404.php')
 3 SYSTEMPATH/View/View.php(237): CodeIgniter\View\View->CodeIgniter\View\{closure}()
 4 SYSTEMPATH/Common.php(1169): CodeIgniter\View\View->render()
 5 APPPATH/Config/Routes.php(60): view()
 6 SYSTEMPATH/CodeIgniter.php(955): CodeIgniter\Router\RouteCollection->{closure}()
 7 SYSTEMPATH/CodeIgniter.php(364): CodeIgniter\CodeIgniter->display404errors()
 8 SYSTEMPATH/Boot.php(325): CodeIgniter\CodeIgniter->run()
 9 SYSTEMPATH/Boot.php(67): CodeIgniter\Boot::runCodeIgniter()
10 FCPATH/index.php(56): CodeIgniter\Boot::bootWeb()
CRITICAL - 2025-06-08 11:48:11 --> ErrorException: Undefined variable $message
[Method: GET, Route: wp-admin/setup-config.php]
in APPPATH/Views/errors/html/error_404.php on line 231.
 1 APPPATH/Views/errors/html/error_404.php(231): CodeIgniter\Debug\Exceptions->errorHandler()
 2 SYSTEMPATH/View/View.php(234): include('/var/www/html/Prueba/app/Views/errors/html/error_404.php')
 3 SYSTEMPATH/View/View.php(237): CodeIgniter\View\View->CodeIgniter\View\{closure}()
 4 SYSTEMPATH/Common.php(1169): CodeIgniter\View\View->render()
 5 APPPATH/Config/Routes.php(60): view()
 6 SYSTEMPATH/CodeIgniter.php(955): CodeIgniter\Router\RouteCollection->{closure}()
 7 SYSTEMPATH/CodeIgniter.php(364): CodeIgniter\CodeIgniter->display404errors()
 8 SYSTEMPATH/Boot.php(325): CodeIgniter\CodeIgniter->run()
 9 SYSTEMPATH/Boot.php(67): CodeIgniter\Boot::runCodeIgniter()
10 FCPATH/index.php(56): CodeIgniter\Boot::bootWeb()
CRITICAL - 2025-06-08 11:49:16 --> ErrorException: Undefined variable $message
[Method: GET, Route: wp-admin/setup-config.php]
in APPPATH/Views/errors/html/error_404.php on line 231.
 1 APPPATH/Views/errors/html/error_404.php(231): CodeIgniter\Debug\Exceptions->errorHandler()
 2 SYSTEMPATH/View/View.php(234): include('/var/www/html/Prueba/app/Views/errors/html/error_404.php')
 3 SYSTEMPATH/View/View.php(237): CodeIgniter\View\View->CodeIgniter\View\{closure}()
 4 SYSTEMPATH/Common.php(1169): CodeIgniter\View\View->render()
 5 APPPATH/Config/Routes.php(60): view()
 6 SYSTEMPATH/CodeIgniter.php(955): CodeIgniter\Router\RouteCollection->{closure}()
 7 SYSTEMPATH/CodeIgniter.php(364): CodeIgniter\CodeIgniter->display404errors()
 8 SYSTEMPATH/Boot.php(325): CodeIgniter\CodeIgniter->run()
 9 SYSTEMPATH/Boot.php(67): CodeIgniter\Boot::runCodeIgniter()
10 FCPATH/index.php(56): CodeIgniter\Boot::bootWeb()
INFO - 2025-06-08 11:50:14 --> Session: Class initialized using 'CodeIgniter\Session\Handlers\FileHandler' driver.
CRITICAL - 2025-06-08 11:51:23 --> ErrorException: Undefined variable $message
[Method: GET, Route: wordpress/wp-admin/setup-config.php]
in APPPATH/Views/errors/html/error_404.php on line 231.
 1 APPPATH/Views/errors/html/error_404.php(231): CodeIgniter\Debug\Exceptions->errorHandler()
 2 SYSTEMPATH/View/View.php(234): include('/var/www/html/Prueba/app/Views/errors/html/error_404.php')
 3 SYSTEMPATH/View/View.php(237): CodeIgniter\View\View->CodeIgniter\View\{closure}()
 4 SYSTEMPATH/Common.php(1169): CodeIgniter\View\View->render()
 5 APPPATH/Config/Routes.php(60): view()
 6 SYSTEMPATH/CodeIgniter.php(955): CodeIgniter\Router\RouteCollection->{closure}()
 7 SYSTEMPATH/CodeIgniter.php(364): CodeIgniter\CodeIgniter->display404errors()
 8 SYSTEMPATH/Boot.php(325): CodeIgniter\CodeIgniter->run()
 9 SYSTEMPATH/Boot.php(67): CodeIgniter\Boot::runCodeIgniter()
10 FCPATH/index.php(56): CodeIgniter\Boot::bootWeb()
CRITICAL - 2025-06-08 11:51:33 --> ErrorException: Undefined variable $message
[Method: GET, Route: wordpress/wp-admin/setup-config.php]
in APPPATH/Views/errors/html/error_404.php on line 231.
 1 APPPATH/Views/errors/html/error_404.php(231): CodeIgniter\Debug\Exceptions->errorHandler()
 2 SYSTEMPATH/View/View.php(234): include('/var/www/html/Prueba/app/Views/errors/html/error_404.php')
 3 SYSTEMPATH/View/View.php(237): CodeIgniter\View\View->CodeIgniter\View\{closure}()
 4 SYSTEMPATH/Common.php(1169): CodeIgniter\View\View->render()
 5 APPPATH/Config/Routes.php(60): view()
 6 SYSTEMPATH/CodeIgniter.php(955): CodeIgniter\Router\RouteCollection->{closure}()
 7 SYSTEMPATH/CodeIgniter.php(364): CodeIgniter\CodeIgniter->display404errors()
 8 SYSTEMPATH/Boot.php(325): CodeIgniter\CodeIgniter->run()
 9 SYSTEMPATH/Boot.php(67): CodeIgniter\Boot::runCodeIgniter()
10 FCPATH/index.php(56): CodeIgniter\Boot::bootWeb()
INFO - 2025-06-08 11:56:19 --> Session: Class initialized using 'CodeIgniter\Session\Handlers\FileHandler' driver.
INFO - 2025-06-08 11:57:06 --> Session: Class initialized using 'CodeIgniter\Session\Handlers\FileHandler' driver.
INFO - 2025-06-08 13:05:06 --> Session: Class initialized using 'CodeIgniter\Session\Handlers\FileHandler' driver.
INFO - 2025-06-08 13:39:59 --> Session: Class initialized using 'CodeIgniter\Session\Handlers\FileHandler' driver.
CRITICAL - 2025-06-08 13:40:00 --> ErrorException: Undefined variable $message
[Method: GET, Route: ads.txt]
in APPPATH/Views/errors/html/error_404.php on line 231.
 1 APPPATH/Views/errors/html/error_404.php(231): CodeIgniter\Debug\Exceptions->errorHandler()
 2 SYSTEMPATH/View/View.php(234): include('/var/www/html/Prueba/app/Views/errors/html/error_404.php')
 3 SYSTEMPATH/View/View.php(237): CodeIgniter\View\View->CodeIgniter\View\{closure}()
 4 SYSTEMPATH/Common.php(1169): CodeIgniter\View\View->render()
 5 APPPATH/Config/Routes.php(60): view()
 6 SYSTEMPATH/CodeIgniter.php(955): CodeIgniter\Router\RouteCollection->{closure}()
 7 SYSTEMPATH/CodeIgniter.php(364): CodeIgniter\CodeIgniter->display404errors()
 8 SYSTEMPATH/Boot.php(325): CodeIgniter\CodeIgniter->run()
 9 SYSTEMPATH/Boot.php(67): CodeIgniter\Boot::runCodeIgniter()
10 FCPATH/index.php(56): CodeIgniter\Boot::bootWeb()
INFO - 2025-06-08 13:41:27 --> Session: Class initialized using 'CodeIgniter\Session\Handlers\FileHandler' driver.
INFO - 2025-06-08 13:41:36 --> Session: Class initialized using 'CodeIgniter\Session\Handlers\FileHandler' driver.
INFO - 2025-06-08 13:54:40 --> Session: Class initialized using 'CodeIgniter\Session\Handlers\FileHandler' driver.
CRITICAL - 2025-06-08 14:02:28 --> ErrorException: Undefined variable $message
[Method: GET, Route: ecp/Current/exporttool/microsoft.exchange.ediscovery.exporttool.application]
in APPPATH/Views/errors/html/error_404.php on line 231.
 1 APPPATH/Views/errors/html/error_404.php(231): CodeIgniter\Debug\Exceptions->errorHandler()
 2 SYSTEMPATH/View/View.php(234): include('/var/www/html/Prueba/app/Views/errors/html/error_404.php')
 3 SYSTEMPATH/View/View.php(237): CodeIgniter\View\View->CodeIgniter\View\{closure}()
 4 SYSTEMPATH/Common.php(1169): CodeIgniter\View\View->render()
 5 APPPATH/Config/Routes.php(60): view()
 6 SYSTEMPATH/CodeIgniter.php(955): CodeIgniter\Router\RouteCollection->{closure}()
 7 SYSTEMPATH/CodeIgniter.php(364): CodeIgniter\CodeIgniter->display404errors()
 8 SYSTEMPATH/Boot.php(325): CodeIgniter\CodeIgniter->run()
 9 SYSTEMPATH/Boot.php(67): CodeIgniter\Boot::runCodeIgniter()
10 FCPATH/index.php(56): CodeIgniter\Boot::bootWeb()
INFO - 2025-06-08 14:04:07 --> Session: Class initialized using 'CodeIgniter\Session\Handlers\FileHandler' driver.
INFO - 2025-06-08 14:09:08 --> Session: Class initialized using 'CodeIgniter\Session\Handlers\FileHandler' driver.
INFO - 2025-06-08 14:20:57 --> Session: Class initialized using 'CodeIgniter\Session\Handlers\FileHandler' driver.
INFO - 2025-06-08 15:42:46 --> Session: Class initialized using 'CodeIgniter\Session\Handlers\FileHandler' driver.
INFO - 2025-06-08 15:58:42 --> Session: Class initialized using 'CodeIgniter\Session\Handlers\FileHandler' driver.
INFO - 2025-06-08 16:04:41 --> Session: Class initialized using 'CodeIgniter\Session\Handlers\FileHandler' driver.
INFO - 2025-06-08 16:09:32 --> Session: Class initialized using 'CodeIgniter\Session\Handlers\FileHandler' driver.
INFO - 2025-06-08 16:28:45 --> Session: Class initialized using 'CodeIgniter\Session\Handlers\FileHandler' driver.
INFO - 2025-06-08 17:09:38 --> Session: Class initialized using 'CodeIgniter\Session\Handlers\FileHandler' driver.
INFO - 2025-06-08 18:14:40 --> Session: Class initialized using 'CodeIgniter\Session\Handlers\FileHandler' driver.
INFO - 2025-06-08 18:17:39 --> Session: Class initialized using 'CodeIgniter\Session\Handlers\FileHandler' driver.
INFO - 2025-06-08 18:18:11 --> Session: Class initialized using 'CodeIgniter\Session\Handlers\FileHandler' driver.
CRITICAL - 2025-06-08 18:28:21 --> ErrorException: Undefined variable $message
[Method: GET, Route: wp-admin/setup-config.php]
in APPPATH/Views/errors/html/error_404.php on line 231.
 1 APPPATH/Views/errors/html/error_404.php(231): CodeIgniter\Debug\Exceptions->errorHandler()
 2 SYSTEMPATH/View/View.php(234): include('/var/www/html/Prueba/app/Views/errors/html/error_404.php')
 3 SYSTEMPATH/View/View.php(237): CodeIgniter\View\View->CodeIgniter\View\{closure}()
 4 SYSTEMPATH/Common.php(1169): CodeIgniter\View\View->render()
 5 APPPATH/Config/Routes.php(60): view()
 6 SYSTEMPATH/CodeIgniter.php(955): CodeIgniter\Router\RouteCollection->{closure}()
 7 SYSTEMPATH/CodeIgniter.php(364): CodeIgniter\CodeIgniter->display404errors()
 8 SYSTEMPATH/Boot.php(325): CodeIgniter\CodeIgniter->run()
 9 SYSTEMPATH/Boot.php(67): CodeIgniter\Boot::runCodeIgniter()
10 FCPATH/index.php(56): CodeIgniter\Boot::bootWeb()
INFO - 2025-06-08 18:29:12 --> Session: Class initialized using 'CodeIgniter\Session\Handlers\FileHandler' driver.
CRITICAL - 2025-06-08 18:31:20 --> ErrorException: Undefined variable $message
[Method: GET, Route: wp-admin/setup-config.php]
in APPPATH/Views/errors/html/error_404.php on line 231.
 1 APPPATH/Views/errors/html/error_404.php(231): CodeIgniter\Debug\Exceptions->errorHandler()
 2 SYSTEMPATH/View/View.php(234): include('/var/www/html/Prueba/app/Views/errors/html/error_404.php')
 3 SYSTEMPATH/View/View.php(237): CodeIgniter\View\View->CodeIgniter\View\{closure}()
 4 SYSTEMPATH/Common.php(1169): CodeIgniter\View\View->render()
 5 APPPATH/Config/Routes.php(60): view()
 6 SYSTEMPATH/CodeIgniter.php(955): CodeIgniter\Router\RouteCollection->{closure}()
 7 SYSTEMPATH/CodeIgniter.php(364): CodeIgniter\CodeIgniter->display404errors()
 8 SYSTEMPATH/Boot.php(325): CodeIgniter\CodeIgniter->run()
 9 SYSTEMPATH/Boot.php(67): CodeIgniter\Boot::runCodeIgniter()
10 FCPATH/index.php(56): CodeIgniter\Boot::bootWeb()
CRITICAL - 2025-06-08 18:32:35 --> ErrorException: Undefined variable $message
[Method: GET, Route: wordpress/wp-admin/setup-config.php]
in APPPATH/Views/errors/html/error_404.php on line 231.
 1 APPPATH/Views/errors/html/error_404.php(231): CodeIgniter\Debug\Exceptions->errorHandler()
 2 SYSTEMPATH/View/View.php(234): include('/var/www/html/Prueba/app/Views/errors/html/error_404.php')
 3 SYSTEMPATH/View/View.php(237): CodeIgniter\View\View->CodeIgniter\View\{closure}()
 4 SYSTEMPATH/Common.php(1169): CodeIgniter\View\View->render()
 5 APPPATH/Config/Routes.php(60): view()
 6 SYSTEMPATH/CodeIgniter.php(955): CodeIgniter\Router\RouteCollection->{closure}()
 7 SYSTEMPATH/CodeIgniter.php(364): CodeIgniter\CodeIgniter->display404errors()
 8 SYSTEMPATH/Boot.php(325): CodeIgniter\CodeIgniter->run()
 9 SYSTEMPATH/Boot.php(67): CodeIgniter\Boot::runCodeIgniter()
10 FCPATH/index.php(56): CodeIgniter\Boot::bootWeb()
CRITICAL - 2025-06-08 18:32:45 --> ErrorException: Undefined variable $message
[Method: GET, Route: wordpress/wp-admin/setup-config.php]
in APPPATH/Views/errors/html/error_404.php on line 231.
 1 APPPATH/Views/errors/html/error_404.php(231): CodeIgniter\Debug\Exceptions->errorHandler()
 2 SYSTEMPATH/View/View.php(234): include('/var/www/html/Prueba/app/Views/errors/html/error_404.php')
 3 SYSTEMPATH/View/View.php(237): CodeIgniter\View\View->CodeIgniter\View\{closure}()
 4 SYSTEMPATH/Common.php(1169): CodeIgniter\View\View->render()
 5 APPPATH/Config/Routes.php(60): view()
 6 SYSTEMPATH/CodeIgniter.php(955): CodeIgniter\Router\RouteCollection->{closure}()
 7 SYSTEMPATH/CodeIgniter.php(364): CodeIgniter\CodeIgniter->display404errors()
 8 SYSTEMPATH/Boot.php(325): CodeIgniter\CodeIgniter->run()
 9 SYSTEMPATH/Boot.php(67): CodeIgniter\Boot::runCodeIgniter()
10 FCPATH/index.php(56): CodeIgniter\Boot::bootWeb()
INFO - 2025-06-08 18:32:54 --> Session: Class initialized using 'CodeIgniter\Session\Handlers\FileHandler' driver.
INFO - 2025-06-08 18:45:22 --> Session: Class initialized using 'CodeIgniter\Session\Handlers\FileHandler' driver.
INFO - 2025-06-08 19:02:09 --> Session: Class initialized using 'CodeIgniter\Session\Handlers\FileHandler' driver.
INFO - 2025-06-08 19:02:44 --> Session: Class initialized using 'CodeIgniter\Session\Handlers\FileHandler' driver.
INFO - 2025-06-08 19:04:15 --> Session: Class initialized using 'CodeIgniter\Session\Handlers\FileHandler' driver.
CRITICAL - 2025-06-08 20:01:48 --> ErrorException: Undefined variable $message
[Method: GET, Route: wp-admin/setup-config.php]
in APPPATH/Views/errors/html/error_404.php on line 231.
 1 APPPATH/Views/errors/html/error_404.php(231): CodeIgniter\Debug\Exceptions->errorHandler()
 2 SYSTEMPATH/View/View.php(234): include('/var/www/html/Prueba/app/Views/errors/html/error_404.php')
 3 SYSTEMPATH/View/View.php(237): CodeIgniter\View\View->CodeIgniter\View\{closure}()
 4 SYSTEMPATH/Common.php(1169): CodeIgniter\View\View->render()
 5 APPPATH/Config/Routes.php(60): view()
 6 SYSTEMPATH/CodeIgniter.php(955): CodeIgniter\Router\RouteCollection->{closure}()
 7 SYSTEMPATH/CodeIgniter.php(364): CodeIgniter\CodeIgniter->display404errors()
 8 SYSTEMPATH/Boot.php(325): CodeIgniter\CodeIgniter->run()
 9 SYSTEMPATH/Boot.php(67): CodeIgniter\Boot::runCodeIgniter()
10 FCPATH/index.php(56): CodeIgniter\Boot::bootWeb()
CRITICAL - 2025-06-08 20:03:42 --> ErrorException: Undefined variable $message
[Method: GET, Route: wordpress/wp-admin/setup-config.php]
in APPPATH/Views/errors/html/error_404.php on line 231.
 1 APPPATH/Views/errors/html/error_404.php(231): CodeIgniter\Debug\Exceptions->errorHandler()
 2 SYSTEMPATH/View/View.php(234): include('/var/www/html/Prueba/app/Views/errors/html/error_404.php')
 3 SYSTEMPATH/View/View.php(237): CodeIgniter\View\View->CodeIgniter\View\{closure}()
 4 SYSTEMPATH/Common.php(1169): CodeIgniter\View\View->render()
 5 APPPATH/Config/Routes.php(60): view()
 6 SYSTEMPATH/CodeIgniter.php(955): CodeIgniter\Router\RouteCollection->{closure}()
 7 SYSTEMPATH/CodeIgniter.php(364): CodeIgniter\CodeIgniter->display404errors()
 8 SYSTEMPATH/Boot.php(325): CodeIgniter\CodeIgniter->run()
 9 SYSTEMPATH/Boot.php(67): CodeIgniter\Boot::runCodeIgniter()
10 FCPATH/index.php(56): CodeIgniter\Boot::bootWeb()
CRITICAL - 2025-06-08 20:04:56 --> ErrorException: Undefined variable $message
[Method: GET, Route: wordpress/wp-admin/setup-config.php]
in APPPATH/Views/errors/html/error_404.php on line 231.
 1 APPPATH/Views/errors/html/error_404.php(231): CodeIgniter\Debug\Exceptions->errorHandler()
 2 SYSTEMPATH/View/View.php(234): include('/var/www/html/Prueba/app/Views/errors/html/error_404.php')
 3 SYSTEMPATH/View/View.php(237): CodeIgniter\View\View->CodeIgniter\View\{closure}()
 4 SYSTEMPATH/Common.php(1169): CodeIgniter\View\View->render()
 5 APPPATH/Config/Routes.php(60): view()
 6 SYSTEMPATH/CodeIgniter.php(955): CodeIgniter\Router\RouteCollection->{closure}()
 7 SYSTEMPATH/CodeIgniter.php(364): CodeIgniter\CodeIgniter->display404errors()
 8 SYSTEMPATH/Boot.php(325): CodeIgniter\CodeIgniter->run()
 9 SYSTEMPATH/Boot.php(67): CodeIgniter\Boot::runCodeIgniter()
10 FCPATH/index.php(56): CodeIgniter\Boot::bootWeb()
CRITICAL - 2025-06-08 20:05:20 --> ErrorException: Undefined variable $message
[Method: GET, Route: wp-admin/setup-config.php]
in APPPATH/Views/errors/html/error_404.php on line 231.
 1 APPPATH/Views/errors/html/error_404.php(231): CodeIgniter\Debug\Exceptions->errorHandler()
 2 SYSTEMPATH/View/View.php(234): include('/var/www/html/Prueba/app/Views/errors/html/error_404.php')
 3 SYSTEMPATH/View/View.php(237): CodeIgniter\View\View->CodeIgniter\View\{closure}()
 4 SYSTEMPATH/Common.php(1169): CodeIgniter\View\View->render()
 5 APPPATH/Config/Routes.php(60): view()
 6 SYSTEMPATH/CodeIgniter.php(955): CodeIgniter\Router\RouteCollection->{closure}()
 7 SYSTEMPATH/CodeIgniter.php(364): CodeIgniter\CodeIgniter->display404errors()
 8 SYSTEMPATH/Boot.php(325): CodeIgniter\CodeIgniter->run()
 9 SYSTEMPATH/Boot.php(67): CodeIgniter\Boot::runCodeIgniter()
10 FCPATH/index.php(56): CodeIgniter\Boot::bootWeb()
INFO - 2025-06-08 21:50:50 --> Session: Class initialized using 'CodeIgniter\Session\Handlers\FileHandler' driver.
INFO - 2025-06-08 21:51:24 --> Session: Class initialized using 'CodeIgniter\Session\Handlers\FileHandler' driver.
INFO - 2025-06-08 21:51:26 --> Session: Class initialized using 'CodeIgniter\Session\Handlers\FileHandler' driver.
WARNING - 2025-06-08 21:51:26 --> Session: Sessions is enabled, and one exists. Please don't $session->start();
INFO - 2025-06-08 21:51:26 --> Session: Class initialized using 'CodeIgniter\Session\Handlers\FileHandler' driver.
INFO - 2025-06-08 21:51:28 --> Session: Class initialized using 'CodeIgniter\Session\Handlers\FileHandler' driver.
INFO - 2025-06-08 21:51:29 --> Session: Class initialized using 'CodeIgniter\Session\Handlers\FileHandler' driver.
INFO - 2025-06-08 21:51:31 --> Session: Class initialized using 'CodeIgniter\Session\Handlers\FileHandler' driver.
INFO - 2025-06-08 21:51:33 --> Session: Class initialized using 'CodeIgniter\Session\Handlers\FileHandler' driver.
INFO - 2025-06-08 21:51:34 --> Session: Class initialized using 'CodeIgniter\Session\Handlers\FileHandler' driver.
INFO - 2025-06-08 22:03:20 --> Session: Class initialized using 'CodeIgniter\Session\Handlers\FileHandler' driver.
CRITICAL - 2025-06-08 22:03:59 --> ErrorException: Undefined variable $message
[Method: POST, Route: xmlrpc.php]
in APPPATH/Views/errors/html/error_404.php on line 231.
 1 APPPATH/Views/errors/html/error_404.php(231): CodeIgniter\Debug\Exceptions->errorHandler()
 2 SYSTEMPATH/View/View.php(234): include('/var/www/html/Prueba/app/Views/errors/html/error_404.php')
 3 SYSTEMPATH/View/View.php(237): CodeIgniter\View\View->CodeIgniter\View\{closure}()
 4 SYSTEMPATH/Common.php(1169): CodeIgniter\View\View->render()
 5 APPPATH/Config/Routes.php(60): view()
 6 SYSTEMPATH/CodeIgniter.php(955): CodeIgniter\Router\RouteCollection->{closure}()
 7 SYSTEMPATH/CodeIgniter.php(364): CodeIgniter\CodeIgniter->display404errors()
 8 SYSTEMPATH/Boot.php(325): CodeIgniter\CodeIgniter->run()
 9 SYSTEMPATH/Boot.php(67): CodeIgniter\Boot::runCodeIgniter()
10 FCPATH/index.php(56): CodeIgniter\Boot::bootWeb()
CRITICAL - 2025-06-08 22:09:47 --> ErrorException: Undefined variable $message
[Method: GET, Route: assets/images/rackon-og.jpg]
in APPPATH/Views/errors/html/error_404.php on line 231.
 1 APPPATH/Views/errors/html/error_404.php(231): CodeIgniter\Debug\Exceptions->errorHandler()
 2 SYSTEMPATH/View/View.php(234): include('/var/www/html/Prueba/app/Views/errors/html/error_404.php')
 3 SYSTEMPATH/View/View.php(237): CodeIgniter\View\View->CodeIgniter\View\{closure}()
 4 SYSTEMPATH/Common.php(1169): CodeIgniter\View\View->render()
 5 APPPATH/Config/Routes.php(60): view()
 6 SYSTEMPATH/CodeIgniter.php(955): CodeIgniter\Router\RouteCollection->{closure}()
 7 SYSTEMPATH/CodeIgniter.php(364): CodeIgniter\CodeIgniter->display404errors()
 8 SYSTEMPATH/Boot.php(325): CodeIgniter\CodeIgniter->run()
 9 SYSTEMPATH/Boot.php(67): CodeIgniter\Boot::runCodeIgniter()
10 FCPATH/index.php(56): CodeIgniter\Boot::bootWeb()
CRITICAL - 2025-06-08 22:46:19 --> ErrorException: Undefined variable $message
[Method: GET, Route: developmentserver/metadatauploader]
in APPPATH/Views/errors/html/error_404.php on line 231.
 1 APPPATH/Views/errors/html/error_404.php(231): CodeIgniter\Debug\Exceptions->errorHandler()
 2 SYSTEMPATH/View/View.php(234): include('/var/www/html/Prueba/app/Views/errors/html/error_404.php')
 3 SYSTEMPATH/View/View.php(237): CodeIgniter\View\View->CodeIgniter\View\{closure}()
 4 SYSTEMPATH/Common.php(1169): CodeIgniter\View\View->render()
 5 APPPATH/Config/Routes.php(60): view()
 6 SYSTEMPATH/CodeIgniter.php(955): CodeIgniter\Router\RouteCollection->{closure}()
 7 SYSTEMPATH/CodeIgniter.php(364): CodeIgniter\CodeIgniter->display404errors()
 8 SYSTEMPATH/Boot.php(325): CodeIgniter\CodeIgniter->run()
 9 SYSTEMPATH/Boot.php(67): CodeIgniter\Boot::runCodeIgniter()
10 FCPATH/index.php(56): CodeIgniter\Boot::bootWeb()
INFO - 2025-06-08 22:53:22 --> Session: Class initialized using 'CodeIgniter\Session\Handlers\FileHandler' driver.
INFO - 2025-06-08 23:29:53 --> Session: Class initialized using 'CodeIgniter\Session\Handlers\FileHandler' driver.
INFO - 2025-06-08 23:58:32 --> Session: Class initialized using 'CodeIgniter\Session\Handlers\FileHandler' driver.
