INFO - 2025-06-03 12:41:49 --> Session: Class initialized using 'CodeIgniter\Session\Handlers\FileHandler' driver.
ERROR - 2025-06-03 12:41:49 --> mysqli_sql_exception: Unknown column 'Fecha_Hora_Grabacion' in 'field list' in /var/www/html/Prueba/system/Database/MySQLi/Connection.php:312
Stack trace:
#0 /var/www/html/Prueba/system/Database/MySQLi/Connection.php(312): mysqli->query()
#1 /var/www/html/Prueba/system/Database/BaseConnection.php(734): CodeIgniter\Database\MySQLi\Connection->execute()
#2 /var/www/html/Prueba/system/Database/BaseConnection.php(648): CodeIgniter\Database\BaseConnection->simpleQuery()
#3 /var/www/html/Prueba/system/Database/BaseBuilder.php(2340): CodeIgniter\Database\BaseConnection->query()
#4 /var/www/html/Prueba/app/Models/Esp32Model.php(24): CodeIgniter\Database\BaseBuilder->insert()
#5 /var/www/html/Prueba/app/Controllers/esp32controller.php(15): App\Models\Esp32Model->insertar_registro()
#6 /var/www/html/Prueba/system/CodeIgniter.php(933): App\Controllers\esp32controller->insertar_registro()
#7 /var/www/html/Prueba/system/CodeIgniter.php(509): CodeIgniter\CodeIgniter->runController()
#8 /var/www/html/Prueba/system/CodeIgniter.php(355): CodeIgniter\CodeIgniter->handleRequest()
#9 /var/www/html/Prueba/system/Boot.php(325): CodeIgniter\CodeIgniter->run()
#10 /var/www/html/Prueba/system/Boot.php(67): CodeIgniter\Boot::runCodeIgniter()
#11 /var/www/html/Prueba/public/index.php(56): CodeIgniter\Boot::bootWeb()
#12 {main}
CRITICAL - 2025-06-03 12:41:49 --> CodeIgniter\Database\Exceptions\DatabaseException: Unknown column 'Fecha_Hora_Grabacion' in 'field list'
[Method: POST, Route: cargar_acceso]
in SYSTEMPATH/Database/BaseConnection.php on line 688.
 1 SYSTEMPATH/Database/BaseBuilder.php(2340): CodeIgniter\Database\BaseConnection->query()
 2 APPPATH/Models/Esp32Model.php(24): CodeIgniter\Database\BaseBuilder->insert()
 3 APPPATH/Controllers/esp32controller.php(15): App\Models\Esp32Model->insertar_registro()
 4 SYSTEMPATH/CodeIgniter.php(933): App\Controllers\esp32controller->insertar_registro()
 5 SYSTEMPATH/CodeIgniter.php(509): CodeIgniter\CodeIgniter->runController()
 6 SYSTEMPATH/CodeIgniter.php(355): CodeIgniter\CodeIgniter->handleRequest()
 7 SYSTEMPATH/Boot.php(325): CodeIgniter\CodeIgniter->run()
 8 SYSTEMPATH/Boot.php(67): CodeIgniter\Boot::runCodeIgniter()
 9 FCPATH/index.php(56): CodeIgniter\Boot::bootWeb()
CRITICAL - 2025-06-03 12:41:49 --> [Caused by] CodeIgniter\Database\Exceptions\DatabaseException: Unknown column 'Fecha_Hora_Grabacion' in 'field list'
in SYSTEMPATH/Database/MySQLi/Connection.php on line 317.
 1 SYSTEMPATH/Database/BaseConnection.php(734): CodeIgniter\Database\MySQLi\Connection->execute()
 2 SYSTEMPATH/Database/BaseConnection.php(648): CodeIgniter\Database\BaseConnection->simpleQuery()
 3 SYSTEMPATH/Database/BaseBuilder.php(2340): CodeIgniter\Database\BaseConnection->query()
 4 APPPATH/Models/Esp32Model.php(24): CodeIgniter\Database\BaseBuilder->insert()
 5 APPPATH/Controllers/esp32controller.php(15): App\Models\Esp32Model->insertar_registro()
 6 SYSTEMPATH/CodeIgniter.php(933): App\Controllers\esp32controller->insertar_registro()
 7 SYSTEMPATH/CodeIgniter.php(509): CodeIgniter\CodeIgniter->runController()
 8 SYSTEMPATH/CodeIgniter.php(355): CodeIgniter\CodeIgniter->handleRequest()
 9 SYSTEMPATH/Boot.php(325): CodeIgniter\CodeIgniter->run()
10 SYSTEMPATH/Boot.php(67): CodeIgniter\Boot::runCodeIgniter()
11 FCPATH/index.php(56): CodeIgniter\Boot::bootWeb()
CRITICAL - 2025-06-03 12:41:49 --> [Caused by] mysqli_sql_exception: Unknown column 'Fecha_Hora_Grabacion' in 'field list'
in SYSTEMPATH/Database/MySQLi/Connection.php on line 312.
 1 SYSTEMPATH/Database/MySQLi/Connection.php(312): mysqli->query()
 2 SYSTEMPATH/Database/BaseConnection.php(734): CodeIgniter\Database\MySQLi\Connection->execute()
 3 SYSTEMPATH/Database/BaseConnection.php(648): CodeIgniter\Database\BaseConnection->simpleQuery()
 4 SYSTEMPATH/Database/BaseBuilder.php(2340): CodeIgniter\Database\BaseConnection->query()
 5 APPPATH/Models/Esp32Model.php(24): CodeIgniter\Database\BaseBuilder->insert()
 6 APPPATH/Controllers/esp32controller.php(15): App\Models\Esp32Model->insertar_registro()
 7 SYSTEMPATH/CodeIgniter.php(933): App\Controllers\esp32controller->insertar_registro()
 8 SYSTEMPATH/CodeIgniter.php(509): CodeIgniter\CodeIgniter->runController()
 9 SYSTEMPATH/CodeIgniter.php(355): CodeIgniter\CodeIgniter->handleRequest()
10 SYSTEMPATH/Boot.php(325): CodeIgniter\CodeIgniter->run()
11 SYSTEMPATH/Boot.php(67): CodeIgniter\Boot::runCodeIgniter()
12 FCPATH/index.php(56): CodeIgniter\Boot::bootWeb()
INFO - 2025-06-03 12:42:11 --> Session: Class initialized using 'CodeIgniter\Session\Handlers\FileHandler' driver.
INFO - 2025-06-03 12:42:13 --> Session: Class initialized using 'CodeIgniter\Session\Handlers\FileHandler' driver.
INFO - 2025-06-03 12:42:13 --> Session: Class initialized using 'CodeIgniter\Session\Handlers\FileHandler' driver.
INFO - 2025-06-03 12:42:15 --> Session: Class initialized using 'CodeIgniter\Session\Handlers\FileHandler' driver.
WARNING - 2025-06-03 12:42:15 --> Session: Sessions is enabled, and one exists. Please don't $session->start();
INFO - 2025-06-03 12:42:15 --> Session: Class initialized using 'CodeIgniter\Session\Handlers\FileHandler' driver.
INFO - 2025-06-03 12:42:17 --> Session: Class initialized using 'CodeIgniter\Session\Handlers\FileHandler' driver.
INFO - 2025-06-03 12:42:39 --> Session: Class initialized using 'CodeIgniter\Session\Handlers\FileHandler' driver.
INFO - 2025-06-03 12:42:41 --> Session: Class initialized using 'CodeIgniter\Session\Handlers\FileHandler' driver.
INFO - 2025-06-03 12:45:03 --> Session: Class initialized using 'CodeIgniter\Session\Handlers\FileHandler' driver.
INFO - 2025-06-03 12:45:09 --> Session: Class initialized using 'CodeIgniter\Session\Handlers\FileHandler' driver.
INFO - 2025-06-03 12:45:19 --> Session: Class initialized using 'CodeIgniter\Session\Handlers\FileHandler' driver.
INFO - 2025-06-03 12:45:20 --> Session: Class initialized using 'CodeIgniter\Session\Handlers\FileHandler' driver.
INFO - 2025-06-03 12:45:22 --> Session: Class initialized using 'CodeIgniter\Session\Handlers\FileHandler' driver.
WARNING - 2025-06-03 12:45:22 --> Session: Sessions is enabled, and one exists. Please don't $session->start();
INFO - 2025-06-03 12:45:22 --> Session: Class initialized using 'CodeIgniter\Session\Handlers\FileHandler' driver.
INFO - 2025-06-03 12:45:24 --> Session: Class initialized using 'CodeIgniter\Session\Handlers\FileHandler' driver.
INFO - 2025-06-03 12:45:40 --> Session: Class initialized using 'CodeIgniter\Session\Handlers\FileHandler' driver.
INFO - 2025-06-03 12:45:50 --> Session: Class initialized using 'CodeIgniter\Session\Handlers\FileHandler' driver.
INFO - 2025-06-03 12:45:53 --> Session: Class initialized using 'CodeIgniter\Session\Handlers\FileHandler' driver.
INFO - 2025-06-03 12:45:53 --> Session: Class initialized using 'CodeIgniter\Session\Handlers\FileHandler' driver.
INFO - 2025-06-03 12:45:54 --> Session: Class initialized using 'CodeIgniter\Session\Handlers\FileHandler' driver.
INFO - 2025-06-03 12:45:55 --> Session: Class initialized using 'CodeIgniter\Session\Handlers\FileHandler' driver.
INFO - 2025-06-03 12:45:56 --> Session: Class initialized using 'CodeIgniter\Session\Handlers\FileHandler' driver.
INFO - 2025-06-03 12:45:56 --> Session: Class initialized using 'CodeIgniter\Session\Handlers\FileHandler' driver.
INFO - 2025-06-03 12:45:57 --> Session: Class initialized using 'CodeIgniter\Session\Handlers\FileHandler' driver.
INFO - 2025-06-03 12:45:57 --> Session: Class initialized using 'CodeIgniter\Session\Handlers\FileHandler' driver.
INFO - 2025-06-03 12:45:58 --> Session: Class initialized using 'CodeIgniter\Session\Handlers\FileHandler' driver.
INFO - 2025-06-03 12:45:58 --> Session: Class initialized using 'CodeIgniter\Session\Handlers\FileHandler' driver.
INFO - 2025-06-03 12:46:07 --> Session: Class initialized using 'CodeIgniter\Session\Handlers\FileHandler' driver.
INFO - 2025-06-03 12:46:07 --> Session: Class initialized using 'CodeIgniter\Session\Handlers\FileHandler' driver.
INFO - 2025-06-03 12:46:07 --> Session: Class initialized using 'CodeIgniter\Session\Handlers\FileHandler' driver.
INFO - 2025-06-03 12:46:09 --> Session: Class initialized using 'CodeIgniter\Session\Handlers\FileHandler' driver.
INFO - 2025-06-03 12:46:09 --> Session: Class initialized using 'CodeIgniter\Session\Handlers\FileHandler' driver.
INFO - 2025-06-03 12:46:21 --> Session: Class initialized using 'CodeIgniter\Session\Handlers\FileHandler' driver.
INFO - 2025-06-03 12:52:39 --> Session: Class initialized using 'CodeIgniter\Session\Handlers\FileHandler' driver.
INFO - 2025-06-03 12:52:43 --> Session: Class initialized using 'CodeIgniter\Session\Handlers\FileHandler' driver.
INFO - 2025-06-03 12:52:49 --> Session: Class initialized using 'CodeIgniter\Session\Handlers\FileHandler' driver.
INFO - 2025-06-03 12:52:52 --> Session: Class initialized using 'CodeIgniter\Session\Handlers\FileHandler' driver.
INFO - 2025-06-03 12:52:52 --> Session: Class initialized using 'CodeIgniter\Session\Handlers\FileHandler' driver.
INFO - 2025-06-03 12:52:58 --> Session: Class initialized using 'CodeIgniter\Session\Handlers\FileHandler' driver.
WARNING - 2025-06-03 12:52:58 --> Session: Sessions is enabled, and one exists. Please don't $session->start();
INFO - 2025-06-03 12:52:59 --> Session: Class initialized using 'CodeIgniter\Session\Handlers\FileHandler' driver.
INFO - 2025-06-03 12:53:08 --> Session: Class initialized using 'CodeIgniter\Session\Handlers\FileHandler' driver.
INFO - 2025-06-03 12:53:12 --> Session: Class initialized using 'CodeIgniter\Session\Handlers\FileHandler' driver.
INFO - 2025-06-03 12:53:14 --> Session: Class initialized using 'CodeIgniter\Session\Handlers\FileHandler' driver.
INFO - 2025-06-03 12:53:15 --> Session: Class initialized using 'CodeIgniter\Session\Handlers\FileHandler' driver.
INFO - 2025-06-03 12:53:16 --> Session: Class initialized using 'CodeIgniter\Session\Handlers\FileHandler' driver.
INFO - 2025-06-03 12:53:19 --> Session: Class initialized using 'CodeIgniter\Session\Handlers\FileHandler' driver.
INFO - 2025-06-03 12:53:23 --> Session: Class initialized using 'CodeIgniter\Session\Handlers\FileHandler' driver.
INFO - 2025-06-03 12:53:25 --> Session: Class initialized using 'CodeIgniter\Session\Handlers\FileHandler' driver.
INFO - 2025-06-03 12:53:29 --> Session: Class initialized using 'CodeIgniter\Session\Handlers\FileHandler' driver.
INFO - 2025-06-03 12:53:32 --> Session: Class initialized using 'CodeIgniter\Session\Handlers\FileHandler' driver.
INFO - 2025-06-03 12:53:33 --> Session: Class initialized using 'CodeIgniter\Session\Handlers\FileHandler' driver.
INFO - 2025-06-03 12:57:05 --> Session: Class initialized using 'CodeIgniter\Session\Handlers\FileHandler' driver.
INFO - 2025-06-03 12:57:14 --> Session: Class initialized using 'CodeIgniter\Session\Handlers\FileHandler' driver.
INFO - 2025-06-03 12:57:17 --> Session: Class initialized using 'CodeIgniter\Session\Handlers\FileHandler' driver.
INFO - 2025-06-03 12:57:17 --> Session: Class initialized using 'CodeIgniter\Session\Handlers\FileHandler' driver.
INFO - 2025-06-03 12:57:18 --> Session: Class initialized using 'CodeIgniter\Session\Handlers\FileHandler' driver.
WARNING - 2025-06-03 12:57:18 --> Session: Sessions is enabled, and one exists. Please don't $session->start();
INFO - 2025-06-03 12:57:19 --> Session: Class initialized using 'CodeIgniter\Session\Handlers\FileHandler' driver.
INFO - 2025-06-03 12:57:20 --> Session: Class initialized using 'CodeIgniter\Session\Handlers\FileHandler' driver.
INFO - 2025-06-03 12:57:22 --> Session: Class initialized using 'CodeIgniter\Session\Handlers\FileHandler' driver.
INFO - 2025-06-03 12:57:22 --> Session: Class initialized using 'CodeIgniter\Session\Handlers\FileHandler' driver.
INFO - 2025-06-03 12:57:23 --> Session: Class initialized using 'CodeIgniter\Session\Handlers\FileHandler' driver.
INFO - 2025-06-03 12:57:23 --> Session: Class initialized using 'CodeIgniter\Session\Handlers\FileHandler' driver.
INFO - 2025-06-03 12:57:31 --> Session: Class initialized using 'CodeIgniter\Session\Handlers\FileHandler' driver.
INFO - 2025-06-03 12:57:37 --> Session: Class initialized using 'CodeIgniter\Session\Handlers\FileHandler' driver.
INFO - 2025-06-03 12:57:41 --> Session: Class initialized using 'CodeIgniter\Session\Handlers\FileHandler' driver.
INFO - 2025-06-03 12:57:44 --> Session: Class initialized using 'CodeIgniter\Session\Handlers\FileHandler' driver.
INFO - 2025-06-03 12:59:49 --> Session: Class initialized using 'CodeIgniter\Session\Handlers\FileHandler' driver.
INFO - 2025-06-03 12:59:50 --> Session: Class initialized using 'CodeIgniter\Session\Handlers\FileHandler' driver.
INFO - 2025-06-03 13:00:03 --> Session: Class initialized using 'CodeIgniter\Session\Handlers\FileHandler' driver.
INFO - 2025-06-03 13:00:08 --> Session: Class initialized using 'CodeIgniter\Session\Handlers\FileHandler' driver.
INFO - 2025-06-03 13:00:13 --> Session: Class initialized using 'CodeIgniter\Session\Handlers\FileHandler' driver.
INFO - 2025-06-03 13:00:15 --> Session: Class initialized using 'CodeIgniter\Session\Handlers\FileHandler' driver.
INFO - 2025-06-03 13:00:45 --> Session: Class initialized using 'CodeIgniter\Session\Handlers\FileHandler' driver.
INFO - 2025-06-03 13:00:49 --> Session: Class initialized using 'CodeIgniter\Session\Handlers\FileHandler' driver.
INFO - 2025-06-03 13:00:50 --> Session: Class initialized using 'CodeIgniter\Session\Handlers\FileHandler' driver.
INFO - 2025-06-03 13:00:51 --> Session: Class initialized using 'CodeIgniter\Session\Handlers\FileHandler' driver.
WARNING - 2025-06-03 13:00:51 --> Session: Sessions is enabled, and one exists. Please don't $session->start();
INFO - 2025-06-03 13:00:51 --> Session: Class initialized using 'CodeIgniter\Session\Handlers\FileHandler' driver.
INFO - 2025-06-03 13:01:08 --> Session: Class initialized using 'CodeIgniter\Session\Handlers\FileHandler' driver.
INFO - 2025-06-03 13:01:09 --> Session: Class initialized using 'CodeIgniter\Session\Handlers\FileHandler' driver.
INFO - 2025-06-03 13:01:30 --> Session: Class initialized using 'CodeIgniter\Session\Handlers\FileHandler' driver.
INFO - 2025-06-03 13:01:31 --> Session: Class initialized using 'CodeIgniter\Session\Handlers\FileHandler' driver.
INFO - 2025-06-03 13:01:31 --> Session: Class initialized using 'CodeIgniter\Session\Handlers\FileHandler' driver.
INFO - 2025-06-03 13:01:33 --> Session: Class initialized using 'CodeIgniter\Session\Handlers\FileHandler' driver.
INFO - 2025-06-03 13:01:35 --> Session: Class initialized using 'CodeIgniter\Session\Handlers\FileHandler' driver.
INFO - 2025-06-03 13:01:41 --> Session: Class initialized using 'CodeIgniter\Session\Handlers\FileHandler' driver.
INFO - 2025-06-03 13:01:45 --> Session: Class initialized using 'CodeIgniter\Session\Handlers\FileHandler' driver.
INFO - 2025-06-03 13:02:17 --> Session: Class initialized using 'CodeIgniter\Session\Handlers\FileHandler' driver.
INFO - 2025-06-03 13:02:24 --> Session: Class initialized using 'CodeIgniter\Session\Handlers\FileHandler' driver.
INFO - 2025-06-03 13:02:35 --> Session: Class initialized using 'CodeIgniter\Session\Handlers\FileHandler' driver.
INFO - 2025-06-03 13:02:47 --> Session: Class initialized using 'CodeIgniter\Session\Handlers\FileHandler' driver.
INFO - 2025-06-03 13:08:31 --> Session: Class initialized using 'CodeIgniter\Session\Handlers\FileHandler' driver.
INFO - 2025-06-03 13:08:35 --> Session: Class initialized using 'CodeIgniter\Session\Handlers\FileHandler' driver.
INFO - 2025-06-03 13:08:39 --> Session: Class initialized using 'CodeIgniter\Session\Handlers\FileHandler' driver.
INFO - 2025-06-03 13:10:59 --> Session: Class initialized using 'CodeIgniter\Session\Handlers\FileHandler' driver.
INFO - 2025-06-03 13:11:01 --> Session: Class initialized using 'CodeIgniter\Session\Handlers\FileHandler' driver.
INFO - 2025-06-03 13:11:01 --> Session: Class initialized using 'CodeIgniter\Session\Handlers\FileHandler' driver.
INFO - 2025-06-03 13:11:15 --> Session: Class initialized using 'CodeIgniter\Session\Handlers\FileHandler' driver.
WARNING - 2025-06-03 13:11:15 --> Session: Sessions is enabled, and one exists. Please don't $session->start();
INFO - 2025-06-03 13:11:15 --> Session: Class initialized using 'CodeIgniter\Session\Handlers\FileHandler' driver.
INFO - 2025-06-03 13:11:17 --> Session: Class initialized using 'CodeIgniter\Session\Handlers\FileHandler' driver.
INFO - 2025-06-03 13:11:18 --> Session: Class initialized using 'CodeIgniter\Session\Handlers\FileHandler' driver.
INFO - 2025-06-03 13:11:20 --> Session: Class initialized using 'CodeIgniter\Session\Handlers\FileHandler' driver.
INFO - 2025-06-03 13:11:22 --> Session: Class initialized using 'CodeIgniter\Session\Handlers\FileHandler' driver.
INFO - 2025-06-03 13:11:22 --> Session: Class initialized using 'CodeIgniter\Session\Handlers\FileHandler' driver.
INFO - 2025-06-03 13:11:23 --> Session: Class initialized using 'CodeIgniter\Session\Handlers\FileHandler' driver.
INFO - 2025-06-03 13:11:24 --> Session: Class initialized using 'CodeIgniter\Session\Handlers\FileHandler' driver.
INFO - 2025-06-03 13:11:25 --> Session: Class initialized using 'CodeIgniter\Session\Handlers\FileHandler' driver.
INFO - 2025-06-03 13:11:28 --> Session: Class initialized using 'CodeIgniter\Session\Handlers\FileHandler' driver.
INFO - 2025-06-03 13:11:30 --> Session: Class initialized using 'CodeIgniter\Session\Handlers\FileHandler' driver.
INFO - 2025-06-03 13:11:34 --> Session: Class initialized using 'CodeIgniter\Session\Handlers\FileHandler' driver.
INFO - 2025-06-03 13:12:05 --> Session: Class initialized using 'CodeIgniter\Session\Handlers\FileHandler' driver.
INFO - 2025-06-03 13:12:18 --> Session: Class initialized using 'CodeIgniter\Session\Handlers\FileHandler' driver.
WARNING - 2025-06-03 13:12:18 --> Session: Sessions is enabled, and one exists. Please don't $session->start();
INFO - 2025-06-03 13:12:18 --> Session: Class initialized using 'CodeIgniter\Session\Handlers\FileHandler' driver.
INFO - 2025-06-03 13:12:25 --> Session: Class initialized using 'CodeIgniter\Session\Handlers\FileHandler' driver.
INFO - 2025-06-03 13:12:36 --> Session: Class initialized using 'CodeIgniter\Session\Handlers\FileHandler' driver.
INFO - 2025-06-03 13:12:36 --> Session: Class initialized using 'CodeIgniter\Session\Handlers\FileHandler' driver.
INFO - 2025-06-03 13:13:44 --> Session: Class initialized using 'CodeIgniter\Session\Handlers\FileHandler' driver.
INFO - 2025-06-03 13:13:48 --> Session: Class initialized using 'CodeIgniter\Session\Handlers\FileHandler' driver.
INFO - 2025-06-03 13:13:51 --> Session: Class initialized using 'CodeIgniter\Session\Handlers\FileHandler' driver.
INFO - 2025-06-03 13:14:01 --> Session: Class initialized using 'CodeIgniter\Session\Handlers\FileHandler' driver.
INFO - 2025-06-03 13:14:01 --> Session: Class initialized using 'CodeIgniter\Session\Handlers\FileHandler' driver.
INFO - 2025-06-03 13:14:07 --> Session: Class initialized using 'CodeIgniter\Session\Handlers\FileHandler' driver.
INFO - 2025-06-03 13:14:07 --> Session: Class initialized using 'CodeIgniter\Session\Handlers\FileHandler' driver.
INFO - 2025-06-03 13:14:12 --> Session: Class initialized using 'CodeIgniter\Session\Handlers\FileHandler' driver.
WARNING - 2025-06-03 13:14:12 --> Session: Sessions is enabled, and one exists. Please don't $session->start();
INFO - 2025-06-03 13:14:12 --> Session: Class initialized using 'CodeIgniter\Session\Handlers\FileHandler' driver.
INFO - 2025-06-03 13:18:35 --> Session: Class initialized using 'CodeIgniter\Session\Handlers\FileHandler' driver.
INFO - 2025-06-03 13:20:34 --> Session: Class initialized using 'CodeIgniter\Session\Handlers\FileHandler' driver.
INFO - 2025-06-03 13:20:44 --> Session: Class initialized using 'CodeIgniter\Session\Handlers\FileHandler' driver.
INFO - 2025-06-03 13:20:49 --> Session: Class initialized using 'CodeIgniter\Session\Handlers\FileHandler' driver.
INFO - 2025-06-03 13:20:52 --> Session: Class initialized using 'CodeIgniter\Session\Handlers\FileHandler' driver.
INFO - 2025-06-03 13:20:57 --> Session: Class initialized using 'CodeIgniter\Session\Handlers\FileHandler' driver.
INFO - 2025-06-03 13:21:01 --> Session: Class initialized using 'CodeIgniter\Session\Handlers\FileHandler' driver.
INFO - 2025-06-03 13:21:01 --> Session: Class initialized using 'CodeIgniter\Session\Handlers\FileHandler' driver.
INFO - 2025-06-03 13:21:06 --> Session: Class initialized using 'CodeIgniter\Session\Handlers\FileHandler' driver.
WARNING - 2025-06-03 13:21:06 --> Session: Sessions is enabled, and one exists. Please don't $session->start();
INFO - 2025-06-03 13:21:06 --> Session: Class initialized using 'CodeIgniter\Session\Handlers\FileHandler' driver.
INFO - 2025-06-03 13:21:07 --> Session: Class initialized using 'CodeIgniter\Session\Handlers\FileHandler' driver.
INFO - 2025-06-03 13:21:16 --> Session: Class initialized using 'CodeIgniter\Session\Handlers\FileHandler' driver.
INFO - 2025-06-03 13:21:19 --> Session: Class initialized using 'CodeIgniter\Session\Handlers\FileHandler' driver.
INFO - 2025-06-03 13:21:19 --> Session: Class initialized using 'CodeIgniter\Session\Handlers\FileHandler' driver.
INFO - 2025-06-03 13:21:21 --> Session: Class initialized using 'CodeIgniter\Session\Handlers\FileHandler' driver.
WARNING - 2025-06-03 13:21:21 --> Session: Sessions is enabled, and one exists. Please don't $session->start();
INFO - 2025-06-03 13:21:21 --> Session: Class initialized using 'CodeIgniter\Session\Handlers\FileHandler' driver.
INFO - 2025-06-03 13:21:22 --> Session: Class initialized using 'CodeIgniter\Session\Handlers\FileHandler' driver.
INFO - 2025-06-03 13:21:24 --> Session: Class initialized using 'CodeIgniter\Session\Handlers\FileHandler' driver.
INFO - 2025-06-03 13:21:27 --> Session: Class initialized using 'CodeIgniter\Session\Handlers\FileHandler' driver.
ERROR - 2025-06-03 13:21:27 --> mysqli_sql_exception: Cannot delete or update a parent row: a foreign key constraint fails (`codeigniter4_bd`.`usuario`, CONSTRAINT `usuario_ibfk_2` FOREIGN KEY (`ID_Tarjeta`) REFERENCES `tarjeta_acceso` (`ID_Tarjeta`)) in /var/www/html/Prueba/system/Database/MySQLi/Connection.php:312
Stack trace:
#0 /var/www/html/Prueba/system/Database/MySQLi/Connection.php(312): mysqli->query()
#1 /var/www/html/Prueba/system/Database/BaseConnection.php(734): CodeIgniter\Database\MySQLi\Connection->execute()
#2 /var/www/html/Prueba/system/Database/BaseConnection.php(648): CodeIgniter\Database\BaseConnection->simpleQuery()
#3 /var/www/html/Prueba/system/Database/BaseBuilder.php(2843): CodeIgniter\Database\BaseConnection->query()
#4 /var/www/html/Prueba/system/Model.php(521): CodeIgniter\Database\BaseBuilder->delete()
#5 /var/www/html/Prueba/system/BaseModel.php(1158): CodeIgniter\Model->doDelete()
#6 /var/www/html/Prueba/app/Controllers/TarjetaController.php(73): CodeIgniter\BaseModel->delete()
#7 /var/www/html/Prueba/system/CodeIgniter.php(933): App\Controllers\TarjetaController->delete()
#8 /var/www/html/Prueba/system/CodeIgniter.php(509): CodeIgniter\CodeIgniter->runController()
#9 /var/www/html/Prueba/system/CodeIgniter.php(355): CodeIgniter\CodeIgniter->handleRequest()
#10 /var/www/html/Prueba/system/Boot.php(325): CodeIgniter\CodeIgniter->run()
#11 /var/www/html/Prueba/system/Boot.php(67): CodeIgniter\Boot::runCodeIgniter()
#12 /var/www/html/Prueba/public/index.php(56): CodeIgniter\Boot::bootWeb()
#13 {main}
CRITICAL - 2025-06-03 13:21:27 --> CodeIgniter\Database\Exceptions\DatabaseException: Cannot delete or update a parent row: a foreign key constraint fails (`codeigniter4_bd`.`usuario`, CONSTRAINT `usuario_ibfk_2` FOREIGN KEY (`ID_Tarjeta`) REFERENCES `tarjeta_acceso` (`ID_Tarjeta`))
[Method: POST, Route: eliminar-tarjeta]
in SYSTEMPATH/Database/BaseConnection.php on line 688.
 1 SYSTEMPATH/Database/BaseBuilder.php(2843): CodeIgniter\Database\BaseConnection->query()
 2 SYSTEMPATH/Model.php(521): CodeIgniter\Database\BaseBuilder->delete()
 3 SYSTEMPATH/BaseModel.php(1158): CodeIgniter\Model->doDelete()
 4 APPPATH/Controllers/TarjetaController.php(73): CodeIgniter\BaseModel->delete()
 5 SYSTEMPATH/CodeIgniter.php(933): App\Controllers\TarjetaController->delete()
 6 SYSTEMPATH/CodeIgniter.php(509): CodeIgniter\CodeIgniter->runController()
 7 SYSTEMPATH/CodeIgniter.php(355): CodeIgniter\CodeIgniter->handleRequest()
 8 SYSTEMPATH/Boot.php(325): CodeIgniter\CodeIgniter->run()
 9 SYSTEMPATH/Boot.php(67): CodeIgniter\Boot::runCodeIgniter()
10 FCPATH/index.php(56): CodeIgniter\Boot::bootWeb()
CRITICAL - 2025-06-03 13:21:27 --> [Caused by] CodeIgniter\Database\Exceptions\DatabaseException: Cannot delete or update a parent row: a foreign key constraint fails (`codeigniter4_bd`.`usuario`, CONSTRAINT `usuario_ibfk_2` FOREIGN KEY (`ID_Tarjeta`) REFERENCES `tarjeta_acceso` (`ID_Tarjeta`))
in SYSTEMPATH/Database/MySQLi/Connection.php on line 317.
 1 SYSTEMPATH/Database/BaseConnection.php(734): CodeIgniter\Database\MySQLi\Connection->execute()
 2 SYSTEMPATH/Database/BaseConnection.php(648): CodeIgniter\Database\BaseConnection->simpleQuery()
 3 SYSTEMPATH/Database/BaseBuilder.php(2843): CodeIgniter\Database\BaseConnection->query()
 4 SYSTEMPATH/Model.php(521): CodeIgniter\Database\BaseBuilder->delete()
 5 SYSTEMPATH/BaseModel.php(1158): CodeIgniter\Model->doDelete()
 6 APPPATH/Controllers/TarjetaController.php(73): CodeIgniter\BaseModel->delete()
 7 SYSTEMPATH/CodeIgniter.php(933): App\Controllers\TarjetaController->delete()
 8 SYSTEMPATH/CodeIgniter.php(509): CodeIgniter\CodeIgniter->runController()
 9 SYSTEMPATH/CodeIgniter.php(355): CodeIgniter\CodeIgniter->handleRequest()
10 SYSTEMPATH/Boot.php(325): CodeIgniter\CodeIgniter->run()
11 SYSTEMPATH/Boot.php(67): CodeIgniter\Boot::runCodeIgniter()
12 FCPATH/index.php(56): CodeIgniter\Boot::bootWeb()
CRITICAL - 2025-06-03 13:21:27 --> [Caused by] mysqli_sql_exception: Cannot delete or update a parent row: a foreign key constraint fails (`codeigniter4_bd`.`usuario`, CONSTRAINT `usuario_ibfk_2` FOREIGN KEY (`ID_Tarjeta`) REFERENCES `tarjeta_acceso` (`ID_Tarjeta`))
in SYSTEMPATH/Database/MySQLi/Connection.php on line 312.
 1 SYSTEMPATH/Database/MySQLi/Connection.php(312): mysqli->query()
 2 SYSTEMPATH/Database/BaseConnection.php(734): CodeIgniter\Database\MySQLi\Connection->execute()
 3 SYSTEMPATH/Database/BaseConnection.php(648): CodeIgniter\Database\BaseConnection->simpleQuery()
 4 SYSTEMPATH/Database/BaseBuilder.php(2843): CodeIgniter\Database\BaseConnection->query()
 5 SYSTEMPATH/Model.php(521): CodeIgniter\Database\BaseBuilder->delete()
 6 SYSTEMPATH/BaseModel.php(1158): CodeIgniter\Model->doDelete()
 7 APPPATH/Controllers/TarjetaController.php(73): CodeIgniter\BaseModel->delete()
 8 SYSTEMPATH/CodeIgniter.php(933): App\Controllers\TarjetaController->delete()
 9 SYSTEMPATH/CodeIgniter.php(509): CodeIgniter\CodeIgniter->runController()
10 SYSTEMPATH/CodeIgniter.php(355): CodeIgniter\CodeIgniter->handleRequest()
11 SYSTEMPATH/Boot.php(325): CodeIgniter\CodeIgniter->run()
12 SYSTEMPATH/Boot.php(67): CodeIgniter\Boot::runCodeIgniter()
13 FCPATH/index.php(56): CodeIgniter\Boot::bootWeb()
INFO - 2025-06-03 13:21:34 --> Session: Class initialized using 'CodeIgniter\Session\Handlers\FileHandler' driver.
INFO - 2025-06-03 13:21:39 --> Session: Class initialized using 'CodeIgniter\Session\Handlers\FileHandler' driver.
ERROR - 2025-06-03 13:21:39 --> mysqli_sql_exception: Cannot delete or update a parent row: a foreign key constraint fails (`codeigniter4_bd`.`usuario`, CONSTRAINT `usuario_ibfk_2` FOREIGN KEY (`ID_Tarjeta`) REFERENCES `tarjeta_acceso` (`ID_Tarjeta`)) in /var/www/html/Prueba/system/Database/MySQLi/Connection.php:312
Stack trace:
#0 /var/www/html/Prueba/system/Database/MySQLi/Connection.php(312): mysqli->query()
#1 /var/www/html/Prueba/system/Database/BaseConnection.php(734): CodeIgniter\Database\MySQLi\Connection->execute()
#2 /var/www/html/Prueba/system/Database/BaseConnection.php(648): CodeIgniter\Database\BaseConnection->simpleQuery()
#3 /var/www/html/Prueba/system/Database/BaseBuilder.php(2843): CodeIgniter\Database\BaseConnection->query()
#4 /var/www/html/Prueba/system/Model.php(521): CodeIgniter\Database\BaseBuilder->delete()
#5 /var/www/html/Prueba/system/BaseModel.php(1158): CodeIgniter\Model->doDelete()
#6 /var/www/html/Prueba/app/Controllers/TarjetaController.php(73): CodeIgniter\BaseModel->delete()
#7 /var/www/html/Prueba/system/CodeIgniter.php(933): App\Controllers\TarjetaController->delete()
#8 /var/www/html/Prueba/system/CodeIgniter.php(509): CodeIgniter\CodeIgniter->runController()
#9 /var/www/html/Prueba/system/CodeIgniter.php(355): CodeIgniter\CodeIgniter->handleRequest()
#10 /var/www/html/Prueba/system/Boot.php(325): CodeIgniter\CodeIgniter->run()
#11 /var/www/html/Prueba/system/Boot.php(67): CodeIgniter\Boot::runCodeIgniter()
#12 /var/www/html/Prueba/public/index.php(56): CodeIgniter\Boot::bootWeb()
#13 {main}
CRITICAL - 2025-06-03 13:21:39 --> CodeIgniter\Database\Exceptions\DatabaseException: Cannot delete or update a parent row: a foreign key constraint fails (`codeigniter4_bd`.`usuario`, CONSTRAINT `usuario_ibfk_2` FOREIGN KEY (`ID_Tarjeta`) REFERENCES `tarjeta_acceso` (`ID_Tarjeta`))
[Method: POST, Route: eliminar-tarjeta]
in SYSTEMPATH/Database/BaseConnection.php on line 688.
 1 SYSTEMPATH/Database/BaseBuilder.php(2843): CodeIgniter\Database\BaseConnection->query()
 2 SYSTEMPATH/Model.php(521): CodeIgniter\Database\BaseBuilder->delete()
 3 SYSTEMPATH/BaseModel.php(1158): CodeIgniter\Model->doDelete()
 4 APPPATH/Controllers/TarjetaController.php(73): CodeIgniter\BaseModel->delete()
 5 SYSTEMPATH/CodeIgniter.php(933): App\Controllers\TarjetaController->delete()
 6 SYSTEMPATH/CodeIgniter.php(509): CodeIgniter\CodeIgniter->runController()
 7 SYSTEMPATH/CodeIgniter.php(355): CodeIgniter\CodeIgniter->handleRequest()
 8 SYSTEMPATH/Boot.php(325): CodeIgniter\CodeIgniter->run()
 9 SYSTEMPATH/Boot.php(67): CodeIgniter\Boot::runCodeIgniter()
10 FCPATH/index.php(56): CodeIgniter\Boot::bootWeb()
CRITICAL - 2025-06-03 13:21:39 --> [Caused by] CodeIgniter\Database\Exceptions\DatabaseException: Cannot delete or update a parent row: a foreign key constraint fails (`codeigniter4_bd`.`usuario`, CONSTRAINT `usuario_ibfk_2` FOREIGN KEY (`ID_Tarjeta`) REFERENCES `tarjeta_acceso` (`ID_Tarjeta`))
in SYSTEMPATH/Database/MySQLi/Connection.php on line 317.
 1 SYSTEMPATH/Database/BaseConnection.php(734): CodeIgniter\Database\MySQLi\Connection->execute()
 2 SYSTEMPATH/Database/BaseConnection.php(648): CodeIgniter\Database\BaseConnection->simpleQuery()
 3 SYSTEMPATH/Database/BaseBuilder.php(2843): CodeIgniter\Database\BaseConnection->query()
 4 SYSTEMPATH/Model.php(521): CodeIgniter\Database\BaseBuilder->delete()
 5 SYSTEMPATH/BaseModel.php(1158): CodeIgniter\Model->doDelete()
 6 APPPATH/Controllers/TarjetaController.php(73): CodeIgniter\BaseModel->delete()
 7 SYSTEMPATH/CodeIgniter.php(933): App\Controllers\TarjetaController->delete()
 8 SYSTEMPATH/CodeIgniter.php(509): CodeIgniter\CodeIgniter->runController()
 9 SYSTEMPATH/CodeIgniter.php(355): CodeIgniter\CodeIgniter->handleRequest()
10 SYSTEMPATH/Boot.php(325): CodeIgniter\CodeIgniter->run()
11 SYSTEMPATH/Boot.php(67): CodeIgniter\Boot::runCodeIgniter()
12 FCPATH/index.php(56): CodeIgniter\Boot::bootWeb()
CRITICAL - 2025-06-03 13:21:39 --> [Caused by] mysqli_sql_exception: Cannot delete or update a parent row: a foreign key constraint fails (`codeigniter4_bd`.`usuario`, CONSTRAINT `usuario_ibfk_2` FOREIGN KEY (`ID_Tarjeta`) REFERENCES `tarjeta_acceso` (`ID_Tarjeta`))
in SYSTEMPATH/Database/MySQLi/Connection.php on line 312.
 1 SYSTEMPATH/Database/MySQLi/Connection.php(312): mysqli->query()
 2 SYSTEMPATH/Database/BaseConnection.php(734): CodeIgniter\Database\MySQLi\Connection->execute()
 3 SYSTEMPATH/Database/BaseConnection.php(648): CodeIgniter\Database\BaseConnection->simpleQuery()
 4 SYSTEMPATH/Database/BaseBuilder.php(2843): CodeIgniter\Database\BaseConnection->query()
 5 SYSTEMPATH/Model.php(521): CodeIgniter\Database\BaseBuilder->delete()
 6 SYSTEMPATH/BaseModel.php(1158): CodeIgniter\Model->doDelete()
 7 APPPATH/Controllers/TarjetaController.php(73): CodeIgniter\BaseModel->delete()
 8 SYSTEMPATH/CodeIgniter.php(933): App\Controllers\TarjetaController->delete()
 9 SYSTEMPATH/CodeIgniter.php(509): CodeIgniter\CodeIgniter->runController()
10 SYSTEMPATH/CodeIgniter.php(355): CodeIgniter\CodeIgniter->handleRequest()
11 SYSTEMPATH/Boot.php(325): CodeIgniter\CodeIgniter->run()
12 SYSTEMPATH/Boot.php(67): CodeIgniter\Boot::runCodeIgniter()
13 FCPATH/index.php(56): CodeIgniter\Boot::bootWeb()
INFO - 2025-06-03 13:21:44 --> Session: Class initialized using 'CodeIgniter\Session\Handlers\FileHandler' driver.
INFO - 2025-06-03 13:21:47 --> Session: Class initialized using 'CodeIgniter\Session\Handlers\FileHandler' driver.
INFO - 2025-06-03 13:21:53 --> Session: Class initialized using 'CodeIgniter\Session\Handlers\FileHandler' driver.
INFO - 2025-06-03 13:21:53 --> ✅ Cambio registrado correctamente: [13:21:53] MT: El usuario "Joel Martinez Vilche" cambió su tarjeta de "2" a "43".

INFO - 2025-06-03 13:21:53 --> 📥 Actualización de usuario realizada: MT: El usuario "Joel Martinez Vilche" cambió su tarjeta de "2" a "43".
INFO - 2025-06-03 13:21:53 --> Session: Class initialized using 'CodeIgniter\Session\Handlers\FileHandler' driver.
INFO - 2025-06-03 13:21:54 --> Session: Class initialized using 'CodeIgniter\Session\Handlers\FileHandler' driver.
INFO - 2025-06-03 13:21:57 --> Session: Class initialized using 'CodeIgniter\Session\Handlers\FileHandler' driver.
INFO - 2025-06-03 13:21:57 --> ✅ Cambio registrado correctamente: [13:21:57] MT: El usuario "Federico Arias" cambió su tarjeta de "1" a "42".

INFO - 2025-06-03 13:21:57 --> 📥 Actualización de usuario realizada: MT: El usuario "Federico Arias" cambió su tarjeta de "1" a "42".
INFO - 2025-06-03 13:21:57 --> Session: Class initialized using 'CodeIgniter\Session\Handlers\FileHandler' driver.
INFO - 2025-06-03 13:21:59 --> Session: Class initialized using 'CodeIgniter\Session\Handlers\FileHandler' driver.
INFO - 2025-06-03 13:22:01 --> Session: Class initialized using 'CodeIgniter\Session\Handlers\FileHandler' driver.
INFO - 2025-06-03 13:22:01 --> ✅ Cambio registrado correctamente: [13:22:01] MT: El usuario "Catriel Garay" cambió su tarjeta de "2" a "44".

INFO - 2025-06-03 13:22:01 --> 📥 Actualización de usuario realizada: MT: El usuario "Catriel Garay" cambió su tarjeta de "2" a "44".
INFO - 2025-06-03 13:22:01 --> Session: Class initialized using 'CodeIgniter\Session\Handlers\FileHandler' driver.
INFO - 2025-06-03 13:22:02 --> Session: Class initialized using 'CodeIgniter\Session\Handlers\FileHandler' driver.
INFO - 2025-06-03 13:22:05 --> Session: Class initialized using 'CodeIgniter\Session\Handlers\FileHandler' driver.
INFO - 2025-06-03 13:22:05 --> ✅ Cambio registrado correctamente: [13:22:05] MT: El usuario "Santiago Salgado" cambió su tarjeta de "4" a "45".

INFO - 2025-06-03 13:22:05 --> 📥 Actualización de usuario realizada: MT: El usuario "Santiago Salgado" cambió su tarjeta de "4" a "45".
INFO - 2025-06-03 13:22:05 --> Session: Class initialized using 'CodeIgniter\Session\Handlers\FileHandler' driver.
INFO - 2025-06-03 13:22:09 --> Session: Class initialized using 'CodeIgniter\Session\Handlers\FileHandler' driver.
INFO - 2025-06-03 13:22:11 --> Session: Class initialized using 'CodeIgniter\Session\Handlers\FileHandler' driver.
INFO - 2025-06-03 13:22:11 --> Session: Class initialized using 'CodeIgniter\Session\Handlers\FileHandler' driver.
INFO - 2025-06-03 13:22:15 --> Session: Class initialized using 'CodeIgniter\Session\Handlers\FileHandler' driver.
INFO - 2025-06-03 13:22:15 --> Session: Class initialized using 'CodeIgniter\Session\Handlers\FileHandler' driver.
INFO - 2025-06-03 13:22:17 --> Session: Class initialized using 'CodeIgniter\Session\Handlers\FileHandler' driver.
INFO - 2025-06-03 13:22:17 --> Session: Class initialized using 'CodeIgniter\Session\Handlers\FileHandler' driver.
INFO - 2025-06-03 13:22:19 --> Session: Class initialized using 'CodeIgniter\Session\Handlers\FileHandler' driver.
INFO - 2025-06-03 13:22:19 --> Session: Class initialized using 'CodeIgniter\Session\Handlers\FileHandler' driver.
INFO - 2025-06-03 13:22:40 --> Session: Class initialized using 'CodeIgniter\Session\Handlers\FileHandler' driver.
INFO - 2025-06-03 13:22:42 --> Session: Class initialized using 'CodeIgniter\Session\Handlers\FileHandler' driver.
INFO - 2025-06-03 13:22:57 --> Session: Class initialized using 'CodeIgniter\Session\Handlers\FileHandler' driver.
INFO - 2025-06-03 13:23:00 --> Session: Class initialized using 'CodeIgniter\Session\Handlers\FileHandler' driver.
INFO - 2025-06-03 13:23:07 --> Session: Class initialized using 'CodeIgniter\Session\Handlers\FileHandler' driver.
INFO - 2025-06-03 13:23:09 --> Session: Class initialized using 'CodeIgniter\Session\Handlers\FileHandler' driver.
CRITICAL - 2025-06-03 13:23:32 --> ErrorException: Undefined variable $message
[Method: GET, Route: mono]
in APPPATH/Views/errors/html/error_404.php on line 231.
 1 APPPATH/Views/errors/html/error_404.php(231): CodeIgniter\Debug\Exceptions->errorHandler()
 2 SYSTEMPATH/View/View.php(234): include('/var/www/html/Prueba/app/Views/errors/html/error_404.php')
 3 SYSTEMPATH/View/View.php(237): CodeIgniter\View\View->CodeIgniter\View\{closure}()
 4 SYSTEMPATH/Common.php(1169): CodeIgniter\View\View->render()
 5 APPPATH/Config/Routes.php(60): view()
 6 SYSTEMPATH/CodeIgniter.php(955): CodeIgniter\Router\RouteCollection->{closure}()
 7 SYSTEMPATH/CodeIgniter.php(364): CodeIgniter\CodeIgniter->display404errors()
 8 SYSTEMPATH/Boot.php(325): CodeIgniter\CodeIgniter->run()
 9 SYSTEMPATH/Boot.php(67): CodeIgniter\Boot::runCodeIgniter()
10 FCPATH/index.php(56): CodeIgniter\Boot::bootWeb()
CRITICAL - 2025-06-03 13:23:32 --> ErrorException: Undefined variable $message
[Method: GET, Route: logo.png]
in APPPATH/Views/errors/html/error_404.php on line 231.
 1 APPPATH/Views/errors/html/error_404.php(231): CodeIgniter\Debug\Exceptions->errorHandler()
 2 SYSTEMPATH/View/View.php(234): include('/var/www/html/Prueba/app/Views/errors/html/error_404.php')
 3 SYSTEMPATH/View/View.php(237): CodeIgniter\View\View->CodeIgniter\View\{closure}()
 4 SYSTEMPATH/Common.php(1169): CodeIgniter\View\View->render()
 5 APPPATH/Config/Routes.php(60): view()
 6 SYSTEMPATH/CodeIgniter.php(955): CodeIgniter\Router\RouteCollection->{closure}()
 7 SYSTEMPATH/CodeIgniter.php(364): CodeIgniter\CodeIgniter->display404errors()
 8 SYSTEMPATH/Boot.php(325): CodeIgniter\CodeIgniter->run()
 9 SYSTEMPATH/Boot.php(67): CodeIgniter\Boot::runCodeIgniter()
10 FCPATH/index.php(56): CodeIgniter\Boot::bootWeb()
CRITICAL - 2025-06-03 13:24:05 --> ErrorException: Undefined variable $message
[Method: GET, Route: mono]
in APPPATH/Views/errors/html/error_404.php on line 231.
 1 APPPATH/Views/errors/html/error_404.php(231): CodeIgniter\Debug\Exceptions->errorHandler()
 2 SYSTEMPATH/View/View.php(234): include('/var/www/html/Prueba/app/Views/errors/html/error_404.php')
 3 SYSTEMPATH/View/View.php(237): CodeIgniter\View\View->CodeIgniter\View\{closure}()
 4 SYSTEMPATH/Common.php(1169): CodeIgniter\View\View->render()
 5 APPPATH/Config/Routes.php(60): view()
 6 SYSTEMPATH/CodeIgniter.php(955): CodeIgniter\Router\RouteCollection->{closure}()
 7 SYSTEMPATH/CodeIgniter.php(364): CodeIgniter\CodeIgniter->display404errors()
 8 SYSTEMPATH/Boot.php(325): CodeIgniter\CodeIgniter->run()
 9 SYSTEMPATH/Boot.php(67): CodeIgniter\Boot::runCodeIgniter()
10 FCPATH/index.php(56): CodeIgniter\Boot::bootWeb()
CRITICAL - 2025-06-03 13:30:22 --> ErrorException: Undefined variable $message
[Method: GET, Route: ecp/Current/exporttool/microsoft.exchange.ediscovery.exporttool.application]
in APPPATH/Views/errors/html/error_404.php on line 231.
 1 APPPATH/Views/errors/html/error_404.php(231): CodeIgniter\Debug\Exceptions->errorHandler()
 2 SYSTEMPATH/View/View.php(234): include('/var/www/html/Prueba/app/Views/errors/html/error_404.php')
 3 SYSTEMPATH/View/View.php(237): CodeIgniter\View\View->CodeIgniter\View\{closure}()
 4 SYSTEMPATH/Common.php(1169): CodeIgniter\View\View->render()
 5 APPPATH/Config/Routes.php(60): view()
 6 SYSTEMPATH/CodeIgniter.php(955): CodeIgniter\Router\RouteCollection->{closure}()
 7 SYSTEMPATH/CodeIgniter.php(364): CodeIgniter\CodeIgniter->display404errors()
 8 SYSTEMPATH/Boot.php(325): CodeIgniter\CodeIgniter->run()
 9 SYSTEMPATH/Boot.php(67): CodeIgniter\Boot::runCodeIgniter()
10 FCPATH/index.php(56): CodeIgniter\Boot::bootWeb()
INFO - 2025-06-03 13:31:07 --> Session: Class initialized using 'CodeIgniter\Session\Handlers\FileHandler' driver.
INFO - 2025-06-03 13:31:11 --> Session: Class initialized using 'CodeIgniter\Session\Handlers\FileHandler' driver.
INFO - 2025-06-03 13:31:11 --> Session: Class initialized using 'CodeIgniter\Session\Handlers\FileHandler' driver.
INFO - 2025-06-03 13:31:13 --> Session: Class initialized using 'CodeIgniter\Session\Handlers\FileHandler' driver.
WARNING - 2025-06-03 13:31:13 --> Session: Sessions is enabled, and one exists. Please don't $session->start();
INFO - 2025-06-03 13:31:13 --> Session: Class initialized using 'CodeIgniter\Session\Handlers\FileHandler' driver.
INFO - 2025-06-03 13:31:14 --> Session: Class initialized using 'CodeIgniter\Session\Handlers\FileHandler' driver.
INFO - 2025-06-03 13:31:15 --> Session: Class initialized using 'CodeIgniter\Session\Handlers\FileHandler' driver.
INFO - 2025-06-03 13:31:17 --> Session: Class initialized using 'CodeIgniter\Session\Handlers\FileHandler' driver.
ERROR - 2025-06-03 13:31:17 --> mysqli_sql_exception: Cannot delete or update a parent row: a foreign key constraint fails (`codeigniter4_bd`.`usuario`, CONSTRAINT `usuario_ibfk_2` FOREIGN KEY (`ID_Tarjeta`) REFERENCES `tarjeta_acceso` (`ID_Tarjeta`)) in /var/www/html/Prueba/system/Database/MySQLi/Connection.php:312
Stack trace:
#0 /var/www/html/Prueba/system/Database/MySQLi/Connection.php(312): mysqli->query()
#1 /var/www/html/Prueba/system/Database/BaseConnection.php(734): CodeIgniter\Database\MySQLi\Connection->execute()
#2 /var/www/html/Prueba/system/Database/BaseConnection.php(648): CodeIgniter\Database\BaseConnection->simpleQuery()
#3 /var/www/html/Prueba/system/Database/BaseBuilder.php(2843): CodeIgniter\Database\BaseConnection->query()
#4 /var/www/html/Prueba/system/Model.php(521): CodeIgniter\Database\BaseBuilder->delete()
#5 /var/www/html/Prueba/system/BaseModel.php(1158): CodeIgniter\Model->doDelete()
#6 /var/www/html/Prueba/app/Controllers/TarjetaController.php(73): CodeIgniter\BaseModel->delete()
#7 /var/www/html/Prueba/system/CodeIgniter.php(933): App\Controllers\TarjetaController->delete()
#8 /var/www/html/Prueba/system/CodeIgniter.php(509): CodeIgniter\CodeIgniter->runController()
#9 /var/www/html/Prueba/system/CodeIgniter.php(355): CodeIgniter\CodeIgniter->handleRequest()
#10 /var/www/html/Prueba/system/Boot.php(325): CodeIgniter\CodeIgniter->run()
#11 /var/www/html/Prueba/system/Boot.php(67): CodeIgniter\Boot::runCodeIgniter()
#12 /var/www/html/Prueba/public/index.php(56): CodeIgniter\Boot::bootWeb()
#13 {main}
CRITICAL - 2025-06-03 13:31:17 --> CodeIgniter\Database\Exceptions\DatabaseException: Cannot delete or update a parent row: a foreign key constraint fails (`codeigniter4_bd`.`usuario`, CONSTRAINT `usuario_ibfk_2` FOREIGN KEY (`ID_Tarjeta`) REFERENCES `tarjeta_acceso` (`ID_Tarjeta`))
[Method: POST, Route: eliminar-tarjeta]
in SYSTEMPATH/Database/BaseConnection.php on line 688.
 1 SYSTEMPATH/Database/BaseBuilder.php(2843): CodeIgniter\Database\BaseConnection->query()
 2 SYSTEMPATH/Model.php(521): CodeIgniter\Database\BaseBuilder->delete()
 3 SYSTEMPATH/BaseModel.php(1158): CodeIgniter\Model->doDelete()
 4 APPPATH/Controllers/TarjetaController.php(73): CodeIgniter\BaseModel->delete()
 5 SYSTEMPATH/CodeIgniter.php(933): App\Controllers\TarjetaController->delete()
 6 SYSTEMPATH/CodeIgniter.php(509): CodeIgniter\CodeIgniter->runController()
 7 SYSTEMPATH/CodeIgniter.php(355): CodeIgniter\CodeIgniter->handleRequest()
 8 SYSTEMPATH/Boot.php(325): CodeIgniter\CodeIgniter->run()
 9 SYSTEMPATH/Boot.php(67): CodeIgniter\Boot::runCodeIgniter()
10 FCPATH/index.php(56): CodeIgniter\Boot::bootWeb()
CRITICAL - 2025-06-03 13:31:17 --> [Caused by] CodeIgniter\Database\Exceptions\DatabaseException: Cannot delete or update a parent row: a foreign key constraint fails (`codeigniter4_bd`.`usuario`, CONSTRAINT `usuario_ibfk_2` FOREIGN KEY (`ID_Tarjeta`) REFERENCES `tarjeta_acceso` (`ID_Tarjeta`))
in SYSTEMPATH/Database/MySQLi/Connection.php on line 317.
 1 SYSTEMPATH/Database/BaseConnection.php(734): CodeIgniter\Database\MySQLi\Connection->execute()
 2 SYSTEMPATH/Database/BaseConnection.php(648): CodeIgniter\Database\BaseConnection->simpleQuery()
 3 SYSTEMPATH/Database/BaseBuilder.php(2843): CodeIgniter\Database\BaseConnection->query()
 4 SYSTEMPATH/Model.php(521): CodeIgniter\Database\BaseBuilder->delete()
 5 SYSTEMPATH/BaseModel.php(1158): CodeIgniter\Model->doDelete()
 6 APPPATH/Controllers/TarjetaController.php(73): CodeIgniter\BaseModel->delete()
 7 SYSTEMPATH/CodeIgniter.php(933): App\Controllers\TarjetaController->delete()
 8 SYSTEMPATH/CodeIgniter.php(509): CodeIgniter\CodeIgniter->runController()
 9 SYSTEMPATH/CodeIgniter.php(355): CodeIgniter\CodeIgniter->handleRequest()
10 SYSTEMPATH/Boot.php(325): CodeIgniter\CodeIgniter->run()
11 SYSTEMPATH/Boot.php(67): CodeIgniter\Boot::runCodeIgniter()
12 FCPATH/index.php(56): CodeIgniter\Boot::bootWeb()
CRITICAL - 2025-06-03 13:31:17 --> [Caused by] mysqli_sql_exception: Cannot delete or update a parent row: a foreign key constraint fails (`codeigniter4_bd`.`usuario`, CONSTRAINT `usuario_ibfk_2` FOREIGN KEY (`ID_Tarjeta`) REFERENCES `tarjeta_acceso` (`ID_Tarjeta`))
in SYSTEMPATH/Database/MySQLi/Connection.php on line 312.
 1 SYSTEMPATH/Database/MySQLi/Connection.php(312): mysqli->query()
 2 SYSTEMPATH/Database/BaseConnection.php(734): CodeIgniter\Database\MySQLi\Connection->execute()
 3 SYSTEMPATH/Database/BaseConnection.php(648): CodeIgniter\Database\BaseConnection->simpleQuery()
 4 SYSTEMPATH/Database/BaseBuilder.php(2843): CodeIgniter\Database\BaseConnection->query()
 5 SYSTEMPATH/Model.php(521): CodeIgniter\Database\BaseBuilder->delete()
 6 SYSTEMPATH/BaseModel.php(1158): CodeIgniter\Model->doDelete()
 7 APPPATH/Controllers/TarjetaController.php(73): CodeIgniter\BaseModel->delete()
 8 SYSTEMPATH/CodeIgniter.php(933): App\Controllers\TarjetaController->delete()
 9 SYSTEMPATH/CodeIgniter.php(509): CodeIgniter\CodeIgniter->runController()
10 SYSTEMPATH/CodeIgniter.php(355): CodeIgniter\CodeIgniter->handleRequest()
11 SYSTEMPATH/Boot.php(325): CodeIgniter\CodeIgniter->run()
12 SYSTEMPATH/Boot.php(67): CodeIgniter\Boot::runCodeIgniter()
13 FCPATH/index.php(56): CodeIgniter\Boot::bootWeb()
INFO - 2025-06-03 13:31:41 --> Session: Class initialized using 'CodeIgniter\Session\Handlers\FileHandler' driver.
INFO - 2025-06-03 13:31:41 --> Session: Class initialized using 'CodeIgniter\Session\Handlers\FileHandler' driver.
INFO - 2025-06-03 13:31:42 --> Session: Class initialized using 'CodeIgniter\Session\Handlers\FileHandler' driver.
INFO - 2025-06-03 13:31:42 --> Session: Class initialized using 'CodeIgniter\Session\Handlers\FileHandler' driver.
INFO - 2025-06-03 13:31:43 --> Session: Class initialized using 'CodeIgniter\Session\Handlers\FileHandler' driver.
INFO - 2025-06-03 13:31:43 --> Session: Class initialized using 'CodeIgniter\Session\Handlers\FileHandler' driver.
INFO - 2025-06-03 13:31:44 --> Session: Class initialized using 'CodeIgniter\Session\Handlers\FileHandler' driver.
INFO - 2025-06-03 13:31:44 --> Session: Class initialized using 'CodeIgniter\Session\Handlers\FileHandler' driver.
INFO - 2025-06-03 13:40:05 --> Session: Class initialized using 'CodeIgniter\Session\Handlers\FileHandler' driver.
INFO - 2025-06-03 13:40:05 --> Session: Class initialized using 'CodeIgniter\Session\Handlers\FileHandler' driver.
INFO - 2025-06-03 13:40:05 --> Session: Class initialized using 'CodeIgniter\Session\Handlers\FileHandler' driver.
INFO - 2025-06-03 13:40:23 --> Session: Class initialized using 'CodeIgniter\Session\Handlers\FileHandler' driver.
WARNING - 2025-06-03 13:40:23 --> Session: Sessions is enabled, and one exists. Please don't $session->start();
INFO - 2025-06-03 13:40:23 --> Session: Class initialized using 'CodeIgniter\Session\Handlers\FileHandler' driver.
INFO - 2025-06-03 13:44:51 --> Session: Class initialized using 'CodeIgniter\Session\Handlers\FileHandler' driver.
INFO - 2025-06-03 13:44:53 --> Session: Class initialized using 'CodeIgniter\Session\Handlers\FileHandler' driver.
INFO - 2025-06-03 13:44:54 --> Session: Class initialized using 'CodeIgniter\Session\Handlers\FileHandler' driver.
INFO - 2025-06-03 13:44:55 --> Session: Class initialized using 'CodeIgniter\Session\Handlers\FileHandler' driver.
WARNING - 2025-06-03 13:44:55 --> Session: Sessions is enabled, and one exists. Please don't $session->start();
INFO - 2025-06-03 13:44:55 --> Session: Class initialized using 'CodeIgniter\Session\Handlers\FileHandler' driver.
INFO - 2025-06-03 13:44:58 --> Session: Class initialized using 'CodeIgniter\Session\Handlers\FileHandler' driver.
INFO - 2025-06-03 13:45:00 --> Session: Class initialized using 'CodeIgniter\Session\Handlers\FileHandler' driver.
INFO - 2025-06-03 14:21:52 --> Session: Class initialized using 'CodeIgniter\Session\Handlers\FileHandler' driver.
INFO - 2025-06-03 14:34:13 --> Session: Class initialized using 'CodeIgniter\Session\Handlers\FileHandler' driver.
INFO - 2025-06-03 14:39:43 --> Session: Class initialized using 'CodeIgniter\Session\Handlers\FileHandler' driver.
INFO - 2025-06-03 15:08:00 --> Session: Class initialized using 'CodeIgniter\Session\Handlers\FileHandler' driver.
CRITICAL - 2025-06-03 15:17:49 --> ErrorException: Undefined variable $message
[Method: GET, Route: partymgr/control/main]
in APPPATH/Views/errors/html/error_404.php on line 231.
 1 APPPATH/Views/errors/html/error_404.php(231): CodeIgniter\Debug\Exceptions->errorHandler()
 2 SYSTEMPATH/View/View.php(234): include('/var/www/html/Prueba/app/Views/errors/html/error_404.php')
 3 SYSTEMPATH/View/View.php(237): CodeIgniter\View\View->CodeIgniter\View\{closure}()
 4 SYSTEMPATH/Common.php(1169): CodeIgniter\View\View->render()
 5 APPPATH/Config/Routes.php(60): view()
 6 SYSTEMPATH/CodeIgniter.php(955): CodeIgniter\Router\RouteCollection->{closure}()
 7 SYSTEMPATH/CodeIgniter.php(364): CodeIgniter\CodeIgniter->display404errors()
 8 SYSTEMPATH/Boot.php(325): CodeIgniter\CodeIgniter->run()
 9 SYSTEMPATH/Boot.php(67): CodeIgniter\Boot::runCodeIgniter()
10 FCPATH/index.php(56): CodeIgniter\Boot::bootWeb()
INFO - 2025-06-03 15:19:56 --> Session: Class initialized using 'CodeIgniter\Session\Handlers\FileHandler' driver.
INFO - 2025-06-03 15:22:06 --> Session: Class initialized using 'CodeIgniter\Session\Handlers\FileHandler' driver.
CRITICAL - 2025-06-03 15:59:55 --> ErrorException: Undefined variable $message
[Method: GET, Route: .git/config]
in APPPATH/Views/errors/html/error_404.php on line 231.
 1 APPPATH/Views/errors/html/error_404.php(231): CodeIgniter\Debug\Exceptions->errorHandler()
 2 SYSTEMPATH/View/View.php(234): include('/var/www/html/Prueba/app/Views/errors/html/error_404.php')
 3 SYSTEMPATH/View/View.php(237): CodeIgniter\View\View->CodeIgniter\View\{closure}()
 4 SYSTEMPATH/Common.php(1169): CodeIgniter\View\View->render()
 5 APPPATH/Config/Routes.php(60): view()
 6 SYSTEMPATH/CodeIgniter.php(955): CodeIgniter\Router\RouteCollection->{closure}()
 7 SYSTEMPATH/CodeIgniter.php(364): CodeIgniter\CodeIgniter->display404errors()
 8 SYSTEMPATH/Boot.php(325): CodeIgniter\CodeIgniter->run()
 9 SYSTEMPATH/Boot.php(67): CodeIgniter\Boot::runCodeIgniter()
10 FCPATH/index.php(56): CodeIgniter\Boot::bootWeb()
INFO - 2025-06-03 16:15:21 --> Session: Class initialized using 'CodeIgniter\Session\Handlers\FileHandler' driver.
INFO - 2025-06-03 16:26:13 --> Session: Class initialized using 'CodeIgniter\Session\Handlers\FileHandler' driver.
INFO - 2025-06-03 16:55:56 --> Session: Class initialized using 'CodeIgniter\Session\Handlers\FileHandler' driver.
INFO - 2025-06-03 17:27:08 --> Session: Class initialized using 'CodeIgniter\Session\Handlers\FileHandler' driver.
INFO - 2025-06-03 18:11:07 --> Session: Class initialized using 'CodeIgniter\Session\Handlers\FileHandler' driver.
INFO - 2025-06-03 18:11:20 --> Session: Class initialized using 'CodeIgniter\Session\Handlers\FileHandler' driver.
INFO - 2025-06-03 18:39:40 --> Session: Class initialized using 'CodeIgniter\Session\Handlers\FileHandler' driver.
INFO - 2025-06-03 18:46:44 --> Session: Class initialized using 'CodeIgniter\Session\Handlers\FileHandler' driver.
INFO - 2025-06-03 18:53:30 --> Session: Class initialized using 'CodeIgniter\Session\Handlers\FileHandler' driver.
INFO - 2025-06-03 18:53:50 --> Session: Class initialized using 'CodeIgniter\Session\Handlers\FileHandler' driver.
INFO - 2025-06-03 18:53:55 --> Session: Class initialized using 'CodeIgniter\Session\Handlers\FileHandler' driver.
INFO - 2025-06-03 18:57:41 --> Session: Class initialized using 'CodeIgniter\Session\Handlers\FileHandler' driver.
INFO - 2025-06-03 18:57:46 --> Session: Class initialized using 'CodeIgniter\Session\Handlers\FileHandler' driver.
INFO - 2025-06-03 18:57:49 --> Session: Class initialized using 'CodeIgniter\Session\Handlers\FileHandler' driver.
INFO - 2025-06-03 18:58:05 --> Session: Class initialized using 'CodeIgniter\Session\Handlers\FileHandler' driver.
INFO - 2025-06-03 18:58:13 --> Session: Class initialized using 'CodeIgniter\Session\Handlers\FileHandler' driver.
INFO - 2025-06-03 18:58:44 --> Session: Class initialized using 'CodeIgniter\Session\Handlers\FileHandler' driver.
INFO - 2025-06-03 18:58:49 --> Session: Class initialized using 'CodeIgniter\Session\Handlers\FileHandler' driver.
INFO - 2025-06-03 18:58:57 --> Session: Class initialized using 'CodeIgniter\Session\Handlers\FileHandler' driver.
INFO - 2025-06-03 18:59:02 --> Session: Class initialized using 'CodeIgniter\Session\Handlers\FileHandler' driver.
INFO - 2025-06-03 18:59:06 --> Session: Class initialized using 'CodeIgniter\Session\Handlers\FileHandler' driver.
INFO - 2025-06-03 19:01:48 --> Session: Class initialized using 'CodeIgniter\Session\Handlers\FileHandler' driver.
INFO - 2025-06-03 19:01:49 --> Session: Class initialized using 'CodeIgniter\Session\Handlers\FileHandler' driver.
INFO - 2025-06-03 19:14:41 --> Session: Class initialized using 'CodeIgniter\Session\Handlers\FileHandler' driver.
INFO - 2025-06-03 19:15:35 --> Session: Class initialized using 'CodeIgniter\Session\Handlers\FileHandler' driver.
INFO - 2025-06-03 19:15:39 --> Session: Class initialized using 'CodeIgniter\Session\Handlers\FileHandler' driver.
INFO - 2025-06-03 19:16:13 --> Session: Class initialized using 'CodeIgniter\Session\Handlers\FileHandler' driver.
INFO - 2025-06-03 19:30:27 --> Session: Class initialized using 'CodeIgniter\Session\Handlers\FileHandler' driver.
INFO - 2025-06-03 20:26:13 --> Session: Class initialized using 'CodeIgniter\Session\Handlers\FileHandler' driver.
CRITICAL - 2025-06-03 20:46:39 --> ErrorException: Undefined variable $message
[Method: GET, Route: wordpress/wp-admin/setup-config.php]
in APPPATH/Views/errors/html/error_404.php on line 231.
 1 APPPATH/Views/errors/html/error_404.php(231): CodeIgniter\Debug\Exceptions->errorHandler()
 2 SYSTEMPATH/View/View.php(234): include('/var/www/html/Prueba/app/Views/errors/html/error_404.php')
 3 SYSTEMPATH/View/View.php(237): CodeIgniter\View\View->CodeIgniter\View\{closure}()
 4 SYSTEMPATH/Common.php(1169): CodeIgniter\View\View->render()
 5 APPPATH/Config/Routes.php(60): view()
 6 SYSTEMPATH/CodeIgniter.php(955): CodeIgniter\Router\RouteCollection->{closure}()
 7 SYSTEMPATH/CodeIgniter.php(364): CodeIgniter\CodeIgniter->display404errors()
 8 SYSTEMPATH/Boot.php(325): CodeIgniter\CodeIgniter->run()
 9 SYSTEMPATH/Boot.php(67): CodeIgniter\Boot::runCodeIgniter()
10 FCPATH/index.php(56): CodeIgniter\Boot::bootWeb()
CRITICAL - 2025-06-03 20:47:09 --> ErrorException: Undefined variable $message
[Method: GET, Route: wp-admin/setup-config.php]
in APPPATH/Views/errors/html/error_404.php on line 231.
 1 APPPATH/Views/errors/html/error_404.php(231): CodeIgniter\Debug\Exceptions->errorHandler()
 2 SYSTEMPATH/View/View.php(234): include('/var/www/html/Prueba/app/Views/errors/html/error_404.php')
 3 SYSTEMPATH/View/View.php(237): CodeIgniter\View\View->CodeIgniter\View\{closure}()
 4 SYSTEMPATH/Common.php(1169): CodeIgniter\View\View->render()
 5 APPPATH/Config/Routes.php(60): view()
 6 SYSTEMPATH/CodeIgniter.php(955): CodeIgniter\Router\RouteCollection->{closure}()
 7 SYSTEMPATH/CodeIgniter.php(364): CodeIgniter\CodeIgniter->display404errors()
 8 SYSTEMPATH/Boot.php(325): CodeIgniter\CodeIgniter->run()
 9 SYSTEMPATH/Boot.php(67): CodeIgniter\Boot::runCodeIgniter()
10 FCPATH/index.php(56): CodeIgniter\Boot::bootWeb()
CRITICAL - 2025-06-03 20:48:17 --> ErrorException: Undefined variable $message
[Method: GET, Route: wordpress/wp-admin/setup-config.php]
in APPPATH/Views/errors/html/error_404.php on line 231.
 1 APPPATH/Views/errors/html/error_404.php(231): CodeIgniter\Debug\Exceptions->errorHandler()
 2 SYSTEMPATH/View/View.php(234): include('/var/www/html/Prueba/app/Views/errors/html/error_404.php')
 3 SYSTEMPATH/View/View.php(237): CodeIgniter\View\View->CodeIgniter\View\{closure}()
 4 SYSTEMPATH/Common.php(1169): CodeIgniter\View\View->render()
 5 APPPATH/Config/Routes.php(60): view()
 6 SYSTEMPATH/CodeIgniter.php(955): CodeIgniter\Router\RouteCollection->{closure}()
 7 SYSTEMPATH/CodeIgniter.php(364): CodeIgniter\CodeIgniter->display404errors()
 8 SYSTEMPATH/Boot.php(325): CodeIgniter\CodeIgniter->run()
 9 SYSTEMPATH/Boot.php(67): CodeIgniter\Boot::runCodeIgniter()
10 FCPATH/index.php(56): CodeIgniter\Boot::bootWeb()
CRITICAL - 2025-06-03 20:48:27 --> ErrorException: Undefined variable $message
[Method: GET, Route: wp-admin/setup-config.php]
in APPPATH/Views/errors/html/error_404.php on line 231.
 1 APPPATH/Views/errors/html/error_404.php(231): CodeIgniter\Debug\Exceptions->errorHandler()
 2 SYSTEMPATH/View/View.php(234): include('/var/www/html/Prueba/app/Views/errors/html/error_404.php')
 3 SYSTEMPATH/View/View.php(237): CodeIgniter\View\View->CodeIgniter\View\{closure}()
 4 SYSTEMPATH/Common.php(1169): CodeIgniter\View\View->render()
 5 APPPATH/Config/Routes.php(60): view()
 6 SYSTEMPATH/CodeIgniter.php(955): CodeIgniter\Router\RouteCollection->{closure}()
 7 SYSTEMPATH/CodeIgniter.php(364): CodeIgniter\CodeIgniter->display404errors()
 8 SYSTEMPATH/Boot.php(325): CodeIgniter\CodeIgniter->run()
 9 SYSTEMPATH/Boot.php(67): CodeIgniter\Boot::runCodeIgniter()
10 FCPATH/index.php(56): CodeIgniter\Boot::bootWeb()
INFO - 2025-06-03 21:03:20 --> Session: Class initialized using 'CodeIgniter\Session\Handlers\FileHandler' driver.
INFO - 2025-06-03 21:06:42 --> Session: Class initialized using 'CodeIgniter\Session\Handlers\FileHandler' driver.
INFO - 2025-06-03 21:34:30 --> Session: Class initialized using 'CodeIgniter\Session\Handlers\FileHandler' driver.
INFO - 2025-06-03 22:21:47 --> Session: Class initialized using 'CodeIgniter\Session\Handlers\FileHandler' driver.
INFO - 2025-06-03 23:13:20 --> Session: Class initialized using 'CodeIgniter\Session\Handlers\FileHandler' driver.
INFO - 2025-06-03 23:19:13 --> Session: Class initialized using 'CodeIgniter\Session\Handlers\FileHandler' driver.
INFO - 2025-06-03 23:21:07 --> Session: Class initialized using 'CodeIgniter\Session\Handlers\FileHandler' driver.
INFO - 2025-06-03 23:22:17 --> Session: Class initialized using 'CodeIgniter\Session\Handlers\FileHandler' driver.
INFO - 2025-06-03 23:23:52 --> Session: Class initialized using 'CodeIgniter\Session\Handlers\FileHandler' driver.
INFO - 2025-06-03 23:48:29 --> Session: Class initialized using 'CodeIgniter\Session\Handlers\FileHandler' driver.
