CRITICAL - 2025-09-04 00:05:31 --> ErrorException: Undefined variable $message
[Method: GET, Route: wp-admin/setup-config.php]
in APPPATH/Views/errors/html/error_404.php on line 172.
 1 APPPATH/Views/errors/html/error_404.php(172): CodeIgniter\Debug\Exceptions->errorHandler()
 2 SYSTEMPATH/View/View.php(234): include('/var/www/html/Prueba/app/Views/errors/html/error_404.php')
 3 SYSTEMPATH/View/View.php(237): CodeIgniter\View\View->CodeIgniter\View\{closure}()
 4 SYSTEMPATH/Common.php(1169): CodeIgniter\View\View->render()
 5 APPPATH/Config/Routes.php(74): view()
 6 SYSTEMPATH/CodeIgniter.php(955): CodeIgniter\Router\RouteCollection->{closure}()
 7 SYSTEMPATH/CodeIgniter.php(364): CodeIgniter\CodeIgniter->display404errors()
 8 SYSTEMPATH/Boot.php(325): CodeIgniter\CodeIgniter->run()
 9 SYSTEMPATH/Boot.php(67): CodeIgniter\Boot::runCodeIgniter()
10 FCPATH/index.php(56): CodeIgniter\Boot::bootWeb()
CRITICAL - 2025-09-04 00:05:41 --> ErrorException: Undefined variable $message
[Method: GET, Route: wp-admin/setup-config.php]
in APPPATH/Views/errors/html/error_404.php on line 172.
 1 APPPATH/Views/errors/html/error_404.php(172): CodeIgniter\Debug\Exceptions->errorHandler()
 2 SYSTEMPATH/View/View.php(234): include('/var/www/html/Prueba/app/Views/errors/html/error_404.php')
 3 SYSTEMPATH/View/View.php(237): CodeIgniter\View\View->CodeIgniter\View\{closure}()
 4 SYSTEMPATH/Common.php(1169): CodeIgniter\View\View->render()
 5 APPPATH/Config/Routes.php(74): view()
 6 SYSTEMPATH/CodeIgniter.php(955): CodeIgniter\Router\RouteCollection->{closure}()
 7 SYSTEMPATH/CodeIgniter.php(364): CodeIgniter\CodeIgniter->display404errors()
 8 SYSTEMPATH/Boot.php(325): CodeIgniter\CodeIgniter->run()
 9 SYSTEMPATH/Boot.php(67): CodeIgniter\Boot::runCodeIgniter()
10 FCPATH/index.php(56): CodeIgniter\Boot::bootWeb()
CRITICAL - 2025-09-04 00:07:35 --> ErrorException: Undefined variable $message
[Method: GET, Route: wordpress/wp-admin/setup-config.php]
in APPPATH/Views/errors/html/error_404.php on line 172.
 1 APPPATH/Views/errors/html/error_404.php(172): CodeIgniter\Debug\Exceptions->errorHandler()
 2 SYSTEMPATH/View/View.php(234): include('/var/www/html/Prueba/app/Views/errors/html/error_404.php')
 3 SYSTEMPATH/View/View.php(237): CodeIgniter\View\View->CodeIgniter\View\{closure}()
 4 SYSTEMPATH/Common.php(1169): CodeIgniter\View\View->render()
 5 APPPATH/Config/Routes.php(74): view()
 6 SYSTEMPATH/CodeIgniter.php(955): CodeIgniter\Router\RouteCollection->{closure}()
 7 SYSTEMPATH/CodeIgniter.php(364): CodeIgniter\CodeIgniter->display404errors()
 8 SYSTEMPATH/Boot.php(325): CodeIgniter\CodeIgniter->run()
 9 SYSTEMPATH/Boot.php(67): CodeIgniter\Boot::runCodeIgniter()
10 FCPATH/index.php(56): CodeIgniter\Boot::bootWeb()
CRITICAL - 2025-09-04 00:08:23 --> ErrorException: Undefined variable $message
[Method: GET, Route: wordpress/wp-admin/setup-config.php]
in APPPATH/Views/errors/html/error_404.php on line 172.
 1 APPPATH/Views/errors/html/error_404.php(172): CodeIgniter\Debug\Exceptions->errorHandler()
 2 SYSTEMPATH/View/View.php(234): include('/var/www/html/Prueba/app/Views/errors/html/error_404.php')
 3 SYSTEMPATH/View/View.php(237): CodeIgniter\View\View->CodeIgniter\View\{closure}()
 4 SYSTEMPATH/Common.php(1169): CodeIgniter\View\View->render()
 5 APPPATH/Config/Routes.php(74): view()
 6 SYSTEMPATH/CodeIgniter.php(955): CodeIgniter\Router\RouteCollection->{closure}()
 7 SYSTEMPATH/CodeIgniter.php(364): CodeIgniter\CodeIgniter->display404errors()
 8 SYSTEMPATH/Boot.php(325): CodeIgniter\CodeIgniter->run()
 9 SYSTEMPATH/Boot.php(67): CodeIgniter\Boot::runCodeIgniter()
10 FCPATH/index.php(56): CodeIgniter\Boot::bootWeb()
INFO - 2025-09-04 00:09:32 --> Session: Class initialized using 'CodeIgniter\Session\Handlers\FileHandler' driver.
WARNING - 2025-09-04 00:09:32 --> [DEPRECATED] Creation of dynamic property App\Controllers\AuthController::$validation is deprecated in APPPATH/Controllers/BaseController.php on line 75.
 1 SYSTEMPATH/CodeIgniter.php(904): App\Controllers\BaseController->initController(Object(CodeIgniter\HTTP\IncomingRequest), Object(CodeIgniter\HTTP\Response), Object(CodeIgniter\Log\Logger))
 2 SYSTEMPATH/CodeIgniter.php(500): CodeIgniter\CodeIgniter->createController()
 3 SYSTEMPATH/CodeIgniter.php(355): CodeIgniter\CodeIgniter->handleRequest(null, Object(Config\Cache), false)
 4 SYSTEMPATH/Boot.php(325): CodeIgniter\CodeIgniter->run()
 5 SYSTEMPATH/Boot.php(67): CodeIgniter\Boot::runCodeIgniter(Object(CodeIgniter\CodeIgniter))
 6 FCPATH/index.php(56): CodeIgniter\Boot::bootWeb(Object(Config\Paths))
INFO - 2025-09-04 00:18:52 --> Session: Class initialized using 'CodeIgniter\Session\Handlers\FileHandler' driver.
WARNING - 2025-09-04 00:18:52 --> [DEPRECATED] Creation of dynamic property App\Controllers\AuthController::$validation is deprecated in APPPATH/Controllers/BaseController.php on line 75.
 1 SYSTEMPATH/CodeIgniter.php(904): App\Controllers\BaseController->initController(Object(CodeIgniter\HTTP\IncomingRequest), Object(CodeIgniter\HTTP\Response), Object(CodeIgniter\Log\Logger))
 2 SYSTEMPATH/CodeIgniter.php(500): CodeIgniter\CodeIgniter->createController()
 3 SYSTEMPATH/CodeIgniter.php(355): CodeIgniter\CodeIgniter->handleRequest(null, Object(Config\Cache), false)
 4 SYSTEMPATH/Boot.php(325): CodeIgniter\CodeIgniter->run()
 5 SYSTEMPATH/Boot.php(67): CodeIgniter\Boot::runCodeIgniter(Object(CodeIgniter\CodeIgniter))
 6 FCPATH/index.php(56): CodeIgniter\Boot::bootWeb(Object(Config\Paths))
INFO - 2025-09-04 00:19:35 --> Session: Class initialized using 'CodeIgniter\Session\Handlers\FileHandler' driver.
WARNING - 2025-09-04 00:19:35 --> [DEPRECATED] Creation of dynamic property App\Controllers\AuthController::$validation is deprecated in APPPATH/Controllers/BaseController.php on line 75.
 1 SYSTEMPATH/CodeIgniter.php(904): App\Controllers\BaseController->initController(Object(CodeIgniter\HTTP\IncomingRequest), Object(CodeIgniter\HTTP\Response), Object(CodeIgniter\Log\Logger))
 2 SYSTEMPATH/CodeIgniter.php(500): CodeIgniter\CodeIgniter->createController()
 3 SYSTEMPATH/CodeIgniter.php(355): CodeIgniter\CodeIgniter->handleRequest(null, Object(Config\Cache), false)
 4 SYSTEMPATH/Boot.php(325): CodeIgniter\CodeIgniter->run()
 5 SYSTEMPATH/Boot.php(67): CodeIgniter\Boot::runCodeIgniter(Object(CodeIgniter\CodeIgniter))
 6 FCPATH/index.php(56): CodeIgniter\Boot::bootWeb(Object(Config\Paths))
INFO - 2025-09-04 00:19:51 --> Session: Class initialized using 'CodeIgniter\Session\Handlers\FileHandler' driver.
WARNING - 2025-09-04 00:19:51 --> [DEPRECATED] Creation of dynamic property App\Controllers\AuthController::$validation is deprecated in APPPATH/Controllers/BaseController.php on line 75.
 1 SYSTEMPATH/CodeIgniter.php(904): App\Controllers\BaseController->initController(Object(CodeIgniter\HTTP\IncomingRequest), Object(CodeIgniter\HTTP\Response), Object(CodeIgniter\Log\Logger))
 2 SYSTEMPATH/CodeIgniter.php(500): CodeIgniter\CodeIgniter->createController()
 3 SYSTEMPATH/CodeIgniter.php(355): CodeIgniter\CodeIgniter->handleRequest(null, Object(Config\Cache), false)
 4 SYSTEMPATH/Boot.php(325): CodeIgniter\CodeIgniter->run()
 5 SYSTEMPATH/Boot.php(67): CodeIgniter\Boot::runCodeIgniter(Object(CodeIgniter\CodeIgniter))
 6 FCPATH/index.php(56): CodeIgniter\Boot::bootWeb(Object(Config\Paths))
INFO - 2025-09-04 00:28:45 --> Session: Class initialized using 'CodeIgniter\Session\Handlers\FileHandler' driver.
WARNING - 2025-09-04 00:28:45 --> [DEPRECATED] Creation of dynamic property App\Controllers\AuthController::$validation is deprecated in APPPATH/Controllers/BaseController.php on line 75.
 1 SYSTEMPATH/CodeIgniter.php(904): App\Controllers\BaseController->initController(Object(CodeIgniter\HTTP\IncomingRequest), Object(CodeIgniter\HTTP\Response), Object(CodeIgniter\Log\Logger))
 2 SYSTEMPATH/CodeIgniter.php(500): CodeIgniter\CodeIgniter->createController()
 3 SYSTEMPATH/CodeIgniter.php(355): CodeIgniter\CodeIgniter->handleRequest(null, Object(Config\Cache), false)
 4 SYSTEMPATH/Boot.php(325): CodeIgniter\CodeIgniter->run()
 5 SYSTEMPATH/Boot.php(67): CodeIgniter\Boot::runCodeIgniter(Object(CodeIgniter\CodeIgniter))
 6 FCPATH/index.php(56): CodeIgniter\Boot::bootWeb(Object(Config\Paths))
INFO - 2025-09-04 00:31:12 --> Session: Class initialized using 'CodeIgniter\Session\Handlers\FileHandler' driver.
WARNING - 2025-09-04 00:31:12 --> [DEPRECATED] Creation of dynamic property App\Controllers\AuthController::$validation is deprecated in APPPATH/Controllers/BaseController.php on line 75.
 1 SYSTEMPATH/CodeIgniter.php(904): App\Controllers\BaseController->initController(Object(CodeIgniter\HTTP\IncomingRequest), Object(CodeIgniter\HTTP\Response), Object(CodeIgniter\Log\Logger))
 2 SYSTEMPATH/CodeIgniter.php(500): CodeIgniter\CodeIgniter->createController()
 3 SYSTEMPATH/CodeIgniter.php(355): CodeIgniter\CodeIgniter->handleRequest(null, Object(Config\Cache), false)
 4 SYSTEMPATH/Boot.php(325): CodeIgniter\CodeIgniter->run()
 5 SYSTEMPATH/Boot.php(67): CodeIgniter\Boot::runCodeIgniter(Object(CodeIgniter\CodeIgniter))
 6 FCPATH/index.php(56): CodeIgniter\Boot::bootWeb(Object(Config\Paths))
CRITICAL - 2025-09-04 00:31:12 --> ErrorException: Undefined variable $message
[Method: GET, Route: nmaplowercheck1756956695]
in APPPATH/Views/errors/html/error_404.php on line 172.
 1 APPPATH/Views/errors/html/error_404.php(172): CodeIgniter\Debug\Exceptions->errorHandler()
 2 SYSTEMPATH/View/View.php(234): include('/var/www/html/Prueba/app/Views/errors/html/error_404.php')
 3 SYSTEMPATH/View/View.php(237): CodeIgniter\View\View->CodeIgniter\View\{closure}()
 4 SYSTEMPATH/Common.php(1169): CodeIgniter\View\View->render()
 5 APPPATH/Config/Routes.php(74): view()
 6 SYSTEMPATH/CodeIgniter.php(955): CodeIgniter\Router\RouteCollection->{closure}()
 7 SYSTEMPATH/CodeIgniter.php(364): CodeIgniter\CodeIgniter->display404errors()
 8 SYSTEMPATH/Boot.php(325): CodeIgniter\CodeIgniter->run()
 9 SYSTEMPATH/Boot.php(67): CodeIgniter\Boot::runCodeIgniter()
10 FCPATH/index.php(56): CodeIgniter\Boot::bootWeb()
CRITICAL - 2025-09-04 00:31:12 --> ErrorException: Undefined variable $message
[Method: OPTIONS, Route: /]
in APPPATH/Views/errors/html/error_404.php on line 172.
 1 APPPATH/Views/errors/html/error_404.php(172): CodeIgniter\Debug\Exceptions->errorHandler()
 2 SYSTEMPATH/View/View.php(234): include('/var/www/html/Prueba/app/Views/errors/html/error_404.php')
 3 SYSTEMPATH/View/View.php(237): CodeIgniter\View\View->CodeIgniter\View\{closure}()
 4 SYSTEMPATH/Common.php(1169): CodeIgniter\View\View->render()
 5 APPPATH/Config/Routes.php(74): view()
 6 SYSTEMPATH/CodeIgniter.php(955): CodeIgniter\Router\RouteCollection->{closure}()
 7 SYSTEMPATH/CodeIgniter.php(364): CodeIgniter\CodeIgniter->display404errors()
 8 SYSTEMPATH/Boot.php(325): CodeIgniter\CodeIgniter->run()
 9 SYSTEMPATH/Boot.php(67): CodeIgniter\Boot::runCodeIgniter()
10 FCPATH/index.php(56): CodeIgniter\Boot::bootWeb()
CRITICAL - 2025-09-04 00:31:12 --> ErrorException: Undefined variable $message
[Method: POST, Route: /]
in APPPATH/Views/errors/html/error_404.php on line 172.
 1 APPPATH/Views/errors/html/error_404.php(172): CodeIgniter\Debug\Exceptions->errorHandler()
 2 SYSTEMPATH/View/View.php(234): include('/var/www/html/Prueba/app/Views/errors/html/error_404.php')
 3 SYSTEMPATH/View/View.php(237): CodeIgniter\View\View->CodeIgniter\View\{closure}()
 4 SYSTEMPATH/Common.php(1169): CodeIgniter\View\View->render()
 5 APPPATH/Config/Routes.php(74): view()
 6 SYSTEMPATH/CodeIgniter.php(955): CodeIgniter\Router\RouteCollection->{closure}()
 7 SYSTEMPATH/CodeIgniter.php(364): CodeIgniter\CodeIgniter->display404errors()
 8 SYSTEMPATH/Boot.php(325): CodeIgniter\CodeIgniter->run()
 9 SYSTEMPATH/Boot.php(67): CodeIgniter\Boot::runCodeIgniter()
10 FCPATH/index.php(56): CodeIgniter\Boot::bootWeb()
CRITICAL - 2025-09-04 00:31:12 --> ErrorException: Undefined variable $message
[Method: POST, Route: sdk]
in APPPATH/Views/errors/html/error_404.php on line 172.
 1 APPPATH/Views/errors/html/error_404.php(172): CodeIgniter\Debug\Exceptions->errorHandler()
 2 SYSTEMPATH/View/View.php(234): include('/var/www/html/Prueba/app/Views/errors/html/error_404.php')
 3 SYSTEMPATH/View/View.php(237): CodeIgniter\View\View->CodeIgniter\View\{closure}()
 4 SYSTEMPATH/Common.php(1169): CodeIgniter\View\View->render()
 5 APPPATH/Config/Routes.php(74): view()
 6 SYSTEMPATH/CodeIgniter.php(955): CodeIgniter\Router\RouteCollection->{closure}()
 7 SYSTEMPATH/CodeIgniter.php(364): CodeIgniter\CodeIgniter->display404errors()
 8 SYSTEMPATH/Boot.php(325): CodeIgniter\CodeIgniter->run()
 9 SYSTEMPATH/Boot.php(67): CodeIgniter\Boot::runCodeIgniter()
10 FCPATH/index.php(56): CodeIgniter\Boot::bootWeb()
CRITICAL - 2025-09-04 00:31:12 --> ErrorException: Undefined variable $message
[Method: PROPFIND, Route: /]
in APPPATH/Views/errors/html/error_404.php on line 172.
 1 APPPATH/Views/errors/html/error_404.php(172): CodeIgniter\Debug\Exceptions->errorHandler()
 2 SYSTEMPATH/View/View.php(234): include('/var/www/html/Prueba/app/Views/errors/html/error_404.php')
 3 SYSTEMPATH/View/View.php(237): CodeIgniter\View\View->CodeIgniter\View\{closure}()
 4 SYSTEMPATH/Common.php(1169): CodeIgniter\View\View->render()
 5 APPPATH/Config/Routes.php(74): view()
 6 SYSTEMPATH/CodeIgniter.php(955): CodeIgniter\Router\RouteCollection->{closure}()
 7 SYSTEMPATH/CodeIgniter.php(364): CodeIgniter\CodeIgniter->display404errors()
 8 SYSTEMPATH/Boot.php(325): CodeIgniter\CodeIgniter->run()
 9 SYSTEMPATH/Boot.php(67): CodeIgniter\Boot::runCodeIgniter()
10 FCPATH/index.php(56): CodeIgniter\Boot::bootWeb()
CRITICAL - 2025-09-04 00:31:12 --> ErrorException: Undefined variable $message
[Method: PROPFIND, Route: /]
in APPPATH/Views/errors/html/error_404.php on line 172.
 1 APPPATH/Views/errors/html/error_404.php(172): CodeIgniter\Debug\Exceptions->errorHandler()
 2 SYSTEMPATH/View/View.php(234): include('/var/www/html/Prueba/app/Views/errors/html/error_404.php')
 3 SYSTEMPATH/View/View.php(237): CodeIgniter\View\View->CodeIgniter\View\{closure}()
 4 SYSTEMPATH/Common.php(1169): CodeIgniter\View\View->render()
 5 APPPATH/Config/Routes.php(74): view()
 6 SYSTEMPATH/CodeIgniter.php(955): CodeIgniter\Router\RouteCollection->{closure}()
 7 SYSTEMPATH/CodeIgniter.php(364): CodeIgniter\CodeIgniter->display404errors()
 8 SYSTEMPATH/Boot.php(325): CodeIgniter\CodeIgniter->run()
 9 SYSTEMPATH/Boot.php(67): CodeIgniter\Boot::runCodeIgniter()
10 FCPATH/index.php(56): CodeIgniter\Boot::bootWeb()
CRITICAL - 2025-09-04 00:31:13 --> ErrorException: Undefined variable $message
[Method: PROPFIND, Route: /]
in APPPATH/Views/errors/html/error_404.php on line 172.
 1 APPPATH/Views/errors/html/error_404.php(172): CodeIgniter\Debug\Exceptions->errorHandler()
 2 SYSTEMPATH/View/View.php(234): include('/var/www/html/Prueba/app/Views/errors/html/error_404.php')
 3 SYSTEMPATH/View/View.php(237): CodeIgniter\View\View->CodeIgniter\View\{closure}()
 4 SYSTEMPATH/Common.php(1169): CodeIgniter\View\View->render()
 5 APPPATH/Config/Routes.php(74): view()
 6 SYSTEMPATH/CodeIgniter.php(955): CodeIgniter\Router\RouteCollection->{closure}()
 7 SYSTEMPATH/CodeIgniter.php(364): CodeIgniter\CodeIgniter->display404errors()
 8 SYSTEMPATH/Boot.php(325): CodeIgniter\CodeIgniter->run()
 9 SYSTEMPATH/Boot.php(67): CodeIgniter\Boot::runCodeIgniter()
10 FCPATH/index.php(56): CodeIgniter\Boot::bootWeb()
CRITICAL - 2025-09-04 00:31:13 --> ErrorException: Undefined variable $message
[Method: GET, Route: evox/about]
in APPPATH/Views/errors/html/error_404.php on line 172.
 1 APPPATH/Views/errors/html/error_404.php(172): CodeIgniter\Debug\Exceptions->errorHandler()
 2 SYSTEMPATH/View/View.php(234): include('/var/www/html/Prueba/app/Views/errors/html/error_404.php')
 3 SYSTEMPATH/View/View.php(237): CodeIgniter\View\View->CodeIgniter\View\{closure}()
 4 SYSTEMPATH/Common.php(1169): CodeIgniter\View\View->render()
 5 APPPATH/Config/Routes.php(74): view()
 6 SYSTEMPATH/CodeIgniter.php(955): CodeIgniter\Router\RouteCollection->{closure}()
 7 SYSTEMPATH/CodeIgniter.php(364): CodeIgniter\CodeIgniter->display404errors()
 8 SYSTEMPATH/Boot.php(325): CodeIgniter\CodeIgniter->run()
 9 SYSTEMPATH/Boot.php(67): CodeIgniter\Boot::runCodeIgniter()
10 FCPATH/index.php(56): CodeIgniter\Boot::bootWeb()
CRITICAL - 2025-09-04 00:31:13 --> ErrorException: Undefined variable $message
[Method: GET, Route: HNAP1]
in APPPATH/Views/errors/html/error_404.php on line 172.
 1 APPPATH/Views/errors/html/error_404.php(172): CodeIgniter\Debug\Exceptions->errorHandler()
 2 SYSTEMPATH/View/View.php(234): include('/var/www/html/Prueba/app/Views/errors/html/error_404.php')
 3 SYSTEMPATH/View/View.php(237): CodeIgniter\View\View->CodeIgniter\View\{closure}()
 4 SYSTEMPATH/Common.php(1169): CodeIgniter\View\View->render()
 5 APPPATH/Config/Routes.php(74): view()
 6 SYSTEMPATH/CodeIgniter.php(955): CodeIgniter\Router\RouteCollection->{closure}()
 7 SYSTEMPATH/CodeIgniter.php(364): CodeIgniter\CodeIgniter->display404errors()
 8 SYSTEMPATH/Boot.php(325): CodeIgniter\CodeIgniter->run()
 9 SYSTEMPATH/Boot.php(67): CodeIgniter\Boot::runCodeIgniter()
10 FCPATH/index.php(56): CodeIgniter\Boot::bootWeb()
CRITICAL - 2025-09-04 00:31:13 --> ErrorException: Undefined variable $message
[Method: OPTIONS, Route: /]
in APPPATH/Views/errors/html/error_404.php on line 172.
 1 APPPATH/Views/errors/html/error_404.php(172): CodeIgniter\Debug\Exceptions->errorHandler()
 2 SYSTEMPATH/View/View.php(234): include('/var/www/html/Prueba/app/Views/errors/html/error_404.php')
 3 SYSTEMPATH/View/View.php(237): CodeIgniter\View\View->CodeIgniter\View\{closure}()
 4 SYSTEMPATH/Common.php(1169): CodeIgniter\View\View->render()
 5 APPPATH/Config/Routes.php(74): view()
 6 SYSTEMPATH/CodeIgniter.php(955): CodeIgniter\Router\RouteCollection->{closure}()
 7 SYSTEMPATH/CodeIgniter.php(364): CodeIgniter\CodeIgniter->display404errors()
 8 SYSTEMPATH/Boot.php(325): CodeIgniter\CodeIgniter->run()
 9 SYSTEMPATH/Boot.php(67): CodeIgniter\Boot::runCodeIgniter()
10 FCPATH/index.php(56): CodeIgniter\Boot::bootWeb()
CRITICAL - 2025-09-04 00:31:13 --> ErrorException: Undefined variable $message
[Method: GET, Route: .git/HEAD]
in APPPATH/Views/errors/html/error_404.php on line 172.
 1 APPPATH/Views/errors/html/error_404.php(172): CodeIgniter\Debug\Exceptions->errorHandler()
 2 SYSTEMPATH/View/View.php(234): include('/var/www/html/Prueba/app/Views/errors/html/error_404.php')
 3 SYSTEMPATH/View/View.php(237): CodeIgniter\View\View->CodeIgniter\View\{closure}()
 4 SYSTEMPATH/Common.php(1169): CodeIgniter\View\View->render()
 5 APPPATH/Config/Routes.php(74): view()
 6 SYSTEMPATH/CodeIgniter.php(955): CodeIgniter\Router\RouteCollection->{closure}()
 7 SYSTEMPATH/CodeIgniter.php(364): CodeIgniter\CodeIgniter->display404errors()
 8 SYSTEMPATH/Boot.php(325): CodeIgniter\CodeIgniter->run()
 9 SYSTEMPATH/Boot.php(67): CodeIgniter\Boot::runCodeIgniter()
10 FCPATH/index.php(56): CodeIgniter\Boot::bootWeb()
CRITICAL - 2025-09-04 00:31:13 --> ErrorException: Undefined variable $message
[Method: OPTIONS, Route: /]
in APPPATH/Views/errors/html/error_404.php on line 172.
 1 APPPATH/Views/errors/html/error_404.php(172): CodeIgniter\Debug\Exceptions->errorHandler()
 2 SYSTEMPATH/View/View.php(234): include('/var/www/html/Prueba/app/Views/errors/html/error_404.php')
 3 SYSTEMPATH/View/View.php(237): CodeIgniter\View\View->CodeIgniter\View\{closure}()
 4 SYSTEMPATH/Common.php(1169): CodeIgniter\View\View->render()
 5 APPPATH/Config/Routes.php(74): view()
 6 SYSTEMPATH/CodeIgniter.php(955): CodeIgniter\Router\RouteCollection->{closure}()
 7 SYSTEMPATH/CodeIgniter.php(364): CodeIgniter\CodeIgniter->display404errors()
 8 SYSTEMPATH/Boot.php(325): CodeIgniter\CodeIgniter->run()
 9 SYSTEMPATH/Boot.php(67): CodeIgniter\Boot::runCodeIgniter()
10 FCPATH/index.php(56): CodeIgniter\Boot::bootWeb()
CRITICAL - 2025-09-04 00:31:13 --> ErrorException: Undefined variable $message
[Method: CHXS, Route: /]
in APPPATH/Views/errors/html/error_404.php on line 172.
 1 APPPATH/Views/errors/html/error_404.php(172): CodeIgniter\Debug\Exceptions->errorHandler()
 2 SYSTEMPATH/View/View.php(234): include('/var/www/html/Prueba/app/Views/errors/html/error_404.php')
 3 SYSTEMPATH/View/View.php(237): CodeIgniter\View\View->CodeIgniter\View\{closure}()
 4 SYSTEMPATH/Common.php(1169): CodeIgniter\View\View->render()
 5 APPPATH/Config/Routes.php(74): view()
 6 SYSTEMPATH/CodeIgniter.php(955): CodeIgniter\Router\RouteCollection->{closure}()
 7 SYSTEMPATH/CodeIgniter.php(364): CodeIgniter\CodeIgniter->display404errors()
 8 SYSTEMPATH/Boot.php(325): CodeIgniter\CodeIgniter->run()
 9 SYSTEMPATH/Boot.php(67): CodeIgniter\Boot::runCodeIgniter()
10 FCPATH/index.php(56): CodeIgniter\Boot::bootWeb()
CRITICAL - 2025-09-04 00:31:13 --> ErrorException: Undefined variable $message
[Method: OPTIONS, Route: /]
in APPPATH/Views/errors/html/error_404.php on line 172.
 1 APPPATH/Views/errors/html/error_404.php(172): CodeIgniter\Debug\Exceptions->errorHandler()
 2 SYSTEMPATH/View/View.php(234): include('/var/www/html/Prueba/app/Views/errors/html/error_404.php')
 3 SYSTEMPATH/View/View.php(237): CodeIgniter\View\View->CodeIgniter\View\{closure}()
 4 SYSTEMPATH/Common.php(1169): CodeIgniter\View\View->render()
 5 APPPATH/Config/Routes.php(74): view()
 6 SYSTEMPATH/CodeIgniter.php(955): CodeIgniter\Router\RouteCollection->{closure}()
 7 SYSTEMPATH/CodeIgniter.php(364): CodeIgniter\CodeIgniter->display404errors()
 8 SYSTEMPATH/Boot.php(325): CodeIgniter\CodeIgniter->run()
 9 SYSTEMPATH/Boot.php(67): CodeIgniter\Boot::runCodeIgniter()
10 FCPATH/index.php(56): CodeIgniter\Boot::bootWeb()
CRITICAL - 2025-09-04 00:31:13 --> ErrorException: Undefined variable $message
[Method: HEAD, Route: /]
in APPPATH/Views/errors/html/error_404.php on line 172.
 1 APPPATH/Views/errors/html/error_404.php(172): CodeIgniter\Debug\Exceptions->errorHandler()
 2 SYSTEMPATH/View/View.php(234): include('/var/www/html/Prueba/app/Views/errors/html/error_404.php')
 3 SYSTEMPATH/View/View.php(237): CodeIgniter\View\View->CodeIgniter\View\{closure}()
 4 SYSTEMPATH/Common.php(1169): CodeIgniter\View\View->render()
 5 APPPATH/Config/Routes.php(74): view()
 6 SYSTEMPATH/CodeIgniter.php(955): CodeIgniter\Router\RouteCollection->{closure}()
 7 SYSTEMPATH/CodeIgniter.php(364): CodeIgniter\CodeIgniter->display404errors()
 8 SYSTEMPATH/Boot.php(325): CodeIgniter\CodeIgniter->run()
 9 SYSTEMPATH/Boot.php(67): CodeIgniter\Boot::runCodeIgniter()
10 FCPATH/index.php(56): CodeIgniter\Boot::bootWeb()
INFO - 2025-09-04 00:31:13 --> Session: Class initialized using 'CodeIgniter\Session\Handlers\FileHandler' driver.
WARNING - 2025-09-04 00:31:13 --> [DEPRECATED] Creation of dynamic property App\Controllers\AuthController::$validation is deprecated in APPPATH/Controllers/BaseController.php on line 75.
 1 SYSTEMPATH/CodeIgniter.php(904): App\Controllers\BaseController->initController(Object(CodeIgniter\HTTP\IncomingRequest), Object(CodeIgniter\HTTP\Response), Object(CodeIgniter\Log\Logger))
 2 SYSTEMPATH/CodeIgniter.php(500): CodeIgniter\CodeIgniter->createController()
 3 SYSTEMPATH/CodeIgniter.php(355): CodeIgniter\CodeIgniter->handleRequest(null, Object(Config\Cache), false)
 4 SYSTEMPATH/Boot.php(325): CodeIgniter\CodeIgniter->run()
 5 SYSTEMPATH/Boot.php(67): CodeIgniter\Boot::runCodeIgniter(Object(CodeIgniter\CodeIgniter))
 6 FCPATH/index.php(56): CodeIgniter\Boot::bootWeb(Object(Config\Paths))
CRITICAL - 2025-09-04 00:31:13 --> ErrorException: Undefined variable $message
[Method: OPTIONS, Route: /]
in APPPATH/Views/errors/html/error_404.php on line 172.
 1 APPPATH/Views/errors/html/error_404.php(172): CodeIgniter\Debug\Exceptions->errorHandler()
 2 SYSTEMPATH/View/View.php(234): include('/var/www/html/Prueba/app/Views/errors/html/error_404.php')
 3 SYSTEMPATH/View/View.php(237): CodeIgniter\View\View->CodeIgniter\View\{closure}()
 4 SYSTEMPATH/Common.php(1169): CodeIgniter\View\View->render()
 5 APPPATH/Config/Routes.php(74): view()
 6 SYSTEMPATH/CodeIgniter.php(955): CodeIgniter\Router\RouteCollection->{closure}()
 7 SYSTEMPATH/CodeIgniter.php(364): CodeIgniter\CodeIgniter->display404errors()
 8 SYSTEMPATH/Boot.php(325): CodeIgniter\CodeIgniter->run()
 9 SYSTEMPATH/Boot.php(67): CodeIgniter\Boot::runCodeIgniter()
10 FCPATH/index.php(56): CodeIgniter\Boot::bootWeb()
INFO - 2025-09-04 00:31:13 --> Session: Class initialized using 'CodeIgniter\Session\Handlers\FileHandler' driver.
WARNING - 2025-09-04 00:31:13 --> [DEPRECATED] Creation of dynamic property App\Controllers\AuthController::$validation is deprecated in APPPATH/Controllers/BaseController.php on line 75.
 1 SYSTEMPATH/CodeIgniter.php(904): App\Controllers\BaseController->initController(Object(CodeIgniter\HTTP\IncomingRequest), Object(CodeIgniter\HTTP\Response), Object(CodeIgniter\Log\Logger))
 2 SYSTEMPATH/CodeIgniter.php(500): CodeIgniter\CodeIgniter->createController()
 3 SYSTEMPATH/CodeIgniter.php(355): CodeIgniter\CodeIgniter->handleRequest(null, Object(Config\Cache), false)
 4 SYSTEMPATH/Boot.php(325): CodeIgniter\CodeIgniter->run()
 5 SYSTEMPATH/Boot.php(67): CodeIgniter\Boot::runCodeIgniter(Object(CodeIgniter\CodeIgniter))
 6 FCPATH/index.php(56): CodeIgniter\Boot::bootWeb(Object(Config\Paths))
CRITICAL - 2025-09-04 00:31:13 --> ErrorException: Undefined variable $message
[Method: OPTIONS, Route: /]
in APPPATH/Views/errors/html/error_404.php on line 172.
 1 APPPATH/Views/errors/html/error_404.php(172): CodeIgniter\Debug\Exceptions->errorHandler()
 2 SYSTEMPATH/View/View.php(234): include('/var/www/html/Prueba/app/Views/errors/html/error_404.php')
 3 SYSTEMPATH/View/View.php(237): CodeIgniter\View\View->CodeIgniter\View\{closure}()
 4 SYSTEMPATH/Common.php(1169): CodeIgniter\View\View->render()
 5 APPPATH/Config/Routes.php(74): view()
 6 SYSTEMPATH/CodeIgniter.php(955): CodeIgniter\Router\RouteCollection->{closure}()
 7 SYSTEMPATH/CodeIgniter.php(364): CodeIgniter\CodeIgniter->display404errors()
 8 SYSTEMPATH/Boot.php(325): CodeIgniter\CodeIgniter->run()
 9 SYSTEMPATH/Boot.php(67): CodeIgniter\Boot::runCodeIgniter()
10 FCPATH/index.php(56): CodeIgniter\Boot::bootWeb()
INFO - 2025-09-04 00:31:13 --> Session: Class initialized using 'CodeIgniter\Session\Handlers\FileHandler' driver.
WARNING - 2025-09-04 00:31:13 --> [DEPRECATED] Creation of dynamic property App\Controllers\AuthController::$validation is deprecated in APPPATH/Controllers/BaseController.php on line 75.
 1 SYSTEMPATH/CodeIgniter.php(904): App\Controllers\BaseController->initController(Object(CodeIgniter\HTTP\IncomingRequest), Object(CodeIgniter\HTTP\Response), Object(CodeIgniter\Log\Logger))
 2 SYSTEMPATH/CodeIgniter.php(500): CodeIgniter\CodeIgniter->createController()
 3 SYSTEMPATH/CodeIgniter.php(355): CodeIgniter\CodeIgniter->handleRequest(null, Object(Config\Cache), false)
 4 SYSTEMPATH/Boot.php(325): CodeIgniter\CodeIgniter->run()
 5 SYSTEMPATH/Boot.php(67): CodeIgniter\Boot::runCodeIgniter(Object(CodeIgniter\CodeIgniter))
 6 FCPATH/index.php(56): CodeIgniter\Boot::bootWeb(Object(Config\Paths))
CRITICAL - 2025-09-04 00:31:14 --> ErrorException: Undefined variable $message
[Method: HEAD, Route: /]
in APPPATH/Views/errors/html/error_404.php on line 172.
 1 APPPATH/Views/errors/html/error_404.php(172): CodeIgniter\Debug\Exceptions->errorHandler()
 2 SYSTEMPATH/View/View.php(234): include('/var/www/html/Prueba/app/Views/errors/html/error_404.php')
 3 SYSTEMPATH/View/View.php(237): CodeIgniter\View\View->CodeIgniter\View\{closure}()
 4 SYSTEMPATH/Common.php(1169): CodeIgniter\View\View->render()
 5 APPPATH/Config/Routes.php(74): view()
 6 SYSTEMPATH/CodeIgniter.php(955): CodeIgniter\Router\RouteCollection->{closure}()
 7 SYSTEMPATH/CodeIgniter.php(364): CodeIgniter\CodeIgniter->display404errors()
 8 SYSTEMPATH/Boot.php(325): CodeIgniter\CodeIgniter->run()
 9 SYSTEMPATH/Boot.php(67): CodeIgniter\Boot::runCodeIgniter()
10 FCPATH/index.php(56): CodeIgniter\Boot::bootWeb()
CRITICAL - 2025-09-04 00:31:14 --> ErrorException: Undefined variable $message
[Method: OPTIONS, Route: /]
in APPPATH/Views/errors/html/error_404.php on line 172.
 1 APPPATH/Views/errors/html/error_404.php(172): CodeIgniter\Debug\Exceptions->errorHandler()
 2 SYSTEMPATH/View/View.php(234): include('/var/www/html/Prueba/app/Views/errors/html/error_404.php')
 3 SYSTEMPATH/View/View.php(237): CodeIgniter\View\View->CodeIgniter\View\{closure}()
 4 SYSTEMPATH/Common.php(1169): CodeIgniter\View\View->render()
 5 APPPATH/Config/Routes.php(74): view()
 6 SYSTEMPATH/CodeIgniter.php(955): CodeIgniter\Router\RouteCollection->{closure}()
 7 SYSTEMPATH/CodeIgniter.php(364): CodeIgniter\CodeIgniter->display404errors()
 8 SYSTEMPATH/Boot.php(325): CodeIgniter\CodeIgniter->run()
 9 SYSTEMPATH/Boot.php(67): CodeIgniter\Boot::runCodeIgniter()
10 FCPATH/index.php(56): CodeIgniter\Boot::bootWeb()
CRITICAL - 2025-09-04 00:31:14 --> ErrorException: Undefined variable $message
[Method: POST, Route: /]
in APPPATH/Views/errors/html/error_404.php on line 172.
 1 APPPATH/Views/errors/html/error_404.php(172): CodeIgniter\Debug\Exceptions->errorHandler()
 2 SYSTEMPATH/View/View.php(234): include('/var/www/html/Prueba/app/Views/errors/html/error_404.php')
 3 SYSTEMPATH/View/View.php(237): CodeIgniter\View\View->CodeIgniter\View\{closure}()
 4 SYSTEMPATH/Common.php(1169): CodeIgniter\View\View->render()
 5 APPPATH/Config/Routes.php(74): view()
 6 SYSTEMPATH/CodeIgniter.php(955): CodeIgniter\Router\RouteCollection->{closure}()
 7 SYSTEMPATH/CodeIgniter.php(364): CodeIgniter\CodeIgniter->display404errors()
 8 SYSTEMPATH/Boot.php(325): CodeIgniter\CodeIgniter->run()
 9 SYSTEMPATH/Boot.php(67): CodeIgniter\Boot::runCodeIgniter()
10 FCPATH/index.php(56): CodeIgniter\Boot::bootWeb()
CRITICAL - 2025-09-04 00:31:14 --> ErrorException: Undefined variable $message
[Method: OPTIONS, Route: /]
in APPPATH/Views/errors/html/error_404.php on line 172.
 1 APPPATH/Views/errors/html/error_404.php(172): CodeIgniter\Debug\Exceptions->errorHandler()
 2 SYSTEMPATH/View/View.php(234): include('/var/www/html/Prueba/app/Views/errors/html/error_404.php')
 3 SYSTEMPATH/View/View.php(237): CodeIgniter\View\View->CodeIgniter\View\{closure}()
 4 SYSTEMPATH/Common.php(1169): CodeIgniter\View\View->render()
 5 APPPATH/Config/Routes.php(74): view()
 6 SYSTEMPATH/CodeIgniter.php(955): CodeIgniter\Router\RouteCollection->{closure}()
 7 SYSTEMPATH/CodeIgniter.php(364): CodeIgniter\CodeIgniter->display404errors()
 8 SYSTEMPATH/Boot.php(325): CodeIgniter\CodeIgniter->run()
 9 SYSTEMPATH/Boot.php(67): CodeIgniter\Boot::runCodeIgniter()
10 FCPATH/index.php(56): CodeIgniter\Boot::bootWeb()
CRITICAL - 2025-09-04 00:31:14 --> ErrorException: Undefined variable $message
[Method: OPTIONS, Route: /]
in APPPATH/Views/errors/html/error_404.php on line 172.
 1 APPPATH/Views/errors/html/error_404.php(172): CodeIgniter\Debug\Exceptions->errorHandler()
 2 SYSTEMPATH/View/View.php(234): include('/var/www/html/Prueba/app/Views/errors/html/error_404.php')
 3 SYSTEMPATH/View/View.php(237): CodeIgniter\View\View->CodeIgniter\View\{closure}()
 4 SYSTEMPATH/Common.php(1169): CodeIgniter\View\View->render()
 5 APPPATH/Config/Routes.php(74): view()
 6 SYSTEMPATH/CodeIgniter.php(955): CodeIgniter\Router\RouteCollection->{closure}()
 7 SYSTEMPATH/CodeIgniter.php(364): CodeIgniter\CodeIgniter->display404errors()
 8 SYSTEMPATH/Boot.php(325): CodeIgniter\CodeIgniter->run()
 9 SYSTEMPATH/Boot.php(67): CodeIgniter\Boot::runCodeIgniter()
10 FCPATH/index.php(56): CodeIgniter\Boot::bootWeb()
CRITICAL - 2025-09-04 00:31:14 --> ErrorException: Undefined variable $message
[Method: OPTIONS, Route: /]
in APPPATH/Views/errors/html/error_404.php on line 172.
 1 APPPATH/Views/errors/html/error_404.php(172): CodeIgniter\Debug\Exceptions->errorHandler()
 2 SYSTEMPATH/View/View.php(234): include('/var/www/html/Prueba/app/Views/errors/html/error_404.php')
 3 SYSTEMPATH/View/View.php(237): CodeIgniter\View\View->CodeIgniter\View\{closure}()
 4 SYSTEMPATH/Common.php(1169): CodeIgniter\View\View->render()
 5 APPPATH/Config/Routes.php(74): view()
 6 SYSTEMPATH/CodeIgniter.php(955): CodeIgniter\Router\RouteCollection->{closure}()
 7 SYSTEMPATH/CodeIgniter.php(364): CodeIgniter\CodeIgniter->display404errors()
 8 SYSTEMPATH/Boot.php(325): CodeIgniter\CodeIgniter->run()
 9 SYSTEMPATH/Boot.php(67): CodeIgniter\Boot::runCodeIgniter()
10 FCPATH/index.php(56): CodeIgniter\Boot::bootWeb()
CRITICAL - 2025-09-04 00:31:14 --> ErrorException: Undefined variable $message
[Method: OPTIONS, Route: /]
in APPPATH/Views/errors/html/error_404.php on line 172.
 1 APPPATH/Views/errors/html/error_404.php(172): CodeIgniter\Debug\Exceptions->errorHandler()
 2 SYSTEMPATH/View/View.php(234): include('/var/www/html/Prueba/app/Views/errors/html/error_404.php')
 3 SYSTEMPATH/View/View.php(237): CodeIgniter\View\View->CodeIgniter\View\{closure}()
 4 SYSTEMPATH/Common.php(1169): CodeIgniter\View\View->render()
 5 APPPATH/Config/Routes.php(74): view()
 6 SYSTEMPATH/CodeIgniter.php(955): CodeIgniter\Router\RouteCollection->{closure}()
 7 SYSTEMPATH/CodeIgniter.php(364): CodeIgniter\CodeIgniter->display404errors()
 8 SYSTEMPATH/Boot.php(325): CodeIgniter\CodeIgniter->run()
 9 SYSTEMPATH/Boot.php(67): CodeIgniter\Boot::runCodeIgniter()
10 FCPATH/index.php(56): CodeIgniter\Boot::bootWeb()
CRITICAL - 2025-09-04 00:31:15 --> ErrorException: Undefined variable $message
[Method: OPTIONS, Route: /]
in APPPATH/Views/errors/html/error_404.php on line 172.
 1 APPPATH/Views/errors/html/error_404.php(172): CodeIgniter\Debug\Exceptions->errorHandler()
 2 SYSTEMPATH/View/View.php(234): include('/var/www/html/Prueba/app/Views/errors/html/error_404.php')
 3 SYSTEMPATH/View/View.php(237): CodeIgniter\View\View->CodeIgniter\View\{closure}()
 4 SYSTEMPATH/Common.php(1169): CodeIgniter\View\View->render()
 5 APPPATH/Config/Routes.php(74): view()
 6 SYSTEMPATH/CodeIgniter.php(955): CodeIgniter\Router\RouteCollection->{closure}()
 7 SYSTEMPATH/CodeIgniter.php(364): CodeIgniter\CodeIgniter->display404errors()
 8 SYSTEMPATH/Boot.php(325): CodeIgniter\CodeIgniter->run()
 9 SYSTEMPATH/Boot.php(67): CodeIgniter\Boot::runCodeIgniter()
10 FCPATH/index.php(56): CodeIgniter\Boot::bootWeb()
INFO - 2025-09-04 00:34:43 --> Session: Class initialized using 'CodeIgniter\Session\Handlers\FileHandler' driver.
WARNING - 2025-09-04 00:34:43 --> [DEPRECATED] Creation of dynamic property App\Controllers\AuthController::$validation is deprecated in APPPATH/Controllers/BaseController.php on line 75.
 1 SYSTEMPATH/CodeIgniter.php(904): App\Controllers\BaseController->initController(Object(CodeIgniter\HTTP\IncomingRequest), Object(CodeIgniter\HTTP\Response), Object(CodeIgniter\Log\Logger))
 2 SYSTEMPATH/CodeIgniter.php(500): CodeIgniter\CodeIgniter->createController()
 3 SYSTEMPATH/CodeIgniter.php(355): CodeIgniter\CodeIgniter->handleRequest(null, Object(Config\Cache), false)
 4 SYSTEMPATH/Boot.php(325): CodeIgniter\CodeIgniter->run()
 5 SYSTEMPATH/Boot.php(67): CodeIgniter\Boot::runCodeIgniter(Object(CodeIgniter\CodeIgniter))
 6 FCPATH/index.php(56): CodeIgniter\Boot::bootWeb(Object(Config\Paths))
INFO - 2025-09-04 00:54:11 --> Session: Class initialized using 'CodeIgniter\Session\Handlers\FileHandler' driver.
WARNING - 2025-09-04 00:54:11 --> [DEPRECATED] Creation of dynamic property App\Controllers\AuthController::$validation is deprecated in APPPATH/Controllers/BaseController.php on line 75.
 1 SYSTEMPATH/CodeIgniter.php(904): App\Controllers\BaseController->initController(Object(CodeIgniter\HTTP\IncomingRequest), Object(CodeIgniter\HTTP\Response), Object(CodeIgniter\Log\Logger))
 2 SYSTEMPATH/CodeIgniter.php(500): CodeIgniter\CodeIgniter->createController()
 3 SYSTEMPATH/CodeIgniter.php(355): CodeIgniter\CodeIgniter->handleRequest(null, Object(Config\Cache), false)
 4 SYSTEMPATH/Boot.php(325): CodeIgniter\CodeIgniter->run()
 5 SYSTEMPATH/Boot.php(67): CodeIgniter\Boot::runCodeIgniter(Object(CodeIgniter\CodeIgniter))
 6 FCPATH/index.php(56): CodeIgniter\Boot::bootWeb(Object(Config\Paths))
INFO - 2025-09-04 01:32:21 --> Session: Class initialized using 'CodeIgniter\Session\Handlers\FileHandler' driver.
WARNING - 2025-09-04 01:32:21 --> [DEPRECATED] Creation of dynamic property App\Controllers\AuthController::$validation is deprecated in APPPATH/Controllers/BaseController.php on line 75.
 1 SYSTEMPATH/CodeIgniter.php(904): App\Controllers\BaseController->initController(Object(CodeIgniter\HTTP\IncomingRequest), Object(CodeIgniter\HTTP\Response), Object(CodeIgniter\Log\Logger))
 2 SYSTEMPATH/CodeIgniter.php(500): CodeIgniter\CodeIgniter->createController()
 3 SYSTEMPATH/CodeIgniter.php(355): CodeIgniter\CodeIgniter->handleRequest(null, Object(Config\Cache), false)
 4 SYSTEMPATH/Boot.php(325): CodeIgniter\CodeIgniter->run()
 5 SYSTEMPATH/Boot.php(67): CodeIgniter\Boot::runCodeIgniter(Object(CodeIgniter\CodeIgniter))
 6 FCPATH/index.php(56): CodeIgniter\Boot::bootWeb(Object(Config\Paths))
INFO - 2025-09-04 01:36:10 --> Session: Class initialized using 'CodeIgniter\Session\Handlers\FileHandler' driver.
WARNING - 2025-09-04 01:36:10 --> [DEPRECATED] Creation of dynamic property App\Controllers\AuthController::$validation is deprecated in APPPATH/Controllers/BaseController.php on line 75.
 1 SYSTEMPATH/CodeIgniter.php(904): App\Controllers\BaseController->initController(Object(CodeIgniter\HTTP\IncomingRequest), Object(CodeIgniter\HTTP\Response), Object(CodeIgniter\Log\Logger))
 2 SYSTEMPATH/CodeIgniter.php(500): CodeIgniter\CodeIgniter->createController()
 3 SYSTEMPATH/CodeIgniter.php(355): CodeIgniter\CodeIgniter->handleRequest(null, Object(Config\Cache), false)
 4 SYSTEMPATH/Boot.php(325): CodeIgniter\CodeIgniter->run()
 5 SYSTEMPATH/Boot.php(67): CodeIgniter\Boot::runCodeIgniter(Object(CodeIgniter\CodeIgniter))
 6 FCPATH/index.php(56): CodeIgniter\Boot::bootWeb(Object(Config\Paths))
INFO - 2025-09-04 01:59:00 --> Session: Class initialized using 'CodeIgniter\Session\Handlers\FileHandler' driver.
WARNING - 2025-09-04 01:59:00 --> [DEPRECATED] Creation of dynamic property App\Controllers\AuthController::$validation is deprecated in APPPATH/Controllers/BaseController.php on line 75.
 1 SYSTEMPATH/CodeIgniter.php(904): App\Controllers\BaseController->initController(Object(CodeIgniter\HTTP\IncomingRequest), Object(CodeIgniter\HTTP\Response), Object(CodeIgniter\Log\Logger))
 2 SYSTEMPATH/CodeIgniter.php(500): CodeIgniter\CodeIgniter->createController()
 3 SYSTEMPATH/CodeIgniter.php(355): CodeIgniter\CodeIgniter->handleRequest(null, Object(Config\Cache), false)
 4 SYSTEMPATH/Boot.php(325): CodeIgniter\CodeIgniter->run()
 5 SYSTEMPATH/Boot.php(67): CodeIgniter\Boot::runCodeIgniter(Object(CodeIgniter\CodeIgniter))
 6 FCPATH/index.php(56): CodeIgniter\Boot::bootWeb(Object(Config\Paths))
INFO - 2025-09-04 02:05:09 --> Session: Class initialized using 'CodeIgniter\Session\Handlers\FileHandler' driver.
WARNING - 2025-09-04 02:05:09 --> [DEPRECATED] Creation of dynamic property App\Controllers\AuthController::$validation is deprecated in APPPATH/Controllers/BaseController.php on line 75.
 1 SYSTEMPATH/CodeIgniter.php(904): App\Controllers\BaseController->initController(Object(CodeIgniter\HTTP\IncomingRequest), Object(CodeIgniter\HTTP\Response), Object(CodeIgniter\Log\Logger))
 2 SYSTEMPATH/CodeIgniter.php(500): CodeIgniter\CodeIgniter->createController()
 3 SYSTEMPATH/CodeIgniter.php(355): CodeIgniter\CodeIgniter->handleRequest(null, Object(Config\Cache), false)
 4 SYSTEMPATH/Boot.php(325): CodeIgniter\CodeIgniter->run()
 5 SYSTEMPATH/Boot.php(67): CodeIgniter\Boot::runCodeIgniter(Object(CodeIgniter\CodeIgniter))
 6 FCPATH/index.php(56): CodeIgniter\Boot::bootWeb(Object(Config\Paths))
CRITICAL - 2025-09-04 02:05:13 --> ErrorException: Undefined variable $message
[Method: GET, Route: th1s_1s_a_4o4.html]
in APPPATH/Views/errors/html/error_404.php on line 172.
 1 APPPATH/Views/errors/html/error_404.php(172): CodeIgniter\Debug\Exceptions->errorHandler()
 2 SYSTEMPATH/View/View.php(234): include('/var/www/html/Prueba/app/Views/errors/html/error_404.php')
 3 SYSTEMPATH/View/View.php(237): CodeIgniter\View\View->CodeIgniter\View\{closure}()
 4 SYSTEMPATH/Common.php(1169): CodeIgniter\View\View->render()
 5 APPPATH/Config/Routes.php(74): view()
 6 SYSTEMPATH/CodeIgniter.php(955): CodeIgniter\Router\RouteCollection->{closure}()
 7 SYSTEMPATH/CodeIgniter.php(364): CodeIgniter\CodeIgniter->display404errors()
 8 SYSTEMPATH/Boot.php(325): CodeIgniter\CodeIgniter->run()
 9 SYSTEMPATH/Boot.php(67): CodeIgniter\Boot::runCodeIgniter()
10 FCPATH/index.php(56): CodeIgniter\Boot::bootWeb()
INFO - 2025-09-04 02:05:14 --> Session: Class initialized using 'CodeIgniter\Session\Handlers\FileHandler' driver.
WARNING - 2025-09-04 02:05:14 --> [DEPRECATED] Creation of dynamic property App\Controllers\AuthController::$validation is deprecated in APPPATH/Controllers/BaseController.php on line 75.
 1 SYSTEMPATH/CodeIgniter.php(904): App\Controllers\BaseController->initController(Object(CodeIgniter\HTTP\IncomingRequest), Object(CodeIgniter\HTTP\Response), Object(CodeIgniter\Log\Logger))
 2 SYSTEMPATH/CodeIgniter.php(500): CodeIgniter\CodeIgniter->createController()
 3 SYSTEMPATH/CodeIgniter.php(355): CodeIgniter\CodeIgniter->handleRequest(null, Object(Config\Cache), false)
 4 SYSTEMPATH/Boot.php(325): CodeIgniter\CodeIgniter->run()
 5 SYSTEMPATH/Boot.php(67): CodeIgniter\Boot::runCodeIgniter(Object(CodeIgniter\CodeIgniter))
 6 FCPATH/index.php(56): CodeIgniter\Boot::bootWeb(Object(Config\Paths))
INFO - 2025-09-04 02:05:17 --> Session: Class initialized using 'CodeIgniter\Session\Handlers\FileHandler' driver.
WARNING - 2025-09-04 02:05:17 --> [DEPRECATED] Creation of dynamic property App\Controllers\AuthController::$validation is deprecated in APPPATH/Controllers/BaseController.php on line 75.
 1 SYSTEMPATH/CodeIgniter.php(904): App\Controllers\BaseController->initController(Object(CodeIgniter\HTTP\IncomingRequest), Object(CodeIgniter\HTTP\Response), Object(CodeIgniter\Log\Logger))
 2 SYSTEMPATH/CodeIgniter.php(500): CodeIgniter\CodeIgniter->createController()
 3 SYSTEMPATH/CodeIgniter.php(355): CodeIgniter\CodeIgniter->handleRequest(null, Object(Config\Cache), false)
 4 SYSTEMPATH/Boot.php(325): CodeIgniter\CodeIgniter->run()
 5 SYSTEMPATH/Boot.php(67): CodeIgniter\Boot::runCodeIgniter(Object(CodeIgniter\CodeIgniter))
 6 FCPATH/index.php(56): CodeIgniter\Boot::bootWeb(Object(Config\Paths))
INFO - 2025-09-04 02:05:20 --> Session: Class initialized using 'CodeIgniter\Session\Handlers\FileHandler' driver.
WARNING - 2025-09-04 02:05:20 --> [DEPRECATED] Creation of dynamic property App\Controllers\AuthController::$validation is deprecated in APPPATH/Controllers/BaseController.php on line 75.
 1 SYSTEMPATH/CodeIgniter.php(904): App\Controllers\BaseController->initController(Object(CodeIgniter\HTTP\IncomingRequest), Object(CodeIgniter\HTTP\Response), Object(CodeIgniter\Log\Logger))
 2 SYSTEMPATH/CodeIgniter.php(500): CodeIgniter\CodeIgniter->createController()
 3 SYSTEMPATH/CodeIgniter.php(355): CodeIgniter\CodeIgniter->handleRequest(null, Object(Config\Cache), false)
 4 SYSTEMPATH/Boot.php(325): CodeIgniter\CodeIgniter->run()
 5 SYSTEMPATH/Boot.php(67): CodeIgniter\Boot::runCodeIgniter(Object(CodeIgniter\CodeIgniter))
 6 FCPATH/index.php(56): CodeIgniter\Boot::bootWeb(Object(Config\Paths))
INFO - 2025-09-04 02:05:22 --> Session: Class initialized using 'CodeIgniter\Session\Handlers\FileHandler' driver.
WARNING - 2025-09-04 02:05:22 --> [DEPRECATED] Creation of dynamic property App\Controllers\AuthController::$validation is deprecated in APPPATH/Controllers/BaseController.php on line 75.
 1 SYSTEMPATH/CodeIgniter.php(904): App\Controllers\BaseController->initController(Object(CodeIgniter\HTTP\IncomingRequest), Object(CodeIgniter\HTTP\Response), Object(CodeIgniter\Log\Logger))
 2 SYSTEMPATH/CodeIgniter.php(500): CodeIgniter\CodeIgniter->createController()
 3 SYSTEMPATH/CodeIgniter.php(355): CodeIgniter\CodeIgniter->handleRequest(null, Object(Config\Cache), false)
 4 SYSTEMPATH/Boot.php(325): CodeIgniter\CodeIgniter->run()
 5 SYSTEMPATH/Boot.php(67): CodeIgniter\Boot::runCodeIgniter(Object(CodeIgniter\CodeIgniter))
 6 FCPATH/index.php(56): CodeIgniter\Boot::bootWeb(Object(Config\Paths))
INFO - 2025-09-04 02:05:25 --> Session: Class initialized using 'CodeIgniter\Session\Handlers\FileHandler' driver.
WARNING - 2025-09-04 02:05:25 --> [DEPRECATED] Creation of dynamic property App\Controllers\AuthController::$validation is deprecated in APPPATH/Controllers/BaseController.php on line 75.
 1 SYSTEMPATH/CodeIgniter.php(904): App\Controllers\BaseController->initController(Object(CodeIgniter\HTTP\IncomingRequest), Object(CodeIgniter\HTTP\Response), Object(CodeIgniter\Log\Logger))
 2 SYSTEMPATH/CodeIgniter.php(500): CodeIgniter\CodeIgniter->createController()
 3 SYSTEMPATH/CodeIgniter.php(355): CodeIgniter\CodeIgniter->handleRequest(null, Object(Config\Cache), false)
 4 SYSTEMPATH/Boot.php(325): CodeIgniter\CodeIgniter->run()
 5 SYSTEMPATH/Boot.php(67): CodeIgniter\Boot::runCodeIgniter(Object(CodeIgniter\CodeIgniter))
 6 FCPATH/index.php(56): CodeIgniter\Boot::bootWeb(Object(Config\Paths))
INFO - 2025-09-04 02:05:29 --> Session: Class initialized using 'CodeIgniter\Session\Handlers\FileHandler' driver.
WARNING - 2025-09-04 02:05:29 --> [DEPRECATED] Creation of dynamic property App\Controllers\AuthController::$validation is deprecated in APPPATH/Controllers/BaseController.php on line 75.
 1 SYSTEMPATH/CodeIgniter.php(904): App\Controllers\BaseController->initController(Object(CodeIgniter\HTTP\IncomingRequest), Object(CodeIgniter\HTTP\Response), Object(CodeIgniter\Log\Logger))
 2 SYSTEMPATH/CodeIgniter.php(500): CodeIgniter\CodeIgniter->createController()
 3 SYSTEMPATH/CodeIgniter.php(355): CodeIgniter\CodeIgniter->handleRequest(null, Object(Config\Cache), false)
 4 SYSTEMPATH/Boot.php(325): CodeIgniter\CodeIgniter->run()
 5 SYSTEMPATH/Boot.php(67): CodeIgniter\Boot::runCodeIgniter(Object(CodeIgniter\CodeIgniter))
 6 FCPATH/index.php(56): CodeIgniter\Boot::bootWeb(Object(Config\Paths))
CRITICAL - 2025-09-04 02:17:20 --> ErrorException: Undefined variable $message
[Method: POST, Route: remote/logincheck]
in APPPATH/Views/errors/html/error_404.php on line 172.
 1 APPPATH/Views/errors/html/error_404.php(172): CodeIgniter\Debug\Exceptions->errorHandler()
 2 SYSTEMPATH/View/View.php(234): include('/var/www/html/Prueba/app/Views/errors/html/error_404.php')
 3 SYSTEMPATH/View/View.php(237): CodeIgniter\View\View->CodeIgniter\View\{closure}()
 4 SYSTEMPATH/Common.php(1169): CodeIgniter\View\View->render()
 5 APPPATH/Config/Routes.php(74): view()
 6 SYSTEMPATH/CodeIgniter.php(955): CodeIgniter\Router\RouteCollection->{closure}()
 7 SYSTEMPATH/CodeIgniter.php(364): CodeIgniter\CodeIgniter->display404errors()
 8 SYSTEMPATH/Boot.php(325): CodeIgniter\CodeIgniter->run()
 9 SYSTEMPATH/Boot.php(67): CodeIgniter\Boot::runCodeIgniter()
10 FCPATH/index.php(56): CodeIgniter\Boot::bootWeb()
INFO - 2025-09-04 02:21:04 --> Session: Class initialized using 'CodeIgniter\Session\Handlers\FileHandler' driver.
WARNING - 2025-09-04 02:21:04 --> [DEPRECATED] Creation of dynamic property App\Controllers\AuthController::$validation is deprecated in APPPATH/Controllers/BaseController.php on line 75.
 1 SYSTEMPATH/CodeIgniter.php(904): App\Controllers\BaseController->initController(Object(CodeIgniter\HTTP\IncomingRequest), Object(CodeIgniter\HTTP\Response), Object(CodeIgniter\Log\Logger))
 2 SYSTEMPATH/CodeIgniter.php(500): CodeIgniter\CodeIgniter->createController()
 3 SYSTEMPATH/CodeIgniter.php(355): CodeIgniter\CodeIgniter->handleRequest(null, Object(Config\Cache), false)
 4 SYSTEMPATH/Boot.php(325): CodeIgniter\CodeIgniter->run()
 5 SYSTEMPATH/Boot.php(67): CodeIgniter\Boot::runCodeIgniter(Object(CodeIgniter\CodeIgniter))
 6 FCPATH/index.php(56): CodeIgniter\Boot::bootWeb(Object(Config\Paths))
INFO - 2025-09-04 02:23:50 --> Session: Class initialized using 'CodeIgniter\Session\Handlers\FileHandler' driver.
WARNING - 2025-09-04 02:23:50 --> [DEPRECATED] Creation of dynamic property App\Controllers\AuthController::$validation is deprecated in APPPATH/Controllers/BaseController.php on line 75.
 1 SYSTEMPATH/CodeIgniter.php(904): App\Controllers\BaseController->initController(Object(CodeIgniter\HTTP\IncomingRequest), Object(CodeIgniter\HTTP\Response), Object(CodeIgniter\Log\Logger))
 2 SYSTEMPATH/CodeIgniter.php(500): CodeIgniter\CodeIgniter->createController()
 3 SYSTEMPATH/CodeIgniter.php(355): CodeIgniter\CodeIgniter->handleRequest(null, Object(Config\Cache), false)
 4 SYSTEMPATH/Boot.php(325): CodeIgniter\CodeIgniter->run()
 5 SYSTEMPATH/Boot.php(67): CodeIgniter\Boot::runCodeIgniter(Object(CodeIgniter\CodeIgniter))
 6 FCPATH/index.php(56): CodeIgniter\Boot::bootWeb(Object(Config\Paths))
INFO - 2025-09-04 02:54:28 --> Session: Class initialized using 'CodeIgniter\Session\Handlers\FileHandler' driver.
WARNING - 2025-09-04 02:54:28 --> [DEPRECATED] Creation of dynamic property App\Controllers\AuthController::$validation is deprecated in APPPATH/Controllers/BaseController.php on line 75.
 1 SYSTEMPATH/CodeIgniter.php(904): App\Controllers\BaseController->initController(Object(CodeIgniter\HTTP\IncomingRequest), Object(CodeIgniter\HTTP\Response), Object(CodeIgniter\Log\Logger))
 2 SYSTEMPATH/CodeIgniter.php(500): CodeIgniter\CodeIgniter->createController()
 3 SYSTEMPATH/CodeIgniter.php(355): CodeIgniter\CodeIgniter->handleRequest(null, Object(Config\Cache), false)
 4 SYSTEMPATH/Boot.php(325): CodeIgniter\CodeIgniter->run()
 5 SYSTEMPATH/Boot.php(67): CodeIgniter\Boot::runCodeIgniter(Object(CodeIgniter\CodeIgniter))
 6 FCPATH/index.php(56): CodeIgniter\Boot::bootWeb(Object(Config\Paths))
CRITICAL - 2025-09-04 03:45:21 --> ErrorException: Undefined variable $message
[Method: GET, Route: actuator/health]
in APPPATH/Views/errors/html/error_404.php on line 172.
 1 APPPATH/Views/errors/html/error_404.php(172): CodeIgniter\Debug\Exceptions->errorHandler()
 2 SYSTEMPATH/View/View.php(234): include('/var/www/html/Prueba/app/Views/errors/html/error_404.php')
 3 SYSTEMPATH/View/View.php(237): CodeIgniter\View\View->CodeIgniter\View\{closure}()
 4 SYSTEMPATH/Common.php(1169): CodeIgniter\View\View->render()
 5 APPPATH/Config/Routes.php(74): view()
 6 SYSTEMPATH/CodeIgniter.php(955): CodeIgniter\Router\RouteCollection->{closure}()
 7 SYSTEMPATH/CodeIgniter.php(364): CodeIgniter\CodeIgniter->display404errors()
 8 SYSTEMPATH/Boot.php(325): CodeIgniter\CodeIgniter->run()
 9 SYSTEMPATH/Boot.php(67): CodeIgniter\Boot::runCodeIgniter()
10 FCPATH/index.php(56): CodeIgniter\Boot::bootWeb()
CRITICAL - 2025-09-04 03:46:35 --> ErrorException: Undefined variable $message
[Method: GET, Route: .env]
in APPPATH/Views/errors/html/error_404.php on line 172.
 1 APPPATH/Views/errors/html/error_404.php(172): CodeIgniter\Debug\Exceptions->errorHandler()
 2 SYSTEMPATH/View/View.php(234): include('/var/www/html/Prueba/app/Views/errors/html/error_404.php')
 3 SYSTEMPATH/View/View.php(237): CodeIgniter\View\View->CodeIgniter\View\{closure}()
 4 SYSTEMPATH/Common.php(1169): CodeIgniter\View\View->render()
 5 APPPATH/Config/Routes.php(74): view()
 6 SYSTEMPATH/CodeIgniter.php(955): CodeIgniter\Router\RouteCollection->{closure}()
 7 SYSTEMPATH/CodeIgniter.php(364): CodeIgniter\CodeIgniter->display404errors()
 8 SYSTEMPATH/Boot.php(325): CodeIgniter\CodeIgniter->run()
 9 SYSTEMPATH/Boot.php(67): CodeIgniter\Boot::runCodeIgniter()
10 FCPATH/index.php(56): CodeIgniter\Boot::bootWeb()
CRITICAL - 2025-09-04 03:46:35 --> ErrorException: Undefined variable $message
[Method: POST, Route: /]
in APPPATH/Views/errors/html/error_404.php on line 172.
 1 APPPATH/Views/errors/html/error_404.php(172): CodeIgniter\Debug\Exceptions->errorHandler()
 2 SYSTEMPATH/View/View.php(234): include('/var/www/html/Prueba/app/Views/errors/html/error_404.php')
 3 SYSTEMPATH/View/View.php(237): CodeIgniter\View\View->CodeIgniter\View\{closure}()
 4 SYSTEMPATH/Common.php(1169): CodeIgniter\View\View->render()
 5 APPPATH/Config/Routes.php(74): view()
 6 SYSTEMPATH/CodeIgniter.php(955): CodeIgniter\Router\RouteCollection->{closure}()
 7 SYSTEMPATH/CodeIgniter.php(364): CodeIgniter\CodeIgniter->display404errors()
 8 SYSTEMPATH/Boot.php(325): CodeIgniter\CodeIgniter->run()
 9 SYSTEMPATH/Boot.php(67): CodeIgniter\Boot::runCodeIgniter()
10 FCPATH/index.php(56): CodeIgniter\Boot::bootWeb()
CRITICAL - 2025-09-04 04:34:11 --> ErrorException: Undefined variable $message
[Method: GET, Route: wp-admin/setup-config.php]
in APPPATH/Views/errors/html/error_404.php on line 172.
 1 APPPATH/Views/errors/html/error_404.php(172): CodeIgniter\Debug\Exceptions->errorHandler()
 2 SYSTEMPATH/View/View.php(234): include('/var/www/html/Prueba/app/Views/errors/html/error_404.php')
 3 SYSTEMPATH/View/View.php(237): CodeIgniter\View\View->CodeIgniter\View\{closure}()
 4 SYSTEMPATH/Common.php(1169): CodeIgniter\View\View->render()
 5 APPPATH/Config/Routes.php(74): view()
 6 SYSTEMPATH/CodeIgniter.php(955): CodeIgniter\Router\RouteCollection->{closure}()
 7 SYSTEMPATH/CodeIgniter.php(364): CodeIgniter\CodeIgniter->display404errors()
 8 SYSTEMPATH/Boot.php(325): CodeIgniter\CodeIgniter->run()
 9 SYSTEMPATH/Boot.php(67): CodeIgniter\Boot::runCodeIgniter()
10 FCPATH/index.php(56): CodeIgniter\Boot::bootWeb()
CRITICAL - 2025-09-04 04:35:11 --> ErrorException: Undefined variable $message
[Method: GET, Route: wp-admin/setup-config.php]
in APPPATH/Views/errors/html/error_404.php on line 172.
 1 APPPATH/Views/errors/html/error_404.php(172): CodeIgniter\Debug\Exceptions->errorHandler()
 2 SYSTEMPATH/View/View.php(234): include('/var/www/html/Prueba/app/Views/errors/html/error_404.php')
 3 SYSTEMPATH/View/View.php(237): CodeIgniter\View\View->CodeIgniter\View\{closure}()
 4 SYSTEMPATH/Common.php(1169): CodeIgniter\View\View->render()
 5 APPPATH/Config/Routes.php(74): view()
 6 SYSTEMPATH/CodeIgniter.php(955): CodeIgniter\Router\RouteCollection->{closure}()
 7 SYSTEMPATH/CodeIgniter.php(364): CodeIgniter\CodeIgniter->display404errors()
 8 SYSTEMPATH/Boot.php(325): CodeIgniter\CodeIgniter->run()
 9 SYSTEMPATH/Boot.php(67): CodeIgniter\Boot::runCodeIgniter()
10 FCPATH/index.php(56): CodeIgniter\Boot::bootWeb()
CRITICAL - 2025-09-04 04:36:00 --> ErrorException: Undefined variable $message
[Method: GET, Route: wordpress/wp-admin/setup-config.php]
in APPPATH/Views/errors/html/error_404.php on line 172.
 1 APPPATH/Views/errors/html/error_404.php(172): CodeIgniter\Debug\Exceptions->errorHandler()
 2 SYSTEMPATH/View/View.php(234): include('/var/www/html/Prueba/app/Views/errors/html/error_404.php')
 3 SYSTEMPATH/View/View.php(237): CodeIgniter\View\View->CodeIgniter\View\{closure}()
 4 SYSTEMPATH/Common.php(1169): CodeIgniter\View\View->render()
 5 APPPATH/Config/Routes.php(74): view()
 6 SYSTEMPATH/CodeIgniter.php(955): CodeIgniter\Router\RouteCollection->{closure}()
 7 SYSTEMPATH/CodeIgniter.php(364): CodeIgniter\CodeIgniter->display404errors()
 8 SYSTEMPATH/Boot.php(325): CodeIgniter\CodeIgniter->run()
 9 SYSTEMPATH/Boot.php(67): CodeIgniter\Boot::runCodeIgniter()
10 FCPATH/index.php(56): CodeIgniter\Boot::bootWeb()
CRITICAL - 2025-09-04 04:37:43 --> ErrorException: Undefined variable $message
[Method: GET, Route: wordpress/wp-admin/setup-config.php]
in APPPATH/Views/errors/html/error_404.php on line 172.
 1 APPPATH/Views/errors/html/error_404.php(172): CodeIgniter\Debug\Exceptions->errorHandler()
 2 SYSTEMPATH/View/View.php(234): include('/var/www/html/Prueba/app/Views/errors/html/error_404.php')
 3 SYSTEMPATH/View/View.php(237): CodeIgniter\View\View->CodeIgniter\View\{closure}()
 4 SYSTEMPATH/Common.php(1169): CodeIgniter\View\View->render()
 5 APPPATH/Config/Routes.php(74): view()
 6 SYSTEMPATH/CodeIgniter.php(955): CodeIgniter\Router\RouteCollection->{closure}()
 7 SYSTEMPATH/CodeIgniter.php(364): CodeIgniter\CodeIgniter->display404errors()
 8 SYSTEMPATH/Boot.php(325): CodeIgniter\CodeIgniter->run()
 9 SYSTEMPATH/Boot.php(67): CodeIgniter\Boot::runCodeIgniter()
10 FCPATH/index.php(56): CodeIgniter\Boot::bootWeb()
INFO - 2025-09-04 04:40:11 --> Session: Class initialized using 'CodeIgniter\Session\Handlers\FileHandler' driver.
WARNING - 2025-09-04 04:40:11 --> [DEPRECATED] Creation of dynamic property App\Controllers\AuthController::$validation is deprecated in APPPATH/Controllers/BaseController.php on line 75.
 1 SYSTEMPATH/CodeIgniter.php(904): App\Controllers\BaseController->initController(Object(CodeIgniter\HTTP\IncomingRequest), Object(CodeIgniter\HTTP\Response), Object(CodeIgniter\Log\Logger))
 2 SYSTEMPATH/CodeIgniter.php(500): CodeIgniter\CodeIgniter->createController()
 3 SYSTEMPATH/CodeIgniter.php(355): CodeIgniter\CodeIgniter->handleRequest(null, Object(Config\Cache), false)
 4 SYSTEMPATH/Boot.php(325): CodeIgniter\CodeIgniter->run()
 5 SYSTEMPATH/Boot.php(67): CodeIgniter\Boot::runCodeIgniter(Object(CodeIgniter\CodeIgniter))
 6 FCPATH/index.php(56): CodeIgniter\Boot::bootWeb(Object(Config\Paths))
CRITICAL - 2025-09-04 04:40:23 --> ErrorException: Undefined variable $message
[Method: GET, Route: cdn.js]
in APPPATH/Views/errors/html/error_404.php on line 172.
 1 APPPATH/Views/errors/html/error_404.php(172): CodeIgniter\Debug\Exceptions->errorHandler()
 2 SYSTEMPATH/View/View.php(234): include('/var/www/html/Prueba/app/Views/errors/html/error_404.php')
 3 SYSTEMPATH/View/View.php(237): CodeIgniter\View\View->CodeIgniter\View\{closure}()
 4 SYSTEMPATH/Common.php(1169): CodeIgniter\View\View->render()
 5 APPPATH/Config/Routes.php(74): view()
 6 SYSTEMPATH/CodeIgniter.php(955): CodeIgniter\Router\RouteCollection->{closure}()
 7 SYSTEMPATH/CodeIgniter.php(364): CodeIgniter\CodeIgniter->display404errors()
 8 SYSTEMPATH/Boot.php(325): CodeIgniter\CodeIgniter->run()
 9 SYSTEMPATH/Boot.php(67): CodeIgniter\Boot::runCodeIgniter()
10 FCPATH/index.php(56): CodeIgniter\Boot::bootWeb()
CRITICAL - 2025-09-04 04:40:23 --> ErrorException: Undefined variable $message
[Method: GET, Route: dist/js/bootstrap.min.js]
in APPPATH/Views/errors/html/error_404.php on line 172.
 1 APPPATH/Views/errors/html/error_404.php(172): CodeIgniter\Debug\Exceptions->errorHandler()
 2 SYSTEMPATH/View/View.php(234): include('/var/www/html/Prueba/app/Views/errors/html/error_404.php')
 3 SYSTEMPATH/View/View.php(237): CodeIgniter\View\View->CodeIgniter\View\{closure}()
 4 SYSTEMPATH/Common.php(1169): CodeIgniter\View\View->render()
 5 APPPATH/Config/Routes.php(74): view()
 6 SYSTEMPATH/CodeIgniter.php(955): CodeIgniter\Router\RouteCollection->{closure}()
 7 SYSTEMPATH/CodeIgniter.php(364): CodeIgniter\CodeIgniter->display404errors()
 8 SYSTEMPATH/Boot.php(325): CodeIgniter\CodeIgniter->run()
 9 SYSTEMPATH/Boot.php(67): CodeIgniter\Boot::runCodeIgniter()
10 FCPATH/index.php(56): CodeIgniter\Boot::bootWeb()
CRITICAL - 2025-09-04 04:40:23 --> ErrorException: Undefined variable $message
[Method: GET, Route: dist/umd/popper.min.js]
in APPPATH/Views/errors/html/error_404.php on line 172.
 1 APPPATH/Views/errors/html/error_404.php(172): CodeIgniter\Debug\Exceptions->errorHandler()
 2 SYSTEMPATH/View/View.php(234): include('/var/www/html/Prueba/app/Views/errors/html/error_404.php')
 3 SYSTEMPATH/View/View.php(237): CodeIgniter\View\View->CodeIgniter\View\{closure}()
 4 SYSTEMPATH/Common.php(1169): CodeIgniter\View\View->render()
 5 APPPATH/Config/Routes.php(74): view()
 6 SYSTEMPATH/CodeIgniter.php(955): CodeIgniter\Router\RouteCollection->{closure}()
 7 SYSTEMPATH/CodeIgniter.php(364): CodeIgniter\CodeIgniter->display404errors()
 8 SYSTEMPATH/Boot.php(325): CodeIgniter\CodeIgniter->run()
 9 SYSTEMPATH/Boot.php(67): CodeIgniter\Boot::runCodeIgniter()
10 FCPATH/index.php(56): CodeIgniter\Boot::bootWeb()
CRITICAL - 2025-09-04 04:40:23 --> ErrorException: Undefined variable $message
[Method: GET, Route: swiper-bundle.min.js]
in APPPATH/Views/errors/html/error_404.php on line 172.
 1 APPPATH/Views/errors/html/error_404.php(172): CodeIgniter\Debug\Exceptions->errorHandler()
 2 SYSTEMPATH/View/View.php(234): include('/var/www/html/Prueba/app/Views/errors/html/error_404.php')
 3 SYSTEMPATH/View/View.php(237): CodeIgniter\View\View->CodeIgniter\View\{closure}()
 4 SYSTEMPATH/Common.php(1169): CodeIgniter\View\View->render()
 5 APPPATH/Config/Routes.php(74): view()
 6 SYSTEMPATH/CodeIgniter.php(955): CodeIgniter\Router\RouteCollection->{closure}()
 7 SYSTEMPATH/CodeIgniter.php(364): CodeIgniter\CodeIgniter->display404errors()
 8 SYSTEMPATH/Boot.php(325): CodeIgniter\CodeIgniter->run()
 9 SYSTEMPATH/Boot.php(67): CodeIgniter\Boot::runCodeIgniter()
10 FCPATH/index.php(56): CodeIgniter\Boot::bootWeb()
CRITICAL - 2025-09-04 04:45:33 --> ErrorException: Undefined variable $message
[Method: POST, Route: /]
in APPPATH/Views/errors/html/error_404.php on line 172.
 1 APPPATH/Views/errors/html/error_404.php(172): CodeIgniter\Debug\Exceptions->errorHandler()
 2 SYSTEMPATH/View/View.php(234): include('/var/www/html/Prueba/app/Views/errors/html/error_404.php')
 3 SYSTEMPATH/View/View.php(237): CodeIgniter\View\View->CodeIgniter\View\{closure}()
 4 SYSTEMPATH/Common.php(1169): CodeIgniter\View\View->render()
 5 APPPATH/Config/Routes.php(74): view()
 6 SYSTEMPATH/CodeIgniter.php(955): CodeIgniter\Router\RouteCollection->{closure}()
 7 SYSTEMPATH/CodeIgniter.php(364): CodeIgniter\CodeIgniter->display404errors()
 8 SYSTEMPATH/Boot.php(325): CodeIgniter\CodeIgniter->run()
 9 SYSTEMPATH/Boot.php(67): CodeIgniter\Boot::runCodeIgniter()
10 FCPATH/index.php(56): CodeIgniter\Boot::bootWeb()
INFO - 2025-09-04 05:12:50 --> Session: Class initialized using 'CodeIgniter\Session\Handlers\FileHandler' driver.
WARNING - 2025-09-04 05:12:50 --> [DEPRECATED] Creation of dynamic property App\Controllers\AuthController::$validation is deprecated in APPPATH/Controllers/BaseController.php on line 75.
 1 SYSTEMPATH/CodeIgniter.php(904): App\Controllers\BaseController->initController(Object(CodeIgniter\HTTP\IncomingRequest), Object(CodeIgniter\HTTP\Response), Object(CodeIgniter\Log\Logger))
 2 SYSTEMPATH/CodeIgniter.php(500): CodeIgniter\CodeIgniter->createController()
 3 SYSTEMPATH/CodeIgniter.php(355): CodeIgniter\CodeIgniter->handleRequest(null, Object(Config\Cache), false)
 4 SYSTEMPATH/Boot.php(325): CodeIgniter\CodeIgniter->run()
 5 SYSTEMPATH/Boot.php(67): CodeIgniter\Boot::runCodeIgniter(Object(CodeIgniter\CodeIgniter))
 6 FCPATH/index.php(56): CodeIgniter\Boot::bootWeb(Object(Config\Paths))
INFO - 2025-09-04 05:26:34 --> Session: Class initialized using 'CodeIgniter\Session\Handlers\FileHandler' driver.
WARNING - 2025-09-04 05:26:34 --> [DEPRECATED] Creation of dynamic property App\Controllers\AuthController::$validation is deprecated in APPPATH/Controllers/BaseController.php on line 75.
 1 SYSTEMPATH/CodeIgniter.php(904): App\Controllers\BaseController->initController(Object(CodeIgniter\HTTP\IncomingRequest), Object(CodeIgniter\HTTP\Response), Object(CodeIgniter\Log\Logger))
 2 SYSTEMPATH/CodeIgniter.php(500): CodeIgniter\CodeIgniter->createController()
 3 SYSTEMPATH/CodeIgniter.php(355): CodeIgniter\CodeIgniter->handleRequest(null, Object(Config\Cache), false)
 4 SYSTEMPATH/Boot.php(325): CodeIgniter\CodeIgniter->run()
 5 SYSTEMPATH/Boot.php(67): CodeIgniter\Boot::runCodeIgniter(Object(CodeIgniter\CodeIgniter))
 6 FCPATH/index.php(56): CodeIgniter\Boot::bootWeb(Object(Config\Paths))
INFO - 2025-09-04 05:59:21 --> Session: Class initialized using 'CodeIgniter\Session\Handlers\FileHandler' driver.
WARNING - 2025-09-04 05:59:21 --> [DEPRECATED] Creation of dynamic property App\Controllers\AuthController::$validation is deprecated in APPPATH/Controllers/BaseController.php on line 75.
 1 SYSTEMPATH/CodeIgniter.php(904): App\Controllers\BaseController->initController(Object(CodeIgniter\HTTP\IncomingRequest), Object(CodeIgniter\HTTP\Response), Object(CodeIgniter\Log\Logger))
 2 SYSTEMPATH/CodeIgniter.php(500): CodeIgniter\CodeIgniter->createController()
 3 SYSTEMPATH/CodeIgniter.php(355): CodeIgniter\CodeIgniter->handleRequest(null, Object(Config\Cache), false)
 4 SYSTEMPATH/Boot.php(325): CodeIgniter\CodeIgniter->run()
 5 SYSTEMPATH/Boot.php(67): CodeIgniter\Boot::runCodeIgniter(Object(CodeIgniter\CodeIgniter))
 6 FCPATH/index.php(56): CodeIgniter\Boot::bootWeb(Object(Config\Paths))
INFO - 2025-09-04 06:07:36 --> Session: Class initialized using 'CodeIgniter\Session\Handlers\FileHandler' driver.
WARNING - 2025-09-04 06:07:36 --> [DEPRECATED] Creation of dynamic property App\Controllers\AuthController::$validation is deprecated in APPPATH/Controllers/BaseController.php on line 75.
 1 SYSTEMPATH/CodeIgniter.php(904): App\Controllers\BaseController->initController(Object(CodeIgniter\HTTP\IncomingRequest), Object(CodeIgniter\HTTP\Response), Object(CodeIgniter\Log\Logger))
 2 SYSTEMPATH/CodeIgniter.php(500): CodeIgniter\CodeIgniter->createController()
 3 SYSTEMPATH/CodeIgniter.php(355): CodeIgniter\CodeIgniter->handleRequest(null, Object(Config\Cache), false)
 4 SYSTEMPATH/Boot.php(325): CodeIgniter\CodeIgniter->run()
 5 SYSTEMPATH/Boot.php(67): CodeIgniter\Boot::runCodeIgniter(Object(CodeIgniter\CodeIgniter))
 6 FCPATH/index.php(56): CodeIgniter\Boot::bootWeb(Object(Config\Paths))
INFO - 2025-09-04 06:11:05 --> Session: Class initialized using 'CodeIgniter\Session\Handlers\FileHandler' driver.
WARNING - 2025-09-04 06:11:05 --> [DEPRECATED] Creation of dynamic property App\Controllers\AuthController::$validation is deprecated in APPPATH/Controllers/BaseController.php on line 75.
 1 SYSTEMPATH/CodeIgniter.php(904): App\Controllers\BaseController->initController(Object(CodeIgniter\HTTP\IncomingRequest), Object(CodeIgniter\HTTP\Response), Object(CodeIgniter\Log\Logger))
 2 SYSTEMPATH/CodeIgniter.php(500): CodeIgniter\CodeIgniter->createController()
 3 SYSTEMPATH/CodeIgniter.php(355): CodeIgniter\CodeIgniter->handleRequest(null, Object(Config\Cache), false)
 4 SYSTEMPATH/Boot.php(325): CodeIgniter\CodeIgniter->run()
 5 SYSTEMPATH/Boot.php(67): CodeIgniter\Boot::runCodeIgniter(Object(CodeIgniter\CodeIgniter))
 6 FCPATH/index.php(56): CodeIgniter\Boot::bootWeb(Object(Config\Paths))
INFO - 2025-09-04 06:23:30 --> Session: Class initialized using 'CodeIgniter\Session\Handlers\FileHandler' driver.
WARNING - 2025-09-04 06:23:30 --> [DEPRECATED] Creation of dynamic property App\Controllers\AuthController::$validation is deprecated in APPPATH/Controllers/BaseController.php on line 75.
 1 SYSTEMPATH/CodeIgniter.php(904): App\Controllers\BaseController->initController(Object(CodeIgniter\HTTP\IncomingRequest), Object(CodeIgniter\HTTP\Response), Object(CodeIgniter\Log\Logger))
 2 SYSTEMPATH/CodeIgniter.php(500): CodeIgniter\CodeIgniter->createController()
 3 SYSTEMPATH/CodeIgniter.php(355): CodeIgniter\CodeIgniter->handleRequest(null, Object(Config\Cache), false)
 4 SYSTEMPATH/Boot.php(325): CodeIgniter\CodeIgniter->run()
 5 SYSTEMPATH/Boot.php(67): CodeIgniter\Boot::runCodeIgniter(Object(CodeIgniter\CodeIgniter))
 6 FCPATH/index.php(56): CodeIgniter\Boot::bootWeb(Object(Config\Paths))
INFO - 2025-09-04 06:33:05 --> Session: Class initialized using 'CodeIgniter\Session\Handlers\FileHandler' driver.
WARNING - 2025-09-04 06:33:05 --> [DEPRECATED] Creation of dynamic property App\Controllers\AuthController::$validation is deprecated in APPPATH/Controllers/BaseController.php on line 75.
 1 SYSTEMPATH/CodeIgniter.php(904): App\Controllers\BaseController->initController(Object(CodeIgniter\HTTP\IncomingRequest), Object(CodeIgniter\HTTP\Response), Object(CodeIgniter\Log\Logger))
 2 SYSTEMPATH/CodeIgniter.php(500): CodeIgniter\CodeIgniter->createController()
 3 SYSTEMPATH/CodeIgniter.php(355): CodeIgniter\CodeIgniter->handleRequest(null, Object(Config\Cache), false)
 4 SYSTEMPATH/Boot.php(325): CodeIgniter\CodeIgniter->run()
 5 SYSTEMPATH/Boot.php(67): CodeIgniter\Boot::runCodeIgniter(Object(CodeIgniter\CodeIgniter))
 6 FCPATH/index.php(56): CodeIgniter\Boot::bootWeb(Object(Config\Paths))
INFO - 2025-09-04 06:51:33 --> Session: Class initialized using 'CodeIgniter\Session\Handlers\FileHandler' driver.
WARNING - 2025-09-04 06:51:33 --> [DEPRECATED] Creation of dynamic property App\Controllers\AuthController::$validation is deprecated in APPPATH/Controllers/BaseController.php on line 75.
 1 SYSTEMPATH/CodeIgniter.php(904): App\Controllers\BaseController->initController(Object(CodeIgniter\HTTP\IncomingRequest), Object(CodeIgniter\HTTP\Response), Object(CodeIgniter\Log\Logger))
 2 SYSTEMPATH/CodeIgniter.php(500): CodeIgniter\CodeIgniter->createController()
 3 SYSTEMPATH/CodeIgniter.php(355): CodeIgniter\CodeIgniter->handleRequest(null, Object(Config\Cache), false)
 4 SYSTEMPATH/Boot.php(325): CodeIgniter\CodeIgniter->run()
 5 SYSTEMPATH/Boot.php(67): CodeIgniter\Boot::runCodeIgniter(Object(CodeIgniter\CodeIgniter))
 6 FCPATH/index.php(56): CodeIgniter\Boot::bootWeb(Object(Config\Paths))
INFO - 2025-09-04 07:11:29 --> Session: Class initialized using 'CodeIgniter\Session\Handlers\FileHandler' driver.
WARNING - 2025-09-04 07:11:29 --> [DEPRECATED] Creation of dynamic property App\Controllers\AuthController::$validation is deprecated in APPPATH/Controllers/BaseController.php on line 75.
 1 SYSTEMPATH/CodeIgniter.php(904): App\Controllers\BaseController->initController(Object(CodeIgniter\HTTP\IncomingRequest), Object(CodeIgniter\HTTP\Response), Object(CodeIgniter\Log\Logger))
 2 SYSTEMPATH/CodeIgniter.php(500): CodeIgniter\CodeIgniter->createController()
 3 SYSTEMPATH/CodeIgniter.php(355): CodeIgniter\CodeIgniter->handleRequest(null, Object(Config\Cache), false)
 4 SYSTEMPATH/Boot.php(325): CodeIgniter\CodeIgniter->run()
 5 SYSTEMPATH/Boot.php(67): CodeIgniter\Boot::runCodeIgniter(Object(CodeIgniter\CodeIgniter))
 6 FCPATH/index.php(56): CodeIgniter\Boot::bootWeb(Object(Config\Paths))
INFO - 2025-09-04 07:24:21 --> Session: Class initialized using 'CodeIgniter\Session\Handlers\FileHandler' driver.
WARNING - 2025-09-04 07:24:21 --> [DEPRECATED] Creation of dynamic property App\Controllers\AuthController::$validation is deprecated in APPPATH/Controllers/BaseController.php on line 75.
 1 SYSTEMPATH/CodeIgniter.php(904): App\Controllers\BaseController->initController(Object(CodeIgniter\HTTP\IncomingRequest), Object(CodeIgniter\HTTP\Response), Object(CodeIgniter\Log\Logger))
 2 SYSTEMPATH/CodeIgniter.php(500): CodeIgniter\CodeIgniter->createController()
 3 SYSTEMPATH/CodeIgniter.php(355): CodeIgniter\CodeIgniter->handleRequest(null, Object(Config\Cache), false)
 4 SYSTEMPATH/Boot.php(325): CodeIgniter\CodeIgniter->run()
 5 SYSTEMPATH/Boot.php(67): CodeIgniter\Boot::runCodeIgniter(Object(CodeIgniter\CodeIgniter))
 6 FCPATH/index.php(56): CodeIgniter\Boot::bootWeb(Object(Config\Paths))
CRITICAL - 2025-09-04 07:41:47 --> ErrorException: Undefined variable $message
[Method: GET, Route: geoserver/web/]
in APPPATH/Views/errors/html/error_404.php on line 172.
 1 APPPATH/Views/errors/html/error_404.php(172): CodeIgniter\Debug\Exceptions->errorHandler()
 2 SYSTEMPATH/View/View.php(234): include('/var/www/html/Prueba/app/Views/errors/html/error_404.php')
 3 SYSTEMPATH/View/View.php(237): CodeIgniter\View\View->CodeIgniter\View\{closure}()
 4 SYSTEMPATH/Common.php(1169): CodeIgniter\View\View->render()
 5 APPPATH/Config/Routes.php(74): view()
 6 SYSTEMPATH/CodeIgniter.php(955): CodeIgniter\Router\RouteCollection->{closure}()
 7 SYSTEMPATH/CodeIgniter.php(364): CodeIgniter\CodeIgniter->display404errors()
 8 SYSTEMPATH/Boot.php(325): CodeIgniter\CodeIgniter->run()
 9 SYSTEMPATH/Boot.php(67): CodeIgniter\Boot::runCodeIgniter()
10 FCPATH/index.php(56): CodeIgniter\Boot::bootWeb()
CRITICAL - 2025-09-04 07:46:05 --> ErrorException: Undefined variable $message
[Method: GET, Route: .git/config]
in APPPATH/Views/errors/html/error_404.php on line 172.
 1 APPPATH/Views/errors/html/error_404.php(172): CodeIgniter\Debug\Exceptions->errorHandler()
 2 SYSTEMPATH/View/View.php(234): include('/var/www/html/Prueba/app/Views/errors/html/error_404.php')
 3 SYSTEMPATH/View/View.php(237): CodeIgniter\View\View->CodeIgniter\View\{closure}()
 4 SYSTEMPATH/Common.php(1169): CodeIgniter\View\View->render()
 5 APPPATH/Config/Routes.php(74): view()
 6 SYSTEMPATH/CodeIgniter.php(955): CodeIgniter\Router\RouteCollection->{closure}()
 7 SYSTEMPATH/CodeIgniter.php(364): CodeIgniter\CodeIgniter->display404errors()
 8 SYSTEMPATH/Boot.php(325): CodeIgniter\CodeIgniter->run()
 9 SYSTEMPATH/Boot.php(67): CodeIgniter\Boot::runCodeIgniter()
10 FCPATH/index.php(56): CodeIgniter\Boot::bootWeb()
INFO - 2025-09-04 07:48:24 --> Session: Class initialized using 'CodeIgniter\Session\Handlers\FileHandler' driver.
WARNING - 2025-09-04 07:48:24 --> [DEPRECATED] Creation of dynamic property App\Controllers\AuthController::$validation is deprecated in APPPATH/Controllers/BaseController.php on line 75.
 1 SYSTEMPATH/CodeIgniter.php(904): App\Controllers\BaseController->initController(Object(CodeIgniter\HTTP\IncomingRequest), Object(CodeIgniter\HTTP\Response), Object(CodeIgniter\Log\Logger))
 2 SYSTEMPATH/CodeIgniter.php(500): CodeIgniter\CodeIgniter->createController()
 3 SYSTEMPATH/CodeIgniter.php(355): CodeIgniter\CodeIgniter->handleRequest(null, Object(Config\Cache), false)
 4 SYSTEMPATH/Boot.php(325): CodeIgniter\CodeIgniter->run()
 5 SYSTEMPATH/Boot.php(67): CodeIgniter\Boot::runCodeIgniter(Object(CodeIgniter\CodeIgniter))
 6 FCPATH/index.php(56): CodeIgniter\Boot::bootWeb(Object(Config\Paths))
INFO - 2025-09-04 07:48:31 --> Session: Class initialized using 'CodeIgniter\Session\Handlers\FileHandler' driver.
WARNING - 2025-09-04 07:48:31 --> [DEPRECATED] Creation of dynamic property App\Controllers\AuthController::$validation is deprecated in APPPATH/Controllers/BaseController.php on line 75.
 1 SYSTEMPATH/CodeIgniter.php(904): App\Controllers\BaseController->initController(Object(CodeIgniter\HTTP\IncomingRequest), Object(CodeIgniter\HTTP\Response), Object(CodeIgniter\Log\Logger))
 2 SYSTEMPATH/CodeIgniter.php(500): CodeIgniter\CodeIgniter->createController()
 3 SYSTEMPATH/CodeIgniter.php(355): CodeIgniter\CodeIgniter->handleRequest(null, Object(Config\Cache), false)
 4 SYSTEMPATH/Boot.php(325): CodeIgniter\CodeIgniter->run()
 5 SYSTEMPATH/Boot.php(67): CodeIgniter\Boot::runCodeIgniter(Object(CodeIgniter\CodeIgniter))
 6 FCPATH/index.php(56): CodeIgniter\Boot::bootWeb(Object(Config\Paths))
