CRITICAL - 2025-03-11 13:34:48 --> ParseError: syntax error, unexpected token ";"
[Method: GET, Route: consultar-rfid]
in APPPATH\Views\consultar-rfid.php on line 206.
 1 SYSTEMPATH\View\View.php(237): CodeIgniter\View\View->CodeIgniter\View\{closure}()
 2 SYSTEMPATH\Common.php(1169): CodeIgniter\View\View->render('consultar-rfid', [], true)
 3 APPPATH\Controllers\ViewsControllers.php(25): view('consultar-rfid', [...])
 4 SYSTEMPATH\CodeIgniter.php(933): App\Controllers\ViewsControllers->VistaConsultar()
 5 SYSTEMPATH\CodeIgniter.php(509): CodeIgniter\CodeIgniter->runController(Object(App\Controllers\ViewsControllers))
 6 SYSTEMPATH\CodeIgniter.php(355): CodeIgniter\CodeIgniter->handleRequest(null, Object(Config\Cache), false)
 7 SYSTEMPATH\Boot.php(325): CodeIgniter\CodeIgniter->run()
 8 SYSTEMPATH\Boot.php(67): CodeIgniter\Boot::runCodeIgniter(Object(CodeIgniter\CodeIgniter))
 9 FCPATH\index.php(56): CodeIgniter\Boot::bootWeb(Object(Config\Paths))
CRITICAL - 2025-03-11 13:34:58 --> ParseError: syntax error, unexpected token ";"
[Method: GET, Route: consultar-rfid]
in APPPATH\Views\consultar-rfid.php on line 206.
 1 SYSTEMPATH\View\View.php(237): CodeIgniter\View\View->CodeIgniter\View\{closure}()
 2 SYSTEMPATH\Common.php(1169): CodeIgniter\View\View->render('consultar-rfid', [], true)
 3 APPPATH\Controllers\ViewsControllers.php(25): view('consultar-rfid', [...])
 4 SYSTEMPATH\CodeIgniter.php(933): App\Controllers\ViewsControllers->VistaConsultar()
 5 SYSTEMPATH\CodeIgniter.php(509): CodeIgniter\CodeIgniter->runController(Object(App\Controllers\ViewsControllers))
 6 SYSTEMPATH\CodeIgniter.php(355): CodeIgniter\CodeIgniter->handleRequest(null, Object(Config\Cache), false)
 7 SYSTEMPATH\Boot.php(325): CodeIgniter\CodeIgniter->run()
 8 SYSTEMPATH\Boot.php(67): CodeIgniter\Boot::runCodeIgniter(Object(CodeIgniter\CodeIgniter))
 9 FCPATH\index.php(56): CodeIgniter\Boot::bootWeb(Object(Config\Paths))
CRITICAL - 2025-03-11 13:35:50 --> ParseError: syntax error, unexpected token ";"
[Method: GET, Route: consultar-rfid]
in APPPATH\Views\consultar-rfid.php on line 206.
 1 SYSTEMPATH\View\View.php(237): CodeIgniter\View\View->CodeIgniter\View\{closure}()
 2 SYSTEMPATH\Common.php(1169): CodeIgniter\View\View->render('consultar-rfid', [], true)
 3 APPPATH\Controllers\ViewsControllers.php(25): view('consultar-rfid', [...])
 4 SYSTEMPATH\CodeIgniter.php(933): App\Controllers\ViewsControllers->VistaConsultar()
 5 SYSTEMPATH\CodeIgniter.php(509): CodeIgniter\CodeIgniter->runController(Object(App\Controllers\ViewsControllers))
 6 SYSTEMPATH\CodeIgniter.php(355): CodeIgniter\CodeIgniter->handleRequest(null, Object(Config\Cache), false)
 7 SYSTEMPATH\Boot.php(325): CodeIgniter\CodeIgniter->run()
 8 SYSTEMPATH\Boot.php(67): CodeIgniter\Boot::runCodeIgniter(Object(CodeIgniter\CodeIgniter))
 9 FCPATH\index.php(56): CodeIgniter\Boot::bootWeb(Object(Config\Paths))
CRITICAL - 2025-03-11 13:39:08 --> ParseError: syntax error, unexpected token ";"
[Method: GET, Route: consultar-rfid]
in APPPATH\Views\consultar-rfid.php on line 206.
 1 SYSTEMPATH\View\View.php(237): CodeIgniter\View\View->CodeIgniter\View\{closure}()
 2 SYSTEMPATH\Common.php(1169): CodeIgniter\View\View->render('consultar-rfid', [], true)
 3 APPPATH\Controllers\ViewsControllers.php(25): view('consultar-rfid', [...])
 4 SYSTEMPATH\CodeIgniter.php(933): App\Controllers\ViewsControllers->VistaConsultar()
 5 SYSTEMPATH\CodeIgniter.php(509): CodeIgniter\CodeIgniter->runController(Object(App\Controllers\ViewsControllers))
 6 SYSTEMPATH\CodeIgniter.php(355): CodeIgniter\CodeIgniter->handleRequest(null, Object(Config\Cache), false)
 7 SYSTEMPATH\Boot.php(325): CodeIgniter\CodeIgniter->run()
 8 SYSTEMPATH\Boot.php(67): CodeIgniter\Boot::runCodeIgniter(Object(CodeIgniter\CodeIgniter))
 9 FCPATH\index.php(56): CodeIgniter\Boot::bootWeb(Object(Config\Paths))
CRITICAL - 2025-03-11 13:39:10 --> ParseError: syntax error, unexpected token ";"
[Method: GET, Route: consultar-rfid]
in APPPATH\Views\consultar-rfid.php on line 206.
 1 SYSTEMPATH\View\View.php(237): CodeIgniter\View\View->CodeIgniter\View\{closure}()
 2 SYSTEMPATH\Common.php(1169): CodeIgniter\View\View->render('consultar-rfid', [], true)
 3 APPPATH\Controllers\ViewsControllers.php(25): view('consultar-rfid', [...])
 4 SYSTEMPATH\CodeIgniter.php(933): App\Controllers\ViewsControllers->VistaConsultar()
 5 SYSTEMPATH\CodeIgniter.php(509): CodeIgniter\CodeIgniter->runController(Object(App\Controllers\ViewsControllers))
 6 SYSTEMPATH\CodeIgniter.php(355): CodeIgniter\CodeIgniter->handleRequest(null, Object(Config\Cache), false)
 7 SYSTEMPATH\Boot.php(325): CodeIgniter\CodeIgniter->run()
 8 SYSTEMPATH\Boot.php(67): CodeIgniter\Boot::runCodeIgniter(Object(CodeIgniter\CodeIgniter))
 9 FCPATH\index.php(56): CodeIgniter\Boot::bootWeb(Object(Config\Paths))
CRITICAL - 2025-03-11 13:39:14 --> ParseError: syntax error, unexpected token ";"
[Method: GET, Route: consultar-rfid]
in APPPATH\Views\consultar-rfid.php on line 206.
 1 SYSTEMPATH\View\View.php(237): CodeIgniter\View\View->CodeIgniter\View\{closure}()
 2 SYSTEMPATH\Common.php(1169): CodeIgniter\View\View->render('consultar-rfid', [], true)
 3 APPPATH\Controllers\ViewsControllers.php(25): view('consultar-rfid', [...])
 4 SYSTEMPATH\CodeIgniter.php(933): App\Controllers\ViewsControllers->VistaConsultar()
 5 SYSTEMPATH\CodeIgniter.php(509): CodeIgniter\CodeIgniter->runController(Object(App\Controllers\ViewsControllers))
 6 SYSTEMPATH\CodeIgniter.php(355): CodeIgniter\CodeIgniter->handleRequest(null, Object(Config\Cache), false)
 7 SYSTEMPATH\Boot.php(325): CodeIgniter\CodeIgniter->run()
 8 SYSTEMPATH\Boot.php(67): CodeIgniter\Boot::runCodeIgniter(Object(CodeIgniter\CodeIgniter))
 9 FCPATH\index.php(56): CodeIgniter\Boot::bootWeb(Object(Config\Paths))
CRITICAL - 2025-03-11 13:39:15 --> ParseError: syntax error, unexpected token ";"
[Method: GET, Route: consultar-rfid]
in APPPATH\Views\consultar-rfid.php on line 206.
 1 SYSTEMPATH\View\View.php(237): CodeIgniter\View\View->CodeIgniter\View\{closure}()
 2 SYSTEMPATH\Common.php(1169): CodeIgniter\View\View->render('consultar-rfid', [], true)
 3 APPPATH\Controllers\ViewsControllers.php(25): view('consultar-rfid', [...])
 4 SYSTEMPATH\CodeIgniter.php(933): App\Controllers\ViewsControllers->VistaConsultar()
 5 SYSTEMPATH\CodeIgniter.php(509): CodeIgniter\CodeIgniter->runController(Object(App\Controllers\ViewsControllers))
 6 SYSTEMPATH\CodeIgniter.php(355): CodeIgniter\CodeIgniter->handleRequest(null, Object(Config\Cache), false)
 7 SYSTEMPATH\Boot.php(325): CodeIgniter\CodeIgniter->run()
 8 SYSTEMPATH\Boot.php(67): CodeIgniter\Boot::runCodeIgniter(Object(CodeIgniter\CodeIgniter))
 9 FCPATH\index.php(56): CodeIgniter\Boot::bootWeb(Object(Config\Paths))
